---------------------------------------------------------------
[ 2019-05-23T23:59:13+08:00 ] 166.88.151.218 GET www.changcaizixun.com/?m=vod-detail-id-33180.html
[运行时间：0.100700s] [吞吐率：9.93req/s] [内存消耗：4,619.10kb] [文件加载：101]
[ info ] [ BEHAVIOR ] Run Closure @app_init [ RunTime:0.000021s ]
[ info ] [ CACHE ] INIT File
[ info ] [ BEHAVIOR ] Run Closure @app_init [ RunTime:0.001876s ]
[ info ] [ LANG ] /www/wwwroot/default/tpadmin/thinkphp/lang/zh-cn.php
[ info ] [ ROUTE ] array (
  'type' => 'method',
  'method' => 
  array (
    0 => '\\think\\addons\\Route',
    1 => 'execute',
  ),
  'var' => 
  array (
    'addon' => 'cms',
    'controller' => 'index',
    'action' => 'index',
  ),
)
[ info ] [ HEADER ] array (
  'host' => 'www.changcaizixun.com',
  'user-agent' => 'Mozilla/4.0 (compatible; MSIE 9.0; Windows NT 6.1)',
  'referer' => 'http://www.baidu.com',
  'accept-language' => 'zh-CN,zh',
  'accept-encoding' => 'gzip, deflate',
  'accept' => 'text/html,application/xhtml+xml,application/xml;q=0.9,*/*;q=0.8',
  'content-type' => 'application/x-www-form-urlencoded; Charset=UTF-8',
  'connection' => 'Keep-Alive',
  'content-length' => '',
)
[ info ] [ PARAM ] array (
  'm' => 'vod-detail-id-33180.html',
)
[ info ] [ RUN ] think\addons\Route->execute[ /www/wwwroot/default/tpadmin/vendor/karsonzhang/fastadmin-addons/src/addons/Route.php ]
[ info ] [ LANG ] /www/wwwroot/default/tpadmin/public/../application/common/lang/zh-cn/addon.php
[ info ] [ BEHAVIOR ] Run app\common\behavior\Common @addon_begin [ RunTime:0.001383s ]
[ info ] [ LANG ] /www/wwwroot/default/tpadmin/addons/cms/lang/zh-cn.php
[ info ] [ SESSION ] INIT array (
  'id' => '',
  'var_session_id' => '',
  'prefix' => 'think',
  'type' => '',
  'auto_start' => true,
)
[ info ] [ BEHAVIOR ] Run \addons\qiniu\Qiniu @upload_config_init [ RunTime:0.000938s ]
[ info ] [ DB ] INIT mysql
[ info ] [ VIEW ] /www/wwwroot/default/tpadmin/addons/cms/view/default/common/formfield.html [ array (
  0 => 'config',
  1 => 'user',
  2 => 'site',
  3 => '__CHANNEL__',
  4 => 'fields',
) ]
[ info ] [ VIEW ] /www/wwwroot/default/tpadmin/addons/cms/view/default/index.html [ array (
  0 => 'config',
  1 => 'user',
  2 => 'site',
  3 => '__CHANNEL__',
  4 => 'firstsheng',
  5 => 'yantaohuis',
  6 => 'zifen',
  7 => 'jsconfig',
  8 => 'diyform',
  9 => 'chanpin',
  10 => 'zhuanjia',
) ]
[ info ] [ LANG ] /www/wwwroot/default/tpadmin/addons/cms/lang/zh-cn.php
[ info ] [ BEHAVIOR ] Run \addons\qiniu\Qiniu @upload_config_init [ RunTime:0.000113s ]
[ info ] [ LOG ] INIT File
[ sql ] [ DB ] CONNECT:[ UseTime:0.000450s ] mysql:host=127.0.0.1;dbname=fastadmin;charset=utf8
[ sql ] [ SQL ] SHOW COLUMNS FROM `fa_cms_channel` [ RunTime:0.001267s ]
[ sql ] [ SQL ] SELECT `id` FROM `fa_cms_channel` WHERE  `parent_id` IN ( SELECT `id` FROM `fa_cms_channel` WHERE  `diyname` = 'chanpinyufuw' ) [ RunTime:0.000462s ]
[ sql ] [ SQL ] SHOW COLUMNS FROM `fa_cms_archives` [ RunTime:0.001406s ]
[ sql ] [ SQL ] SELECT * FROM `fa_cms_archives` WHERE  `status` = 'normal'  AND ( `deletetime` IS NULL )  AND `channel_id` IN (99,100,101,102) ORDER BY `weigh` ASC LIMIT 12 [ RunTime:0.000732s ]
[ sql ] [ SQL ] SELECT `id`,`name`,`image`,`diyname`,`items` FROM `fa_cms_channel` WHERE  `id` IN (99,100,101) [ RunTime:0.000382s ]
[ sql ] [ SQL ] SELECT * FROM `fa_cms_archives` WHERE  `status` = 'normal'  AND ( `deletetime` IS NULL )  AND `channel_id` IN (63) ORDER BY `weigh` ASC LIMIT 12 [ RunTime:0.000807s ]
[ sql ] [ SQL ] SELECT `id`,`name`,`image`,`diyname`,`items` FROM `fa_cms_channel` WHERE  `id` IN (63) [ RunTime:0.000317s ]
[ sql ] [ SQL ] SHOW COLUMNS FROM `fa_cms_fields` [ RunTime:0.001315s ]
[ sql ] [ SQL ] SELECT * FROM `fa_cms_fields` WHERE  `diyform_id` = 1  AND `iscontribute` = 1  AND `status` = 'normal' ORDER BY `weigh` DESC,`id` DESC [ RunTime:0.000537s ]
[ sql ] [ SQL ] SHOW COLUMNS FROM `fa_location` [ RunTime:0.001022s ]
[ sql ] [ SQL ] SELECT * FROM `fa_location` WHERE  (  level=1 )  AND `id` = 110000 LIMIT 1 [ RunTime:0.000357s ]
[ sql ] [ SQL ] SHOW COLUMNS FROM `fa_cms_kecheng` [ RunTime:0.001136s ]
[ sql ] [ SQL ] SELECT `kecheng`.`id`,`kecheng`.`chanpin_id`,`kecheng`.`experts_id`,`kecheng`.`begintime`,`kecheng`.`endtime`,`kecheng`.`createtime`,`kecheng`.`updatetime`,`kecheng`.`deletetime`,`kecheng`.`status`,`kecheng`.`experts`,`kecheng`.`channel_id`,`kecheng`.`qitafile`,`kecheng`.`area`,chanpin.id AS chanpin__id,chanpin.user_id AS chanpin__user_id,chanpin.channel_id AS chanpin__channel_id,chanpin.model_id AS chanpin__model_id,chanpin.title AS chanpin__title,chanpin.flag AS chanpin__flag,chanpin.image AS chanpin__image,chanpin.keywords AS chanpin__keywords,chanpin.description AS chanpin__description,chanpin.tags AS chanpin__tags,chanpin.weigh AS chanpin__weigh,chanpin.views AS chanpin__views,chanpin.comments AS chanpin__comments,chanpin.likes AS chanpin__likes,chanpin.dislikes AS chanpin__dislikes,chanpin.diyname AS chanpin__diyname,chanpin.createtime AS chanpin__createtime,chanpin.updatetime AS chanpin__updatetime,chanpin.publishtime AS chanpin__publishtime,chanpin.deletetime AS chanpin__deletetime,chanpin.memo AS chanpin__memo,chanpin.status AS chanpin__status,channel.id AS channel__id,channel.type AS channel__type,channel.model_id AS channel__model_id,channel.parent_id AS channel__parent_id,channel.name AS channel__name,channel.image AS channel__image,channel.flag AS channel__flag,channel.keywords AS channel__keywords,channel.description AS channel__description,channel.diyname AS channel__diyname,channel.outlink AS channel__outlink,channel.items AS channel__items,channel.weigh AS channel__weigh,channel.channeltpl AS channel__channeltpl,channel.listtpl AS channel__listtpl,channel.showtpl AS channel__showtpl,channel.pagesize AS channel__pagesize,channel.iscontribute AS channel__iscontribute,channel.createtime AS channel__createtime,channel.updatetime AS channel__updatetime,channel.status AS channel__status FROM `fa_cms_kecheng` `kecheng` LEFT JOIN `fa_cms_archives` `chanpin` ON `kecheng`.`chanpin_id`=`chanpin`.`id` LEFT JOIN `fa_cms_channel` `channel` ON `kecheng`.`channel_id`=`channel`.`id` WHERE  `channel`.`diyname` = 'yantaohuixinxi'  AND `endtime` >= '2019-05-23' ORDER BY `begintime` ASC LIMIT 8 [ RunTime:0.000747s ]
[ sql ] [ SQL ] SELECT `id`,`name`,`image`,`diyname`,`items` FROM `fa_cms_channel` WHERE  `id` IN (3) [ RunTime:0.000632s ]
[ sql ] [ SQL ] SHOW COLUMNS FROM `fa_experts_kecheng` [ RunTime:0.001268s ]
[ sql ] [ SQL ] SELECT `fa_cms_archives`.*,pivot.experts_id AS pivot__experts_id,pivot.kecheng_id AS pivot__kecheng_id FROM `fa_cms_archives` INNER JOIN `fa_experts_kecheng` `pivot` ON `pivot`.`experts_id`=`fa_cms_archives`.`id` WHERE (  `pivot`.`kecheng_id` IN (21,22,23,24,25,26,27,28,29,30,33,34,35,36,38,39,40,41,42,43,44,45,46,48,49,50,51,53,54,55) ) AND `fa_cms_archives`.`deletetime` IS NULL [ RunTime:0.000804s ]
[ sql ] [ SQL ] SELECT `kecheng`.`id`,`kecheng`.`chanpin_id`,`kecheng`.`experts_id`,`kecheng`.`begintime`,`kecheng`.`endtime`,`kecheng`.`createtime`,`kecheng`.`updatetime`,`kecheng`.`deletetime`,`kecheng`.`status`,`kecheng`.`experts`,`kecheng`.`channel_id`,`kecheng`.`qitafile`,`kecheng`.`area`,channel.id AS channel__id,channel.type AS channel__type,channel.model_id AS channel__model_id,channel.parent_id AS channel__parent_id,channel.name AS channel__name,channel.image AS channel__image,channel.flag AS channel__flag,channel.keywords AS channel__keywords,channel.description AS channel__description,channel.diyname AS channel__diyname,channel.outlink AS channel__outlink,channel.items AS channel__items,channel.weigh AS channel__weigh,channel.channeltpl AS channel__channeltpl,channel.listtpl AS channel__listtpl,channel.showtpl AS channel__showtpl,channel.pagesize AS channel__pagesize,channel.iscontribute AS channel__iscontribute,channel.createtime AS channel__createtime,channel.updatetime AS channel__updatetime,channel.status AS channel__status,chanpin.id AS chanpin__id,chanpin.user_id AS chanpin__user_id,chanpin.channel_id AS chanpin__channel_id,chanpin.model_id AS chanpin__model_id,chanpin.title AS chanpin__title,chanpin.flag AS chanpin__flag,chanpin.image AS chanpin__image,chanpin.keywords AS chanpin__keywords,chanpin.description AS chanpin__description,chanpin.tags AS chanpin__tags,chanpin.weigh AS chanpin__weigh,chanpin.views AS chanpin__views,chanpin.comments AS chanpin__comments,chanpin.likes AS chanpin__likes,chanpin.dislikes AS chanpin__dislikes,chanpin.diyname AS chanpin__diyname,chanpin.createtime AS chanpin__createtime,chanpin.updatetime AS chanpin__updatetime,chanpin.publishtime AS chanpin__publishtime,chanpin.deletetime AS chanpin__deletetime,chanpin.memo AS chanpin__memo,chanpin.status AS chanpin__status FROM `fa_cms_kecheng` `kecheng` LEFT JOIN `fa_cms_channel` `channel` ON `kecheng`.`channel_id`=`channel`.`id` LEFT JOIN `fa_cms_archives` `chanpin` ON `kecheng`.`chanpin_id`=`chanpin`.`id` WHERE  `channel`.`diyname` = 'chanpinyufuw'  AND `begintime` >= '2019-05-23'  AND `endtime` <= '2019-07-23' ORDER BY `begintime` ASC [ RunTime:0.001078s ]
[ sql ] [ SQL ] SELECT `id`,`name`,`image`,`diyname`,`items` FROM `fa_cms_channel` WHERE  `id` IN (92) [ RunTime:0.000615s ]
[ sql ] [ SQL ] SELECT `id`,`name`,`image`,`diyname`,`items` FROM `fa_cms_channel` WHERE  `id` IN (93) [ RunTime:0.000379s ]
[ sql ] [ SQL ] SELECT `fa_cms_archives`.*,pivot.experts_id AS pivot__experts_id,pivot.kecheng_id AS pivot__kecheng_id FROM `fa_cms_archives` INNER JOIN `fa_experts_kecheng` `pivot` ON `pivot`.`experts_id`=`fa_cms_archives`.`id` WHERE (  `pivot`.`kecheng_id` IN (21,22,23,24,25,26,27,28,29,30,33,34,35,36,38,39,40,41,42,43,44,45,46,48,49,50,51,53,54,55) ) AND `fa_cms_archives`.`deletetime` IS NULL [ RunTime:0.000802s ]
[ sql ] [ SQL ] SELECT `kecheng`.`id`,`kecheng`.`chanpin_id`,`kecheng`.`experts_id`,`kecheng`.`begintime`,`kecheng`.`endtime`,`kecheng`.`createtime`,`kecheng`.`updatetime`,`kecheng`.`deletetime`,`kecheng`.`status`,`kecheng`.`experts`,`kecheng`.`channel_id`,`kecheng`.`qitafile`,`kecheng`.`area`,channel.id AS channel__id,channel.type AS channel__type,channel.model_id AS channel__model_id,channel.parent_id AS channel__parent_id,channel.name AS channel__name,channel.image AS channel__image,channel.flag AS channel__flag,channel.keywords AS channel__keywords,channel.description AS channel__description,channel.diyname AS channel__diyname,channel.outlink AS channel__outlink,channel.items AS channel__items,channel.weigh AS channel__weigh,channel.channeltpl AS channel__channeltpl,channel.listtpl AS channel__listtpl,channel.showtpl AS channel__showtpl,channel.pagesize AS channel__pagesize,channel.iscontribute AS channel__iscontribute,channel.createtime AS channel__createtime,channel.updatetime AS channel__updatetime,channel.status AS channel__status,chanpin.id AS chanpin__id,chanpin.user_id AS chanpin__user_id,chanpin.channel_id AS chanpin__channel_id,chanpin.model_id AS chanpin__model_id,chanpin.title AS chanpin__title,chanpin.flag AS chanpin__flag,chanpin.image AS chanpin__image,chanpin.keywords AS chanpin__keywords,chanpin.description AS chanpin__description,chanpin.tags AS chanpin__tags,chanpin.weigh AS chanpin__weigh,chanpin.views AS chanpin__views,chanpin.comments AS chanpin__comments,chanpin.likes AS chanpin__likes,chanpin.dislikes AS chanpin__dislikes,chanpin.diyname AS chanpin__diyname,chanpin.createtime AS chanpin__createtime,chanpin.updatetime AS chanpin__updatetime,chanpin.publishtime AS chanpin__publishtime,chanpin.deletetime AS chanpin__deletetime,chanpin.memo AS chanpin__memo,chanpin.status AS chanpin__status FROM `fa_cms_kecheng` `kecheng` LEFT JOIN `fa_cms_channel` `channel` ON `kecheng`.`channel_id`=`channel`.`id` LEFT JOIN `fa_cms_archives` `chanpin` ON `kecheng`.`chanpin_id`=`chanpin`.`id` WHERE  `channel`.`diyname` = 'chanpinyufuw'  AND `begintime` >= '2019-05-23'  AND `endtime` <= '2019-07-23' ORDER BY `begintime` ASC [ RunTime:0.001110s ]
[ error ] [8]未定义变量: config[/www/wwwroot/default/tpadmin/addons/cms/controller/Index.php:65]
[ error ] [8]Use of undefined constant shortName - assumed 'shortName'[/www/wwwroot/default/tpadmin/runtime/temp/2292a031af2331c37dbcc37be565b46a.php:453]
[ error ] [8]未定义数组索引: zi[/www/wwwroot/default/tpadmin/addons/cms/controller/Api.php:322]
[ error ] [8]未定义数组索引: zid[/www/wwwroot/default/tpadmin/addons/cms/controller/Api.php:323]
[ error ] [8]未定义数组索引: zi[/www/wwwroot/default/tpadmin/addons/cms/controller/Api.php:322]
[ error ] [8]未定义数组索引: zid[/www/wwwroot/default/tpadmin/addons/cms/controller/Api.php:323]
[ error ] [8]未定义数组索引: zi[/www/wwwroot/default/tpadmin/addons/cms/controller/Api.php:322]
[ error ] [8]未定义数组索引: zid[/www/wwwroot/default/tpadmin/addons/cms/controller/Api.php:323]
[ error ] [8]未定义数组索引: zi[/www/wwwroot/default/tpadmin/addons/cms/controller/Api.php:322]
[ error ] [8]未定义数组索引: zid[/www/wwwroot/default/tpadmin/addons/cms/controller/Api.php:323]
[ error ] [8]未定义数组索引: zi[/www/wwwroot/default/tpadmin/addons/cms/controller/Api.php:322]
[ error ] [8]未定义数组索引: zid[/www/wwwroot/default/tpadmin/addons/cms/controller/Api.php:323]
[ error ] [8]未定义数组索引: zi[/www/wwwroot/default/tpadmin/addons/cms/controller/Api.php:322]
[ error ] [8]未定义数组索引: zid[/www/wwwroot/default/tpadmin/addons/cms/controller/Api.php:323]
[ error ] [8]未定义数组索引: zi[/www/wwwroot/default/tpadmin/addons/cms/controller/Api.php:322]
[ error ] [8]未定义数组索引: zid[/www/wwwroot/default/tpadmin/addons/cms/controller/Api.php:323]
[ error ] [8]未定义数组索引: zi[/www/wwwroot/default/tpadmin/addons/cms/controller/Api.php:322]
[ error ] [8]未定义数组索引: zid[/www/wwwroot/default/tpadmin/addons/cms/controller/Api.php:323]
[ error ] [8]未定义数组索引: zi[/www/wwwroot/default/tpadmin/addons/cms/controller/Api.php:322]
[ error ] [8]未定义数组索引: zid[/www/wwwroot/default/tpadmin/addons/cms/controller/Api.php:323]
[ error ] [8]未定义数组索引: zi[/www/wwwroot/default/tpadmin/addons/cms/controller/Api.php:322]
[ error ] [8]未定义数组索引: zid[/www/wwwroot/default/tpadmin/addons/cms/controller/Api.php:323]
[ error ] [8]未定义数组索引: zi[/www/wwwroot/default/tpadmin/addons/cms/controller/Api.php:322]
[ error ] [8]未定义数组索引: zid[/www/wwwroot/default/tpadmin/addons/cms/controller/Api.php:323]
[ error ] [8]未定义数组索引: zi[/www/wwwroot/default/tpadmin/addons/cms/controller/Api.php:322]
[ error ] [8]未定义数组索引: zid[/www/wwwroot/default/tpadmin/addons/cms/controller/Api.php:323]
[ error ] [8]未定义数组索引: zi[/www/wwwroot/default/tpadmin/addons/cms/controller/Api.php:322]
[ error ] [8]未定义数组索引: zid[/www/wwwroot/default/tpadmin/addons/cms/controller/Api.php:323]
[ error ] [8]未定义数组索引: zi[/www/wwwroot/default/tpadmin/addons/cms/controller/Api.php:322]
[ error ] [8]未定义数组索引: zid[/www/wwwroot/default/tpadmin/addons/cms/controller/Api.php:323]
[ error ] [8]未定义数组索引: zi[/www/wwwroot/default/tpadmin/addons/cms/controller/Api.php:322]
[ error ] [8]未定义数组索引: zid[/www/wwwroot/default/tpadmin/addons/cms/controller/Api.php:323]
[ error ] [8]未定义数组索引: zi[/www/wwwroot/default/tpadmin/addons/cms/controller/Api.php:322]
[ error ] [8]未定义数组索引: zid[/www/wwwroot/default/tpadmin/addons/cms/controller/Api.php:323]
[ error ] [8]未定义数组索引: zi[/www/wwwroot/default/tpadmin/addons/cms/controller/Api.php:322]
[ error ] [8]未定义数组索引: zid[/www/wwwroot/default/tpadmin/addons/cms/controller/Api.php:323]
[ error ] [8]未定义数组索引: zi[/www/wwwroot/default/tpadmin/addons/cms/controller/Api.php:322]
[ error ] [8]未定义数组索引: zid[/www/wwwroot/default/tpadmin/addons/cms/controller/Api.php:323]
[ error ] [8]未定义数组索引: zi[/www/wwwroot/default/tpadmin/addons/cms/controller/Api.php:322]
[ error ] [8]未定义数组索引: zid[/www/wwwroot/default/tpadmin/addons/cms/controller/Api.php:323]
[ error ] [8]未定义数组索引: zi[/www/wwwroot/default/tpadmin/addons/cms/controller/Api.php:322]
[ error ] [8]未定义数组索引: zid[/www/wwwroot/default/tpadmin/addons/cms/controller/Api.php:323]
[ error ] [8]未定义数组索引: zi[/www/wwwroot/default/tpadmin/addons/cms/controller/Api.php:322]
[ error ] [8]未定义数组索引: zid[/www/wwwroot/default/tpadmin/addons/cms/controller/Api.php:323]
[ error ] [8]未定义数组索引: zi[/www/wwwroot/default/tpadmin/addons/cms/controller/Api.php:322]
[ error ] [8]未定义数组索引: zid[/www/wwwroot/default/tpadmin/addons/cms/controller/Api.php:323]
[ error ] [8]未定义数组索引: zi[/www/wwwroot/default/tpadmin/addons/cms/controller/Api.php:322]
[ error ] [8]未定义数组索引: zid[/www/wwwroot/default/tpadmin/addons/cms/controller/Api.php:323]
[ error ] [8]未定义数组索引: zi[/www/wwwroot/default/tpadmin/addons/cms/controller/Api.php:322]
[ error ] [8]未定义数组索引: zid[/www/wwwroot/default/tpadmin/addons/cms/controller/Api.php:323]
[ error ] [8]未定义数组索引: zi[/www/wwwroot/default/tpadmin/addons/cms/controller/Api.php:322]
[ error ] [8]未定义数组索引: zid[/www/wwwroot/default/tpadmin/addons/cms/controller/Api.php:323]
[ error ] [8]未定义数组索引: value[/www/wwwroot/default/tpadmin/addons/cms/controller/Api.php:346]
[ error ] [8]未定义数组索引: zi[/www/wwwroot/default/tpadmin/addons/cms/controller/Api.php:347]
[ error ] [8]未定义数组索引: eachart[/www/wwwroot/default/tpadmin/runtime/temp/2292a031af2331c37dbcc37be565b46a.php:552]
[ error ] [8]Use of undefined constant qrcode - assumed 'qrcode'[/www/wwwroot/default/tpadmin/runtime/temp/2292a031af2331c37dbcc37be565b46a.php:776]
---------------------------------------------------------------
[ 2019-05-23T23:59:23+08:00 ] 107.164.131.194 GET www.changcaizixun.com/?m=vod-play-id-34622-src-1-num-1.html
[运行时间：0.082928s] [吞吐率：12.06req/s] [内存消耗：4,619.17kb] [文件加载：101]
[ info ] [ BEHAVIOR ] Run Closure @app_init [ RunTime:0.000028s ]
[ info ] [ CACHE ] INIT File
[ info ] [ BEHAVIOR ] Run Closure @app_init [ RunTime:0.001866s ]
[ info ] [ LANG ] /www/wwwroot/default/tpadmin/thinkphp/lang/zh-cn.php
[ info ] [ ROUTE ] array (
  'type' => 'method',
  'method' => 
  array (
    0 => '\\think\\addons\\Route',
    1 => 'execute',
  ),
  'var' => 
  array (
    'addon' => 'cms',
    'controller' => 'index',
    'action' => 'index',
  ),
)
[ info ] [ HEADER ] array (
  'host' => 'www.changcaizixun.com',
  'user-agent' => 'Mozilla/4.0 (compatible; MSIE 9.0; Windows NT 6.1)',
  'referer' => 'http://www.baidu.com',
  'accept-language' => 'zh-CN,zh',
  'accept-encoding' => 'gzip, deflate',
  'accept' => 'text/html,application/xhtml+xml,application/xml;q=0.9,*/*;q=0.8',
  'content-type' => 'application/x-www-form-urlencoded; Charset=UTF-8',
  'connection' => 'Keep-Alive',
  'content-length' => '',
)
[ info ] [ PARAM ] array (
  'm' => 'vod-play-id-34622-src-1-num-1.html',
)
[ info ] [ RUN ] think\addons\Route->execute[ /www/wwwroot/default/tpadmin/vendor/karsonzhang/fastadmin-addons/src/addons/Route.php ]
[ info ] [ LANG ] /www/wwwroot/default/tpadmin/public/../application/common/lang/zh-cn/addon.php
[ info ] [ BEHAVIOR ] Run app\common\behavior\Common @addon_begin [ RunTime:0.001533s ]
[ info ] [ LANG ] /www/wwwroot/default/tpadmin/addons/cms/lang/zh-cn.php
[ info ] [ SESSION ] INIT array (
  'id' => '',
  'var_session_id' => '',
  'prefix' => 'think',
  'type' => '',
  'auto_start' => true,
)
[ info ] [ BEHAVIOR ] Run \addons\qiniu\Qiniu @upload_config_init [ RunTime:0.001097s ]
[ info ] [ DB ] INIT mysql
[ info ] [ VIEW ] /www/wwwroot/default/tpadmin/addons/cms/view/default/common/formfield.html [ array (
  0 => 'config',
  1 => 'user',
  2 => 'site',
  3 => '__CHANNEL__',
  4 => 'fields',
) ]
[ info ] [ VIEW ] /www/wwwroot/default/tpadmin/addons/cms/view/default/index.html [ array (
  0 => 'config',
  1 => 'user',
  2 => 'site',
  3 => '__CHANNEL__',
  4 => 'firstsheng',
  5 => 'yantaohuis',
  6 => 'zifen',
  7 => 'jsconfig',
  8 => 'diyform',
  9 => 'chanpin',
  10 => 'zhuanjia',
) ]
[ info ] [ LANG ] /www/wwwroot/default/tpadmin/addons/cms/lang/zh-cn.php
[ info ] [ BEHAVIOR ] Run \addons\qiniu\Qiniu @upload_config_init [ RunTime:0.000108s ]
[ info ] [ LOG ] INIT File
[ sql ] [ DB ] CONNECT:[ UseTime:0.000443s ] mysql:host=127.0.0.1;dbname=fastadmin;charset=utf8
[ sql ] [ SQL ] SHOW COLUMNS FROM `fa_cms_channel` [ RunTime:0.001083s ]
[ sql ] [ SQL ] SELECT `id` FROM `fa_cms_channel` WHERE  `parent_id` IN ( SELECT `id` FROM `fa_cms_channel` WHERE  `diyname` = 'chanpinyufuw' ) [ RunTime:0.000357s ]
[ sql ] [ SQL ] SHOW COLUMNS FROM `fa_cms_archives` [ RunTime:0.001042s ]
[ sql ] [ SQL ] SELECT * FROM `fa_cms_archives` WHERE  `status` = 'normal'  AND ( `deletetime` IS NULL )  AND `channel_id` IN (99,100,101,102) ORDER BY `weigh` ASC LIMIT 12 [ RunTime:0.000583s ]
[ sql ] [ SQL ] SELECT `id`,`name`,`image`,`diyname`,`items` FROM `fa_cms_channel` WHERE  `id` IN (99,100,101) [ RunTime:0.000262s ]
[ sql ] [ SQL ] SELECT * FROM `fa_cms_archives` WHERE  `status` = 'normal'  AND ( `deletetime` IS NULL )  AND `channel_id` IN (63) ORDER BY `weigh` ASC LIMIT 12 [ RunTime:0.000651s ]
[ sql ] [ SQL ] SELECT `id`,`name`,`image`,`diyname`,`items` FROM `fa_cms_channel` WHERE  `id` IN (63) [ RunTime:0.000240s ]
[ sql ] [ SQL ] SHOW COLUMNS FROM `fa_cms_fields` [ RunTime:0.001046s ]
[ sql ] [ SQL ] SELECT * FROM `fa_cms_fields` WHERE  `diyform_id` = 1  AND `iscontribute` = 1  AND `status` = 'normal' ORDER BY `weigh` DESC,`id` DESC [ RunTime:0.000462s ]
[ sql ] [ SQL ] SHOW COLUMNS FROM `fa_location` [ RunTime:0.000854s ]
[ sql ] [ SQL ] SELECT * FROM `fa_location` WHERE  (  level=1 )  AND `id` = 110000 LIMIT 1 [ RunTime:0.000283s ]
[ sql ] [ SQL ] SHOW COLUMNS FROM `fa_cms_kecheng` [ RunTime:0.000915s ]
[ sql ] [ SQL ] SELECT `kecheng`.`id`,`kecheng`.`chanpin_id`,`kecheng`.`experts_id`,`kecheng`.`begintime`,`kecheng`.`endtime`,`kecheng`.`createtime`,`kecheng`.`updatetime`,`kecheng`.`deletetime`,`kecheng`.`status`,`kecheng`.`experts`,`kecheng`.`channel_id`,`kecheng`.`qitafile`,`kecheng`.`area`,chanpin.id AS chanpin__id,chanpin.user_id AS chanpin__user_id,chanpin.channel_id AS chanpin__channel_id,chanpin.model_id AS chanpin__model_id,chanpin.title AS chanpin__title,chanpin.flag AS chanpin__flag,chanpin.image AS chanpin__image,chanpin.keywords AS chanpin__keywords,chanpin.description AS chanpin__description,chanpin.tags AS chanpin__tags,chanpin.weigh AS chanpin__weigh,chanpin.views AS chanpin__views,chanpin.comments AS chanpin__comments,chanpin.likes AS chanpin__likes,chanpin.dislikes AS chanpin__dislikes,chanpin.diyname AS chanpin__diyname,chanpin.createtime AS chanpin__createtime,chanpin.updatetime AS chanpin__updatetime,chanpin.publishtime AS chanpin__publishtime,chanpin.deletetime AS chanpin__deletetime,chanpin.memo AS chanpin__memo,chanpin.status AS chanpin__status,channel.id AS channel__id,channel.type AS channel__type,channel.model_id AS channel__model_id,channel.parent_id AS channel__parent_id,channel.name AS channel__name,channel.image AS channel__image,channel.flag AS channel__flag,channel.keywords AS channel__keywords,channel.description AS channel__description,channel.diyname AS channel__diyname,channel.outlink AS channel__outlink,channel.items AS channel__items,channel.weigh AS channel__weigh,channel.channeltpl AS channel__channeltpl,channel.listtpl AS channel__listtpl,channel.showtpl AS channel__showtpl,channel.pagesize AS channel__pagesize,channel.iscontribute AS channel__iscontribute,channel.createtime AS channel__createtime,channel.updatetime AS channel__updatetime,channel.status AS channel__status FROM `fa_cms_kecheng` `kecheng` LEFT JOIN `fa_cms_archives` `chanpin` ON `kecheng`.`chanpin_id`=`chanpin`.`id` LEFT JOIN `fa_cms_channel` `channel` ON `kecheng`.`channel_id`=`channel`.`id` WHERE  `channel`.`diyname` = 'yantaohuixinxi'  AND `endtime` >= '2019-05-23' ORDER BY `begintime` ASC LIMIT 8 [ RunTime:0.000573s ]
[ sql ] [ SQL ] SELECT `id`,`name`,`image`,`diyname`,`items` FROM `fa_cms_channel` WHERE  `id` IN (3) [ RunTime:0.000427s ]
[ sql ] [ SQL ] SHOW COLUMNS FROM `fa_experts_kecheng` [ RunTime:0.000945s ]
[ sql ] [ SQL ] SELECT `fa_cms_archives`.*,pivot.experts_id AS pivot__experts_id,pivot.kecheng_id AS pivot__kecheng_id FROM `fa_cms_archives` INNER JOIN `fa_experts_kecheng` `pivot` ON `pivot`.`experts_id`=`fa_cms_archives`.`id` WHERE (  `pivot`.`kecheng_id` IN (21,22,23,24,25,26,27,28,29,30,33,34,35,36,38,39,40,41,42,43,44,45,46,48,49,50,51,53,54,55) ) AND `fa_cms_archives`.`deletetime` IS NULL [ RunTime:0.000527s ]
[ sql ] [ SQL ] SELECT `kecheng`.`id`,`kecheng`.`chanpin_id`,`kecheng`.`experts_id`,`kecheng`.`begintime`,`kecheng`.`endtime`,`kecheng`.`createtime`,`kecheng`.`updatetime`,`kecheng`.`deletetime`,`kecheng`.`status`,`kecheng`.`experts`,`kecheng`.`channel_id`,`kecheng`.`qitafile`,`kecheng`.`area`,channel.id AS channel__id,channel.type AS channel__type,channel.model_id AS channel__model_id,channel.parent_id AS channel__parent_id,channel.name AS channel__name,channel.image AS channel__image,channel.flag AS channel__flag,channel.keywords AS channel__keywords,channel.description AS channel__description,channel.diyname AS channel__diyname,channel.outlink AS channel__outlink,channel.items AS channel__items,channel.weigh AS channel__weigh,channel.channeltpl AS channel__channeltpl,channel.listtpl AS channel__listtpl,channel.showtpl AS channel__showtpl,channel.pagesize AS channel__pagesize,channel.iscontribute AS channel__iscontribute,channel.createtime AS channel__createtime,channel.updatetime AS channel__updatetime,channel.status AS channel__status,chanpin.id AS chanpin__id,chanpin.user_id AS chanpin__user_id,chanpin.channel_id AS chanpin__channel_id,chanpin.model_id AS chanpin__model_id,chanpin.title AS chanpin__title,chanpin.flag AS chanpin__flag,chanpin.image AS chanpin__image,chanpin.keywords AS chanpin__keywords,chanpin.description AS chanpin__description,chanpin.tags AS chanpin__tags,chanpin.weigh AS chanpin__weigh,chanpin.views AS chanpin__views,chanpin.comments AS chanpin__comments,chanpin.likes AS chanpin__likes,chanpin.dislikes AS chanpin__dislikes,chanpin.diyname AS chanpin__diyname,chanpin.createtime AS chanpin__createtime,chanpin.updatetime AS chanpin__updatetime,chanpin.publishtime AS chanpin__publishtime,chanpin.deletetime AS chanpin__deletetime,chanpin.memo AS chanpin__memo,chanpin.status AS chanpin__status FROM `fa_cms_kecheng` `kecheng` LEFT JOIN `fa_cms_channel` `channel` ON `kecheng`.`channel_id`=`channel`.`id` LEFT JOIN `fa_cms_archives` `chanpin` ON `kecheng`.`chanpin_id`=`chanpin`.`id` WHERE  `channel`.`diyname` = 'chanpinyufuw'  AND `begintime` >= '2019-05-23'  AND `endtime` <= '2019-07-23' ORDER BY `begintime` ASC [ RunTime:0.000680s ]
[ sql ] [ SQL ] SELECT `id`,`name`,`image`,`diyname`,`items` FROM `fa_cms_channel` WHERE  `id` IN (92) [ RunTime:0.000447s ]
[ sql ] [ SQL ] SELECT `id`,`name`,`image`,`diyname`,`items` FROM `fa_cms_channel` WHERE  `id` IN (93) [ RunTime:0.000227s ]
[ sql ] [ SQL ] SELECT `fa_cms_archives`.*,pivot.experts_id AS pivot__experts_id,pivot.kecheng_id AS pivot__kecheng_id FROM `fa_cms_archives` INNER JOIN `fa_experts_kecheng` `pivot` ON `pivot`.`experts_id`=`fa_cms_archives`.`id` WHERE (  `pivot`.`kecheng_id` IN (21,22,23,24,25,26,27,28,29,30,33,34,35,36,38,39,40,41,42,43,44,45,46,48,49,50,51,53,54,55) ) AND `fa_cms_archives`.`deletetime` IS NULL [ RunTime:0.000559s ]
[ sql ] [ SQL ] SELECT `kecheng`.`id`,`kecheng`.`chanpin_id`,`kecheng`.`experts_id`,`kecheng`.`begintime`,`kecheng`.`endtime`,`kecheng`.`createtime`,`kecheng`.`updatetime`,`kecheng`.`deletetime`,`kecheng`.`status`,`kecheng`.`experts`,`kecheng`.`channel_id`,`kecheng`.`qitafile`,`kecheng`.`area`,channel.id AS channel__id,channel.type AS channel__type,channel.model_id AS channel__model_id,channel.parent_id AS channel__parent_id,channel.name AS channel__name,channel.image AS channel__image,channel.flag AS channel__flag,channel.keywords AS channel__keywords,channel.description AS channel__description,channel.diyname AS channel__diyname,channel.outlink AS channel__outlink,channel.items AS channel__items,channel.weigh AS channel__weigh,channel.channeltpl AS channel__channeltpl,channel.listtpl AS channel__listtpl,channel.showtpl AS channel__showtpl,channel.pagesize AS channel__pagesize,channel.iscontribute AS channel__iscontribute,channel.createtime AS channel__createtime,channel.updatetime AS channel__updatetime,channel.status AS channel__status,chanpin.id AS chanpin__id,chanpin.user_id AS chanpin__user_id,chanpin.channel_id AS chanpin__channel_id,chanpin.model_id AS chanpin__model_id,chanpin.title AS chanpin__title,chanpin.flag AS chanpin__flag,chanpin.image AS chanpin__image,chanpin.keywords AS chanpin__keywords,chanpin.description AS chanpin__description,chanpin.tags AS chanpin__tags,chanpin.weigh AS chanpin__weigh,chanpin.views AS chanpin__views,chanpin.comments AS chanpin__comments,chanpin.likes AS chanpin__likes,chanpin.dislikes AS chanpin__dislikes,chanpin.diyname AS chanpin__diyname,chanpin.createtime AS chanpin__createtime,chanpin.updatetime AS chanpin__updatetime,chanpin.publishtime AS chanpin__publishtime,chanpin.deletetime AS chanpin__deletetime,chanpin.memo AS chanpin__memo,chanpin.status AS chanpin__status FROM `fa_cms_kecheng` `kecheng` LEFT JOIN `fa_cms_channel` `channel` ON `kecheng`.`channel_id`=`channel`.`id` LEFT JOIN `fa_cms_archives` `chanpin` ON `kecheng`.`chanpin_id`=`chanpin`.`id` WHERE  `channel`.`diyname` = 'chanpinyufuw'  AND `begintime` >= '2019-05-23'  AND `endtime` <= '2019-07-23' ORDER BY `begintime` ASC [ RunTime:0.000660s ]
[ error ] [8]未定义变量: config[/www/wwwroot/default/tpadmin/addons/cms/controller/Index.php:65]
[ error ] [8]Use of undefined constant shortName - assumed 'shortName'[/www/wwwroot/default/tpadmin/runtime/temp/2292a031af2331c37dbcc37be565b46a.php:453]
[ error ] [8]未定义数组索引: zi[/www/wwwroot/default/tpadmin/addons/cms/controller/Api.php:322]
[ error ] [8]未定义数组索引: zid[/www/wwwroot/default/tpadmin/addons/cms/controller/Api.php:323]
[ error ] [8]未定义数组索引: zi[/www/wwwroot/default/tpadmin/addons/cms/controller/Api.php:322]
[ error ] [8]未定义数组索引: zid[/www/wwwroot/default/tpadmin/addons/cms/controller/Api.php:323]
[ error ] [8]未定义数组索引: zi[/www/wwwroot/default/tpadmin/addons/cms/controller/Api.php:322]
[ error ] [8]未定义数组索引: zid[/www/wwwroot/default/tpadmin/addons/cms/controller/Api.php:323]
[ error ] [8]未定义数组索引: zi[/www/wwwroot/default/tpadmin/addons/cms/controller/Api.php:322]
[ error ] [8]未定义数组索引: zid[/www/wwwroot/default/tpadmin/addons/cms/controller/Api.php:323]
[ error ] [8]未定义数组索引: zi[/www/wwwroot/default/tpadmin/addons/cms/controller/Api.php:322]
[ error ] [8]未定义数组索引: zid[/www/wwwroot/default/tpadmin/addons/cms/controller/Api.php:323]
[ error ] [8]未定义数组索引: zi[/www/wwwroot/default/tpadmin/addons/cms/controller/Api.php:322]
[ error ] [8]未定义数组索引: zid[/www/wwwroot/default/tpadmin/addons/cms/controller/Api.php:323]
[ error ] [8]未定义数组索引: zi[/www/wwwroot/default/tpadmin/addons/cms/controller/Api.php:322]
[ error ] [8]未定义数组索引: zid[/www/wwwroot/default/tpadmin/addons/cms/controller/Api.php:323]
[ error ] [8]未定义数组索引: zi[/www/wwwroot/default/tpadmin/addons/cms/controller/Api.php:322]
[ error ] [8]未定义数组索引: zid[/www/wwwroot/default/tpadmin/addons/cms/controller/Api.php:323]
[ error ] [8]未定义数组索引: zi[/www/wwwroot/default/tpadmin/addons/cms/controller/Api.php:322]
[ error ] [8]未定义数组索引: zid[/www/wwwroot/default/tpadmin/addons/cms/controller/Api.php:323]
[ error ] [8]未定义数组索引: zi[/www/wwwroot/default/tpadmin/addons/cms/controller/Api.php:322]
[ error ] [8]未定义数组索引: zid[/www/wwwroot/default/tpadmin/addons/cms/controller/Api.php:323]
[ error ] [8]未定义数组索引: zi[/www/wwwroot/default/tpadmin/addons/cms/controller/Api.php:322]
[ error ] [8]未定义数组索引: zid[/www/wwwroot/default/tpadmin/addons/cms/controller/Api.php:323]
[ error ] [8]未定义数组索引: zi[/www/wwwroot/default/tpadmin/addons/cms/controller/Api.php:322]
[ error ] [8]未定义数组索引: zid[/www/wwwroot/default/tpadmin/addons/cms/controller/Api.php:323]
[ error ] [8]未定义数组索引: zi[/www/wwwroot/default/tpadmin/addons/cms/controller/Api.php:322]
[ error ] [8]未定义数组索引: zid[/www/wwwroot/default/tpadmin/addons/cms/controller/Api.php:323]
[ error ] [8]未定义数组索引: zi[/www/wwwroot/default/tpadmin/addons/cms/controller/Api.php:322]
[ error ] [8]未定义数组索引: zid[/www/wwwroot/default/tpadmin/addons/cms/controller/Api.php:323]
[ error ] [8]未定义数组索引: zi[/www/wwwroot/default/tpadmin/addons/cms/controller/Api.php:322]
[ error ] [8]未定义数组索引: zid[/www/wwwroot/default/tpadmin/addons/cms/controller/Api.php:323]
[ error ] [8]未定义数组索引: zi[/www/wwwroot/default/tpadmin/addons/cms/controller/Api.php:322]
[ error ] [8]未定义数组索引: zid[/www/wwwroot/default/tpadmin/addons/cms/controller/Api.php:323]
[ error ] [8]未定义数组索引: zi[/www/wwwroot/default/tpadmin/addons/cms/controller/Api.php:322]
[ error ] [8]未定义数组索引: zid[/www/wwwroot/default/tpadmin/addons/cms/controller/Api.php:323]
[ error ] [8]未定义数组索引: zi[/www/wwwroot/default/tpadmin/addons/cms/controller/Api.php:322]
[ error ] [8]未定义数组索引: zid[/www/wwwroot/default/tpadmin/addons/cms/controller/Api.php:323]
[ error ] [8]未定义数组索引: zi[/www/wwwroot/default/tpadmin/addons/cms/controller/Api.php:322]
[ error ] [8]未定义数组索引: zid[/www/wwwroot/default/tpadmin/addons/cms/controller/Api.php:323]
[ error ] [8]未定义数组索引: zi[/www/wwwroot/default/tpadmin/addons/cms/controller/Api.php:322]
[ error ] [8]未定义数组索引: zid[/www/wwwroot/default/tpadmin/addons/cms/controller/Api.php:323]
[ error ] [8]未定义数组索引: zi[/www/wwwroot/default/tpadmin/addons/cms/controller/Api.php:322]
[ error ] [8]未定义数组索引: zid[/www/wwwroot/default/tpadmin/addons/cms/controller/Api.php:323]
[ error ] [8]未定义数组索引: zi[/www/wwwroot/default/tpadmin/addons/cms/controller/Api.php:322]
[ error ] [8]未定义数组索引: zid[/www/wwwroot/default/tpadmin/addons/cms/controller/Api.php:323]
[ error ] [8]未定义数组索引: zi[/www/wwwroot/default/tpadmin/addons/cms/controller/Api.php:322]
[ error ] [8]未定义数组索引: zid[/www/wwwroot/default/tpadmin/addons/cms/controller/Api.php:323]
[ error ] [8]未定义数组索引: zi[/www/wwwroot/default/tpadmin/addons/cms/controller/Api.php:322]
[ error ] [8]未定义数组索引: zid[/www/wwwroot/default/tpadmin/addons/cms/controller/Api.php:323]
[ error ] [8]未定义数组索引: zi[/www/wwwroot/default/tpadmin/addons/cms/controller/Api.php:322]
[ error ] [8]未定义数组索引: zid[/www/wwwroot/default/tpadmin/addons/cms/controller/Api.php:323]
[ error ] [8]未定义数组索引: value[/www/wwwroot/default/tpadmin/addons/cms/controller/Api.php:346]
[ error ] [8]未定义数组索引: zi[/www/wwwroot/default/tpadmin/addons/cms/controller/Api.php:347]
[ error ] [8]未定义数组索引: eachart[/www/wwwroot/default/tpadmin/runtime/temp/2292a031af2331c37dbcc37be565b46a.php:552]
[ error ] [8]Use of undefined constant qrcode - assumed 'qrcode'[/www/wwwroot/default/tpadmin/runtime/temp/2292a031af2331c37dbcc37be565b46a.php:776]
---------------------------------------------------------------
[ 2019-05-23T23:59:32+08:00 ] 166.88.151.218 GET www.changcaizixun.com/?m=vod-play-id-21826-src-1-num-1.html
[运行时间：0.094075s] [吞吐率：10.63req/s] [内存消耗：4,619.17kb] [文件加载：101]
[ info ] [ BEHAVIOR ] Run Closure @app_init [ RunTime:0.000025s ]
[ info ] [ CACHE ] INIT File
[ info ] [ BEHAVIOR ] Run Closure @app_init [ RunTime:0.001862s ]
[ info ] [ LANG ] /www/wwwroot/default/tpadmin/thinkphp/lang/zh-cn.php
[ info ] [ ROUTE ] array (
  'type' => 'method',
  'method' => 
  array (
    0 => '\\think\\addons\\Route',
    1 => 'execute',
  ),
  'var' => 
  array (
    'addon' => 'cms',
    'controller' => 'index',
    'action' => 'index',
  ),
)
[ info ] [ HEADER ] array (
  'host' => 'www.changcaizixun.com',
  'user-agent' => 'Mozilla/4.0 (compatible; MSIE 9.0; Windows NT 6.1)',
  'referer' => 'http://www.baidu.com',
  'accept-language' => 'zh-CN,zh',
  'accept-encoding' => 'gzip, deflate',
  'accept' => 'text/html,application/xhtml+xml,application/xml;q=0.9,*/*;q=0.8',
  'content-type' => 'application/x-www-form-urlencoded; Charset=UTF-8',
  'connection' => 'Keep-Alive',
  'content-length' => '',
)
[ info ] [ PARAM ] array (
  'm' => 'vod-play-id-21826-src-1-num-1.html',
)
[ info ] [ RUN ] think\addons\Route->execute[ /www/wwwroot/default/tpadmin/vendor/karsonzhang/fastadmin-addons/src/addons/Route.php ]
[ info ] [ LANG ] /www/wwwroot/default/tpadmin/public/../application/common/lang/zh-cn/addon.php
[ info ] [ BEHAVIOR ] Run app\common\behavior\Common @addon_begin [ RunTime:0.001537s ]
[ info ] [ LANG ] /www/wwwroot/default/tpadmin/addons/cms/lang/zh-cn.php
[ info ] [ SESSION ] INIT array (
  'id' => '',
  'var_session_id' => '',
  'prefix' => 'think',
  'type' => '',
  'auto_start' => true,
)
[ info ] [ BEHAVIOR ] Run \addons\qiniu\Qiniu @upload_config_init [ RunTime:0.001073s ]
[ info ] [ DB ] INIT mysql
[ info ] [ VIEW ] /www/wwwroot/default/tpadmin/addons/cms/view/default/common/formfield.html [ array (
  0 => 'config',
  1 => 'user',
  2 => 'site',
  3 => '__CHANNEL__',
  4 => 'fields',
) ]
[ info ] [ VIEW ] /www/wwwroot/default/tpadmin/addons/cms/view/default/index.html [ array (
  0 => 'config',
  1 => 'user',
  2 => 'site',
  3 => '__CHANNEL__',
  4 => 'firstsheng',
  5 => 'yantaohuis',
  6 => 'zifen',
  7 => 'jsconfig',
  8 => 'diyform',
  9 => 'chanpin',
  10 => 'zhuanjia',
) ]
[ info ] [ LANG ] /www/wwwroot/default/tpadmin/addons/cms/lang/zh-cn.php
[ info ] [ BEHAVIOR ] Run \addons\qiniu\Qiniu @upload_config_init [ RunTime:0.000109s ]
[ info ] [ LOG ] INIT File
[ sql ] [ DB ] CONNECT:[ UseTime:0.000464s ] mysql:host=127.0.0.1;dbname=fastadmin;charset=utf8
[ sql ] [ SQL ] SHOW COLUMNS FROM `fa_cms_channel` [ RunTime:0.001336s ]
[ sql ] [ SQL ] SELECT `id` FROM `fa_cms_channel` WHERE  `parent_id` IN ( SELECT `id` FROM `fa_cms_channel` WHERE  `diyname` = 'chanpinyufuw' ) [ RunTime:0.000421s ]
[ sql ] [ SQL ] SHOW COLUMNS FROM `fa_cms_archives` [ RunTime:0.001030s ]
[ sql ] [ SQL ] SELECT * FROM `fa_cms_archives` WHERE  `status` = 'normal'  AND ( `deletetime` IS NULL )  AND `channel_id` IN (99,100,101,102) ORDER BY `weigh` ASC LIMIT 12 [ RunTime:0.000558s ]
[ sql ] [ SQL ] SELECT `id`,`name`,`image`,`diyname`,`items` FROM `fa_cms_channel` WHERE  `id` IN (99,100,101) [ RunTime:0.000291s ]
[ sql ] [ SQL ] SELECT * FROM `fa_cms_archives` WHERE  `status` = 'normal'  AND ( `deletetime` IS NULL )  AND `channel_id` IN (63) ORDER BY `weigh` ASC LIMIT 12 [ RunTime:0.000760s ]
[ sql ] [ SQL ] SELECT `id`,`name`,`image`,`diyname`,`items` FROM `fa_cms_channel` WHERE  `id` IN (63) [ RunTime:0.000318s ]
[ sql ] [ SQL ] SHOW COLUMNS FROM `fa_cms_fields` [ RunTime:0.001307s ]
[ sql ] [ SQL ] SELECT * FROM `fa_cms_fields` WHERE  `diyform_id` = 1  AND `iscontribute` = 1  AND `status` = 'normal' ORDER BY `weigh` DESC,`id` DESC [ RunTime:0.000577s ]
[ sql ] [ SQL ] SHOW COLUMNS FROM `fa_location` [ RunTime:0.001219s ]
[ sql ] [ SQL ] SELECT * FROM `fa_location` WHERE  (  level=1 )  AND `id` = 110000 LIMIT 1 [ RunTime:0.000414s ]
[ sql ] [ SQL ] SHOW COLUMNS FROM `fa_cms_kecheng` [ RunTime:0.001129s ]
[ sql ] [ SQL ] SELECT `kecheng`.`id`,`kecheng`.`chanpin_id`,`kecheng`.`experts_id`,`kecheng`.`begintime`,`kecheng`.`endtime`,`kecheng`.`createtime`,`kecheng`.`updatetime`,`kecheng`.`deletetime`,`kecheng`.`status`,`kecheng`.`experts`,`kecheng`.`channel_id`,`kecheng`.`qitafile`,`kecheng`.`area`,chanpin.id AS chanpin__id,chanpin.user_id AS chanpin__user_id,chanpin.channel_id AS chanpin__channel_id,chanpin.model_id AS chanpin__model_id,chanpin.title AS chanpin__title,chanpin.flag AS chanpin__flag,chanpin.image AS chanpin__image,chanpin.keywords AS chanpin__keywords,chanpin.description AS chanpin__description,chanpin.tags AS chanpin__tags,chanpin.weigh AS chanpin__weigh,chanpin.views AS chanpin__views,chanpin.comments AS chanpin__comments,chanpin.likes AS chanpin__likes,chanpin.dislikes AS chanpin__dislikes,chanpin.diyname AS chanpin__diyname,chanpin.createtime AS chanpin__createtime,chanpin.updatetime AS chanpin__updatetime,chanpin.publishtime AS chanpin__publishtime,chanpin.deletetime AS chanpin__deletetime,chanpin.memo AS chanpin__memo,chanpin.status AS chanpin__status,channel.id AS channel__id,channel.type AS channel__type,channel.model_id AS channel__model_id,channel.parent_id AS channel__parent_id,channel.name AS channel__name,channel.image AS channel__image,channel.flag AS channel__flag,channel.keywords AS channel__keywords,channel.description AS channel__description,channel.diyname AS channel__diyname,channel.outlink AS channel__outlink,channel.items AS channel__items,channel.weigh AS channel__weigh,channel.channeltpl AS channel__channeltpl,channel.listtpl AS channel__listtpl,channel.showtpl AS channel__showtpl,channel.pagesize AS channel__pagesize,channel.iscontribute AS channel__iscontribute,channel.createtime AS channel__createtime,channel.updatetime AS channel__updatetime,channel.status AS channel__status FROM `fa_cms_kecheng` `kecheng` LEFT JOIN `fa_cms_archives` `chanpin` ON `kecheng`.`chanpin_id`=`chanpin`.`id` LEFT JOIN `fa_cms_channel` `channel` ON `kecheng`.`channel_id`=`channel`.`id` WHERE  `channel`.`diyname` = 'yantaohuixinxi'  AND `endtime` >= '2019-05-23' ORDER BY `begintime` ASC LIMIT 8 [ RunTime:0.000733s ]
[ sql ] [ SQL ] SELECT `id`,`name`,`image`,`diyname`,`items` FROM `fa_cms_channel` WHERE  `id` IN (3) [ RunTime:0.000545s ]
[ sql ] [ SQL ] SHOW COLUMNS FROM `fa_experts_kecheng` [ RunTime:0.001222s ]
[ sql ] [ SQL ] SELECT `fa_cms_archives`.*,pivot.experts_id AS pivot__experts_id,pivot.kecheng_id AS pivot__kecheng_id FROM `fa_cms_archives` INNER JOIN `fa_experts_kecheng` `pivot` ON `pivot`.`experts_id`=`fa_cms_archives`.`id` WHERE (  `pivot`.`kecheng_id` IN (21,22,23,24,25,26,27,28,29,30,33,34,35,36,38,39,40,41,42,43,44,45,46,48,49,50,51,53,54,55) ) AND `fa_cms_archives`.`deletetime` IS NULL [ RunTime:0.000551s ]
[ sql ] [ SQL ] SELECT `kecheng`.`id`,`kecheng`.`chanpin_id`,`kecheng`.`experts_id`,`kecheng`.`begintime`,`kecheng`.`endtime`,`kecheng`.`createtime`,`kecheng`.`updatetime`,`kecheng`.`deletetime`,`kecheng`.`status`,`kecheng`.`experts`,`kecheng`.`channel_id`,`kecheng`.`qitafile`,`kecheng`.`area`,channel.id AS channel__id,channel.type AS channel__type,channel.model_id AS channel__model_id,channel.parent_id AS channel__parent_id,channel.name AS channel__name,channel.image AS channel__image,channel.flag AS channel__flag,channel.keywords AS channel__keywords,channel.description AS channel__description,channel.diyname AS channel__diyname,channel.outlink AS channel__outlink,channel.items AS channel__items,channel.weigh AS channel__weigh,channel.channeltpl AS channel__channeltpl,channel.listtpl AS channel__listtpl,channel.showtpl AS channel__showtpl,channel.pagesize AS channel__pagesize,channel.iscontribute AS channel__iscontribute,channel.createtime AS channel__createtime,channel.updatetime AS channel__updatetime,channel.status AS channel__status,chanpin.id AS chanpin__id,chanpin.user_id AS chanpin__user_id,chanpin.channel_id AS chanpin__channel_id,chanpin.model_id AS chanpin__model_id,chanpin.title AS chanpin__title,chanpin.flag AS chanpin__flag,chanpin.image AS chanpin__image,chanpin.keywords AS chanpin__keywords,chanpin.description AS chanpin__description,chanpin.tags AS chanpin__tags,chanpin.weigh AS chanpin__weigh,chanpin.views AS chanpin__views,chanpin.comments AS chanpin__comments,chanpin.likes AS chanpin__likes,chanpin.dislikes AS chanpin__dislikes,chanpin.diyname AS chanpin__diyname,chanpin.createtime AS chanpin__createtime,chanpin.updatetime AS chanpin__updatetime,chanpin.publishtime AS chanpin__publishtime,chanpin.deletetime AS chanpin__deletetime,chanpin.memo AS chanpin__memo,chanpin.status AS chanpin__status FROM `fa_cms_kecheng` `kecheng` LEFT JOIN `fa_cms_channel` `channel` ON `kecheng`.`channel_id`=`channel`.`id` LEFT JOIN `fa_cms_archives` `chanpin` ON `kecheng`.`chanpin_id`=`chanpin`.`id` WHERE  `channel`.`diyname` = 'chanpinyufuw'  AND `begintime` >= '2019-05-23'  AND `endtime` <= '2019-07-23' ORDER BY `begintime` ASC [ RunTime:0.000900s ]
[ sql ] [ SQL ] SELECT `id`,`name`,`image`,`diyname`,`items` FROM `fa_cms_channel` WHERE  `id` IN (92) [ RunTime:0.000471s ]
[ sql ] [ SQL ] SELECT `id`,`name`,`image`,`diyname`,`items` FROM `fa_cms_channel` WHERE  `id` IN (93) [ RunTime:0.000542s ]
[ sql ] [ SQL ] SELECT `fa_cms_archives`.*,pivot.experts_id AS pivot__experts_id,pivot.kecheng_id AS pivot__kecheng_id FROM `fa_cms_archives` INNER JOIN `fa_experts_kecheng` `pivot` ON `pivot`.`experts_id`=`fa_cms_archives`.`id` WHERE (  `pivot`.`kecheng_id` IN (21,22,23,24,25,26,27,28,29,30,33,34,35,36,38,39,40,41,42,43,44,45,46,48,49,50,51,53,54,55) ) AND `fa_cms_archives`.`deletetime` IS NULL [ RunTime:0.000824s ]
[ sql ] [ SQL ] SELECT `kecheng`.`id`,`kecheng`.`chanpin_id`,`kecheng`.`experts_id`,`kecheng`.`begintime`,`kecheng`.`endtime`,`kecheng`.`createtime`,`kecheng`.`updatetime`,`kecheng`.`deletetime`,`kecheng`.`status`,`kecheng`.`experts`,`kecheng`.`channel_id`,`kecheng`.`qitafile`,`kecheng`.`area`,channel.id AS channel__id,channel.type AS channel__type,channel.model_id AS channel__model_id,channel.parent_id AS channel__parent_id,channel.name AS channel__name,channel.image AS channel__image,channel.flag AS channel__flag,channel.keywords AS channel__keywords,channel.description AS channel__description,channel.diyname AS channel__diyname,channel.outlink AS channel__outlink,channel.items AS channel__items,channel.weigh AS channel__weigh,channel.channeltpl AS channel__channeltpl,channel.listtpl AS channel__listtpl,channel.showtpl AS channel__showtpl,channel.pagesize AS channel__pagesize,channel.iscontribute AS channel__iscontribute,channel.createtime AS channel__createtime,channel.updatetime AS channel__updatetime,channel.status AS channel__status,chanpin.id AS chanpin__id,chanpin.user_id AS chanpin__user_id,chanpin.channel_id AS chanpin__channel_id,chanpin.model_id AS chanpin__model_id,chanpin.title AS chanpin__title,chanpin.flag AS chanpin__flag,chanpin.image AS chanpin__image,chanpin.keywords AS chanpin__keywords,chanpin.description AS chanpin__description,chanpin.tags AS chanpin__tags,chanpin.weigh AS chanpin__weigh,chanpin.views AS chanpin__views,chanpin.comments AS chanpin__comments,chanpin.likes AS chanpin__likes,chanpin.dislikes AS chanpin__dislikes,chanpin.diyname AS chanpin__diyname,chanpin.createtime AS chanpin__createtime,chanpin.updatetime AS chanpin__updatetime,chanpin.publishtime AS chanpin__publishtime,chanpin.deletetime AS chanpin__deletetime,chanpin.memo AS chanpin__memo,chanpin.status AS chanpin__status FROM `fa_cms_kecheng` `kecheng` LEFT JOIN `fa_cms_channel` `channel` ON `kecheng`.`channel_id`=`channel`.`id` LEFT JOIN `fa_cms_archives` `chanpin` ON `kecheng`.`chanpin_id`=`chanpin`.`id` WHERE  `channel`.`diyname` = 'chanpinyufuw'  AND `begintime` >= '2019-05-23'  AND `endtime` <= '2019-07-23' ORDER BY `begintime` ASC [ RunTime:0.001015s ]
[ error ] [8]未定义变量: config[/www/wwwroot/default/tpadmin/addons/cms/controller/Index.php:65]
[ error ] [8]Use of undefined constant shortName - assumed 'shortName'[/www/wwwroot/default/tpadmin/runtime/temp/2292a031af2331c37dbcc37be565b46a.php:453]
[ error ] [8]未定义数组索引: zi[/www/wwwroot/default/tpadmin/addons/cms/controller/Api.php:322]
[ error ] [8]未定义数组索引: zid[/www/wwwroot/default/tpadmin/addons/cms/controller/Api.php:323]
[ error ] [8]未定义数组索引: zi[/www/wwwroot/default/tpadmin/addons/cms/controller/Api.php:322]
[ error ] [8]未定义数组索引: zid[/www/wwwroot/default/tpadmin/addons/cms/controller/Api.php:323]
[ error ] [8]未定义数组索引: zi[/www/wwwroot/default/tpadmin/addons/cms/controller/Api.php:322]
[ error ] [8]未定义数组索引: zid[/www/wwwroot/default/tpadmin/addons/cms/controller/Api.php:323]
[ error ] [8]未定义数组索引: zi[/www/wwwroot/default/tpadmin/addons/cms/controller/Api.php:322]
[ error ] [8]未定义数组索引: zid[/www/wwwroot/default/tpadmin/addons/cms/controller/Api.php:323]
[ error ] [8]未定义数组索引: zi[/www/wwwroot/default/tpadmin/addons/cms/controller/Api.php:322]
[ error ] [8]未定义数组索引: zid[/www/wwwroot/default/tpadmin/addons/cms/controller/Api.php:323]
[ error ] [8]未定义数组索引: zi[/www/wwwroot/default/tpadmin/addons/cms/controller/Api.php:322]
[ error ] [8]未定义数组索引: zid[/www/wwwroot/default/tpadmin/addons/cms/controller/Api.php:323]
[ error ] [8]未定义数组索引: zi[/www/wwwroot/default/tpadmin/addons/cms/controller/Api.php:322]
[ error ] [8]未定义数组索引: zid[/www/wwwroot/default/tpadmin/addons/cms/controller/Api.php:323]
[ error ] [8]未定义数组索引: zi[/www/wwwroot/default/tpadmin/addons/cms/controller/Api.php:322]
[ error ] [8]未定义数组索引: zid[/www/wwwroot/default/tpadmin/addons/cms/controller/Api.php:323]
[ error ] [8]未定义数组索引: zi[/www/wwwroot/default/tpadmin/addons/cms/controller/Api.php:322]
[ error ] [8]未定义数组索引: zid[/www/wwwroot/default/tpadmin/addons/cms/controller/Api.php:323]
[ error ] [8]未定义数组索引: zi[/www/wwwroot/default/tpadmin/addons/cms/controller/Api.php:322]
[ error ] [8]未定义数组索引: zid[/www/wwwroot/default/tpadmin/addons/cms/controller/Api.php:323]
[ error ] [8]未定义数组索引: zi[/www/wwwroot/default/tpadmin/addons/cms/controller/Api.php:322]
[ error ] [8]未定义数组索引: zid[/www/wwwroot/default/tpadmin/addons/cms/controller/Api.php:323]
[ error ] [8]未定义数组索引: zi[/www/wwwroot/default/tpadmin/addons/cms/controller/Api.php:322]
[ error ] [8]未定义数组索引: zid[/www/wwwroot/default/tpadmin/addons/cms/controller/Api.php:323]
[ error ] [8]未定义数组索引: zi[/www/wwwroot/default/tpadmin/addons/cms/controller/Api.php:322]
[ error ] [8]未定义数组索引: zid[/www/wwwroot/default/tpadmin/addons/cms/controller/Api.php:323]
[ error ] [8]未定义数组索引: zi[/www/wwwroot/default/tpadmin/addons/cms/controller/Api.php:322]
[ error ] [8]未定义数组索引: zid[/www/wwwroot/default/tpadmin/addons/cms/controller/Api.php:323]
[ error ] [8]未定义数组索引: zi[/www/wwwroot/default/tpadmin/addons/cms/controller/Api.php:322]
[ error ] [8]未定义数组索引: zid[/www/wwwroot/default/tpadmin/addons/cms/controller/Api.php:323]
[ error ] [8]未定义数组索引: zi[/www/wwwroot/default/tpadmin/addons/cms/controller/Api.php:322]
[ error ] [8]未定义数组索引: zid[/www/wwwroot/default/tpadmin/addons/cms/controller/Api.php:323]
[ error ] [8]未定义数组索引: zi[/www/wwwroot/default/tpadmin/addons/cms/controller/Api.php:322]
[ error ] [8]未定义数组索引: zid[/www/wwwroot/default/tpadmin/addons/cms/controller/Api.php:323]
[ error ] [8]未定义数组索引: zi[/www/wwwroot/default/tpadmin/addons/cms/controller/Api.php:322]
[ error ] [8]未定义数组索引: zid[/www/wwwroot/default/tpadmin/addons/cms/controller/Api.php:323]
[ error ] [8]未定义数组索引: zi[/www/wwwroot/default/tpadmin/addons/cms/controller/Api.php:322]
[ error ] [8]未定义数组索引: zid[/www/wwwroot/default/tpadmin/addons/cms/controller/Api.php:323]
[ error ] [8]未定义数组索引: zi[/www/wwwroot/default/tpadmin/addons/cms/controller/Api.php:322]
[ error ] [8]未定义数组索引: zid[/www/wwwroot/default/tpadmin/addons/cms/controller/Api.php:323]
[ error ] [8]未定义数组索引: zi[/www/wwwroot/default/tpadmin/addons/cms/controller/Api.php:322]
[ error ] [8]未定义数组索引: zid[/www/wwwroot/default/tpadmin/addons/cms/controller/Api.php:323]
[ error ] [8]未定义数组索引: zi[/www/wwwroot/default/tpadmin/addons/cms/controller/Api.php:322]
[ error ] [8]未定义数组索引: zid[/www/wwwroot/default/tpadmin/addons/cms/controller/Api.php:323]
[ error ] [8]未定义数组索引: zi[/www/wwwroot/default/tpadmin/addons/cms/controller/Api.php:322]
[ error ] [8]未定义数组索引: zid[/www/wwwroot/default/tpadmin/addons/cms/controller/Api.php:323]
[ error ] [8]未定义数组索引: zi[/www/wwwroot/default/tpadmin/addons/cms/controller/Api.php:322]
[ error ] [8]未定义数组索引: zid[/www/wwwroot/default/tpadmin/addons/cms/controller/Api.php:323]
[ error ] [8]未定义数组索引: zi[/www/wwwroot/default/tpadmin/addons/cms/controller/Api.php:322]
[ error ] [8]未定义数组索引: zid[/www/wwwroot/default/tpadmin/addons/cms/controller/Api.php:323]
[ error ] [8]未定义数组索引: value[/www/wwwroot/default/tpadmin/addons/cms/controller/Api.php:346]
[ error ] [8]未定义数组索引: zi[/www/wwwroot/default/tpadmin/addons/cms/controller/Api.php:347]
[ error ] [8]未定义数组索引: eachart[/www/wwwroot/default/tpadmin/runtime/temp/2292a031af2331c37dbcc37be565b46a.php:552]
[ error ] [8]Use of undefined constant qrcode - assumed 'qrcode'[/www/wwwroot/default/tpadmin/runtime/temp/2292a031af2331c37dbcc37be565b46a.php:776]
---------------------------------------------------------------
[ 2019-05-23T23:59:52+08:00 ] 142.252.220.34 GET www.changcaizixun.com/index.php?m=vod-list-id-1-pg-615-order--by-score-class-0-year-0-letter--area--lang-.html
[运行时间：0.078204s] [吞吐率：12.79req/s] [内存消耗：4,619.45kb] [文件加载：101]
[ info ] [ BEHAVIOR ] Run Closure @app_init [ RunTime:0.000024s ]
[ info ] [ CACHE ] INIT File
[ info ] [ BEHAVIOR ] Run Closure @app_init [ RunTime:0.001876s ]
[ info ] [ LANG ] /www/wwwroot/default/tpadmin/thinkphp/lang/zh-cn.php
[ info ] [ ROUTE ] array (
  'type' => 'method',
  'method' => 
  array (
    0 => '\\think\\addons\\Route',
    1 => 'execute',
  ),
  'var' => 
  array (
    'addon' => 'cms',
    'controller' => 'index',
    'action' => 'index',
  ),
)
[ info ] [ HEADER ] array (
  'host' => 'www.changcaizixun.com',
  'user-agent' => 'Mozilla/4.0 (compatible; MSIE 9.0; Windows NT 6.1)',
  'referer' => 'http://www.baidu.com',
  'accept-language' => 'zh-CN,zh',
  'accept-encoding' => 'gzip, deflate',
  'accept' => 'text/html,application/xhtml+xml,application/xml;q=0.9,*/*;q=0.8',
  'content-type' => 'application/x-www-form-urlencoded; Charset=UTF-8',
  'connection' => 'Keep-Alive',
  'content-length' => '',
)
[ info ] [ PARAM ] array (
  'm' => 'vod-list-id-1-pg-615-order--by-score-class-0-year-0-letter--area--lang-.html',
)
[ info ] [ RUN ] think\addons\Route->execute[ /www/wwwroot/default/tpadmin/vendor/karsonzhang/fastadmin-addons/src/addons/Route.php ]
[ info ] [ LANG ] /www/wwwroot/default/tpadmin/public/../application/common/lang/zh-cn/addon.php
[ info ] [ BEHAVIOR ] Run app\common\behavior\Common @addon_begin [ RunTime:0.001471s ]
[ info ] [ LANG ] /www/wwwroot/default/tpadmin/addons/cms/lang/zh-cn.php
[ info ] [ SESSION ] INIT array (
  'id' => '',
  'var_session_id' => '',
  'prefix' => 'think',
  'type' => '',
  'auto_start' => true,
)
[ info ] [ BEHAVIOR ] Run \addons\qiniu\Qiniu @upload_config_init [ RunTime:0.000976s ]
[ info ] [ DB ] INIT mysql
[ info ] [ VIEW ] /www/wwwroot/default/tpadmin/addons/cms/view/default/common/formfield.html [ array (
  0 => 'config',
  1 => 'user',
  2 => 'site',
  3 => '__CHANNEL__',
  4 => 'fields',
) ]
[ info ] [ VIEW ] /www/wwwroot/default/tpadmin/addons/cms/view/default/index.html [ array (
  0 => 'config',
  1 => 'user',
  2 => 'site',
  3 => '__CHANNEL__',
  4 => 'firstsheng',
  5 => 'yantaohuis',
  6 => 'zifen',
  7 => 'jsconfig',
  8 => 'diyform',
  9 => 'chanpin',
  10 => 'zhuanjia',
) ]
[ info ] [ LANG ] /www/wwwroot/default/tpadmin/addons/cms/lang/zh-cn.php
[ info ] [ BEHAVIOR ] Run \addons\qiniu\Qiniu @upload_config_init [ RunTime:0.000076s ]
[ info ] [ LOG ] INIT File
[ sql ] [ DB ] CONNECT:[ UseTime:0.000397s ] mysql:host=127.0.0.1;dbname=fastadmin;charset=utf8
[ sql ] [ SQL ] SHOW COLUMNS FROM `fa_cms_channel` [ RunTime:0.000978s ]
[ sql ] [ SQL ] SELECT `id` FROM `fa_cms_channel` WHERE  `parent_id` IN ( SELECT `id` FROM `fa_cms_channel` WHERE  `diyname` = 'chanpinyufuw' ) [ RunTime:0.000333s ]
[ sql ] [ SQL ] SHOW COLUMNS FROM `fa_cms_archives` [ RunTime:0.000854s ]
[ sql ] [ SQL ] SELECT * FROM `fa_cms_archives` WHERE  `status` = 'normal'  AND ( `deletetime` IS NULL )  AND `channel_id` IN (99,100,101,102) ORDER BY `weigh` ASC LIMIT 12 [ RunTime:0.000510s ]
[ sql ] [ SQL ] SELECT `id`,`name`,`image`,`diyname`,`items` FROM `fa_cms_channel` WHERE  `id` IN (99,100,101) [ RunTime:0.000288s ]
[ sql ] [ SQL ] SELECT * FROM `fa_cms_archives` WHERE  `status` = 'normal'  AND ( `deletetime` IS NULL )  AND `channel_id` IN (63) ORDER BY `weigh` ASC LIMIT 12 [ RunTime:0.000591s ]
[ sql ] [ SQL ] SELECT `id`,`name`,`image`,`diyname`,`items` FROM `fa_cms_channel` WHERE  `id` IN (63) [ RunTime:0.000248s ]
[ sql ] [ SQL ] SHOW COLUMNS FROM `fa_cms_fields` [ RunTime:0.000840s ]
[ sql ] [ SQL ] SELECT * FROM `fa_cms_fields` WHERE  `diyform_id` = 1  AND `iscontribute` = 1  AND `status` = 'normal' ORDER BY `weigh` DESC,`id` DESC [ RunTime:0.000405s ]
[ sql ] [ SQL ] SHOW COLUMNS FROM `fa_location` [ RunTime:0.000788s ]
[ sql ] [ SQL ] SELECT * FROM `fa_location` WHERE  (  level=1 )  AND `id` = 110000 LIMIT 1 [ RunTime:0.000269s ]
[ sql ] [ SQL ] SHOW COLUMNS FROM `fa_cms_kecheng` [ RunTime:0.000836s ]
[ sql ] [ SQL ] SELECT `kecheng`.`id`,`kecheng`.`chanpin_id`,`kecheng`.`experts_id`,`kecheng`.`begintime`,`kecheng`.`endtime`,`kecheng`.`createtime`,`kecheng`.`updatetime`,`kecheng`.`deletetime`,`kecheng`.`status`,`kecheng`.`experts`,`kecheng`.`channel_id`,`kecheng`.`qitafile`,`kecheng`.`area`,chanpin.id AS chanpin__id,chanpin.user_id AS chanpin__user_id,chanpin.channel_id AS chanpin__channel_id,chanpin.model_id AS chanpin__model_id,chanpin.title AS chanpin__title,chanpin.flag AS chanpin__flag,chanpin.image AS chanpin__image,chanpin.keywords AS chanpin__keywords,chanpin.description AS chanpin__description,chanpin.tags AS chanpin__tags,chanpin.weigh AS chanpin__weigh,chanpin.views AS chanpin__views,chanpin.comments AS chanpin__comments,chanpin.likes AS chanpin__likes,chanpin.dislikes AS chanpin__dislikes,chanpin.diyname AS chanpin__diyname,chanpin.createtime AS chanpin__createtime,chanpin.updatetime AS chanpin__updatetime,chanpin.publishtime AS chanpin__publishtime,chanpin.deletetime AS chanpin__deletetime,chanpin.memo AS chanpin__memo,chanpin.status AS chanpin__status,channel.id AS channel__id,channel.type AS channel__type,channel.model_id AS channel__model_id,channel.parent_id AS channel__parent_id,channel.name AS channel__name,channel.image AS channel__image,channel.flag AS channel__flag,channel.keywords AS channel__keywords,channel.description AS channel__description,channel.diyname AS channel__diyname,channel.outlink AS channel__outlink,channel.items AS channel__items,channel.weigh AS channel__weigh,channel.channeltpl AS channel__channeltpl,channel.listtpl AS channel__listtpl,channel.showtpl AS channel__showtpl,channel.pagesize AS channel__pagesize,channel.iscontribute AS channel__iscontribute,channel.createtime AS channel__createtime,channel.updatetime AS channel__updatetime,channel.status AS channel__status FROM `fa_cms_kecheng` `kecheng` LEFT JOIN `fa_cms_archives` `chanpin` ON `kecheng`.`chanpin_id`=`chanpin`.`id` LEFT JOIN `fa_cms_channel` `channel` ON `kecheng`.`channel_id`=`channel`.`id` WHERE  `channel`.`diyname` = 'yantaohuixinxi'  AND `endtime` >= '2019-05-23' ORDER BY `begintime` ASC LIMIT 8 [ RunTime:0.000549s ]
[ sql ] [ SQL ] SELECT `id`,`name`,`image`,`diyname`,`items` FROM `fa_cms_channel` WHERE  `id` IN (3) [ RunTime:0.000377s ]
[ sql ] [ SQL ] SHOW COLUMNS FROM `fa_experts_kecheng` [ RunTime:0.000856s ]
[ sql ] [ SQL ] SELECT `fa_cms_archives`.*,pivot.experts_id AS pivot__experts_id,pivot.kecheng_id AS pivot__kecheng_id FROM `fa_cms_archives` INNER JOIN `fa_experts_kecheng` `pivot` ON `pivot`.`experts_id`=`fa_cms_archives`.`id` WHERE (  `pivot`.`kecheng_id` IN (21,22,23,24,25,26,27,28,29,30,33,34,35,36,38,39,40,41,42,43,44,45,46,48,49,50,51,53,54,55) ) AND `fa_cms_archives`.`deletetime` IS NULL [ RunTime:0.000475s ]
[ sql ] [ SQL ] SELECT `kecheng`.`id`,`kecheng`.`chanpin_id`,`kecheng`.`experts_id`,`kecheng`.`begintime`,`kecheng`.`endtime`,`kecheng`.`createtime`,`kecheng`.`updatetime`,`kecheng`.`deletetime`,`kecheng`.`status`,`kecheng`.`experts`,`kecheng`.`channel_id`,`kecheng`.`qitafile`,`kecheng`.`area`,channel.id AS channel__id,channel.type AS channel__type,channel.model_id AS channel__model_id,channel.parent_id AS channel__parent_id,channel.name AS channel__name,channel.image AS channel__image,channel.flag AS channel__flag,channel.keywords AS channel__keywords,channel.description AS channel__description,channel.diyname AS channel__diyname,channel.outlink AS channel__outlink,channel.items AS channel__items,channel.weigh AS channel__weigh,channel.channeltpl AS channel__channeltpl,channel.listtpl AS channel__listtpl,channel.showtpl AS channel__showtpl,channel.pagesize AS channel__pagesize,channel.iscontribute AS channel__iscontribute,channel.createtime AS channel__createtime,channel.updatetime AS channel__updatetime,channel.status AS channel__status,chanpin.id AS chanpin__id,chanpin.user_id AS chanpin__user_id,chanpin.channel_id AS chanpin__channel_id,chanpin.model_id AS chanpin__model_id,chanpin.title AS chanpin__title,chanpin.flag AS chanpin__flag,chanpin.image AS chanpin__image,chanpin.keywords AS chanpin__keywords,chanpin.description AS chanpin__description,chanpin.tags AS chanpin__tags,chanpin.weigh AS chanpin__weigh,chanpin.views AS chanpin__views,chanpin.comments AS chanpin__comments,chanpin.likes AS chanpin__likes,chanpin.dislikes AS chanpin__dislikes,chanpin.diyname AS chanpin__diyname,chanpin.createtime AS chanpin__createtime,chanpin.updatetime AS chanpin__updatetime,chanpin.publishtime AS chanpin__publishtime,chanpin.deletetime AS chanpin__deletetime,chanpin.memo AS chanpin__memo,chanpin.status AS chanpin__status FROM `fa_cms_kecheng` `kecheng` LEFT JOIN `fa_cms_channel` `channel` ON `kecheng`.`channel_id`=`channel`.`id` LEFT JOIN `fa_cms_archives` `chanpin` ON `kecheng`.`chanpin_id`=`chanpin`.`id` WHERE  `channel`.`diyname` = 'chanpinyufuw'  AND `begintime` >= '2019-05-23'  AND `endtime` <= '2019-07-23' ORDER BY `begintime` ASC [ RunTime:0.000641s ]
[ sql ] [ SQL ] SELECT `id`,`name`,`image`,`diyname`,`items` FROM `fa_cms_channel` WHERE  `id` IN (92) [ RunTime:0.000408s ]
[ sql ] [ SQL ] SELECT `id`,`name`,`image`,`diyname`,`items` FROM `fa_cms_channel` WHERE  `id` IN (93) [ RunTime:0.000241s ]
[ sql ] [ SQL ] SELECT `fa_cms_archives`.*,pivot.experts_id AS pivot__experts_id,pivot.kecheng_id AS pivot__kecheng_id FROM `fa_cms_archives` INNER JOIN `fa_experts_kecheng` `pivot` ON `pivot`.`experts_id`=`fa_cms_archives`.`id` WHERE (  `pivot`.`kecheng_id` IN (21,22,23,24,25,26,27,28,29,30,33,34,35,36,38,39,40,41,42,43,44,45,46,48,49,50,51,53,54,55) ) AND `fa_cms_archives`.`deletetime` IS NULL [ RunTime:0.000543s ]
[ sql ] [ SQL ] SELECT `kecheng`.`id`,`kecheng`.`chanpin_id`,`kecheng`.`experts_id`,`kecheng`.`begintime`,`kecheng`.`endtime`,`kecheng`.`createtime`,`kecheng`.`updatetime`,`kecheng`.`deletetime`,`kecheng`.`status`,`kecheng`.`experts`,`kecheng`.`channel_id`,`kecheng`.`qitafile`,`kecheng`.`area`,channel.id AS channel__id,channel.type AS channel__type,channel.model_id AS channel__model_id,channel.parent_id AS channel__parent_id,channel.name AS channel__name,channel.image AS channel__image,channel.flag AS channel__flag,channel.keywords AS channel__keywords,channel.description AS channel__description,channel.diyname AS channel__diyname,channel.outlink AS channel__outlink,channel.items AS channel__items,channel.weigh AS channel__weigh,channel.channeltpl AS channel__channeltpl,channel.listtpl AS channel__listtpl,channel.showtpl AS channel__showtpl,channel.pagesize AS channel__pagesize,channel.iscontribute AS channel__iscontribute,channel.createtime AS channel__createtime,channel.updatetime AS channel__updatetime,channel.status AS channel__status,chanpin.id AS chanpin__id,chanpin.user_id AS chanpin__user_id,chanpin.channel_id AS chanpin__channel_id,chanpin.model_id AS chanpin__model_id,chanpin.title AS chanpin__title,chanpin.flag AS chanpin__flag,chanpin.image AS chanpin__image,chanpin.keywords AS chanpin__keywords,chanpin.description AS chanpin__description,chanpin.tags AS chanpin__tags,chanpin.weigh AS chanpin__weigh,chanpin.views AS chanpin__views,chanpin.comments AS chanpin__comments,chanpin.likes AS chanpin__likes,chanpin.dislikes AS chanpin__dislikes,chanpin.diyname AS chanpin__diyname,chanpin.createtime AS chanpin__createtime,chanpin.updatetime AS chanpin__updatetime,chanpin.publishtime AS chanpin__publishtime,chanpin.deletetime AS chanpin__deletetime,chanpin.memo AS chanpin__memo,chanpin.status AS chanpin__status FROM `fa_cms_kecheng` `kecheng` LEFT JOIN `fa_cms_channel` `channel` ON `kecheng`.`channel_id`=`channel`.`id` LEFT JOIN `fa_cms_archives` `chanpin` ON `kecheng`.`chanpin_id`=`chanpin`.`id` WHERE  `channel`.`diyname` = 'chanpinyufuw'  AND `begintime` >= '2019-05-23'  AND `endtime` <= '2019-07-23' ORDER BY `begintime` ASC [ RunTime:0.000691s ]
[ error ] [8]未定义变量: config[/www/wwwroot/default/tpadmin/addons/cms/controller/Index.php:65]
[ error ] [8]Use of undefined constant shortName - assumed 'shortName'[/www/wwwroot/default/tpadmin/runtime/temp/2292a031af2331c37dbcc37be565b46a.php:453]
[ error ] [8]未定义数组索引: zi[/www/wwwroot/default/tpadmin/addons/cms/controller/Api.php:322]
[ error ] [8]未定义数组索引: zid[/www/wwwroot/default/tpadmin/addons/cms/controller/Api.php:323]
[ error ] [8]未定义数组索引: zi[/www/wwwroot/default/tpadmin/addons/cms/controller/Api.php:322]
[ error ] [8]未定义数组索引: zid[/www/wwwroot/default/tpadmin/addons/cms/controller/Api.php:323]
[ error ] [8]未定义数组索引: zi[/www/wwwroot/default/tpadmin/addons/cms/controller/Api.php:322]
[ error ] [8]未定义数组索引: zid[/www/wwwroot/default/tpadmin/addons/cms/controller/Api.php:323]
[ error ] [8]未定义数组索引: zi[/www/wwwroot/default/tpadmin/addons/cms/controller/Api.php:322]
[ error ] [8]未定义数组索引: zid[/www/wwwroot/default/tpadmin/addons/cms/controller/Api.php:323]
[ error ] [8]未定义数组索引: zi[/www/wwwroot/default/tpadmin/addons/cms/controller/Api.php:322]
[ error ] [8]未定义数组索引: zid[/www/wwwroot/default/tpadmin/addons/cms/controller/Api.php:323]
[ error ] [8]未定义数组索引: zi[/www/wwwroot/default/tpadmin/addons/cms/controller/Api.php:322]
[ error ] [8]未定义数组索引: zid[/www/wwwroot/default/tpadmin/addons/cms/controller/Api.php:323]
[ error ] [8]未定义数组索引: zi[/www/wwwroot/default/tpadmin/addons/cms/controller/Api.php:322]
[ error ] [8]未定义数组索引: zid[/www/wwwroot/default/tpadmin/addons/cms/controller/Api.php:323]
[ error ] [8]未定义数组索引: zi[/www/wwwroot/default/tpadmin/addons/cms/controller/Api.php:322]
[ error ] [8]未定义数组索引: zid[/www/wwwroot/default/tpadmin/addons/cms/controller/Api.php:323]
[ error ] [8]未定义数组索引: zi[/www/wwwroot/default/tpadmin/addons/cms/controller/Api.php:322]
[ error ] [8]未定义数组索引: zid[/www/wwwroot/default/tpadmin/addons/cms/controller/Api.php:323]
[ error ] [8]未定义数组索引: zi[/www/wwwroot/default/tpadmin/addons/cms/controller/Api.php:322]
[ error ] [8]未定义数组索引: zid[/www/wwwroot/default/tpadmin/addons/cms/controller/Api.php:323]
[ error ] [8]未定义数组索引: zi[/www/wwwroot/default/tpadmin/addons/cms/controller/Api.php:322]
[ error ] [8]未定义数组索引: zid[/www/wwwroot/default/tpadmin/addons/cms/controller/Api.php:323]
[ error ] [8]未定义数组索引: zi[/www/wwwroot/default/tpadmin/addons/cms/controller/Api.php:322]
[ error ] [8]未定义数组索引: zid[/www/wwwroot/default/tpadmin/addons/cms/controller/Api.php:323]
[ error ] [8]未定义数组索引: zi[/www/wwwroot/default/tpadmin/addons/cms/controller/Api.php:322]
[ error ] [8]未定义数组索引: zid[/www/wwwroot/default/tpadmin/addons/cms/controller/Api.php:323]
[ error ] [8]未定义数组索引: zi[/www/wwwroot/default/tpadmin/addons/cms/controller/Api.php:322]
[ error ] [8]未定义数组索引: zid[/www/wwwroot/default/tpadmin/addons/cms/controller/Api.php:323]
[ error ] [8]未定义数组索引: zi[/www/wwwroot/default/tpadmin/addons/cms/controller/Api.php:322]
[ error ] [8]未定义数组索引: zid[/www/wwwroot/default/tpadmin/addons/cms/controller/Api.php:323]
[ error ] [8]未定义数组索引: zi[/www/wwwroot/default/tpadmin/addons/cms/controller/Api.php:322]
[ error ] [8]未定义数组索引: zid[/www/wwwroot/default/tpadmin/addons/cms/controller/Api.php:323]
[ error ] [8]未定义数组索引: zi[/www/wwwroot/default/tpadmin/addons/cms/controller/Api.php:322]
[ error ] [8]未定义数组索引: zid[/www/wwwroot/default/tpadmin/addons/cms/controller/Api.php:323]
[ error ] [8]未定义数组索引: zi[/www/wwwroot/default/tpadmin/addons/cms/controller/Api.php:322]
[ error ] [8]未定义数组索引: zid[/www/wwwroot/default/tpadmin/addons/cms/controller/Api.php:323]
[ error ] [8]未定义数组索引: zi[/www/wwwroot/default/tpadmin/addons/cms/controller/Api.php:322]
[ error ] [8]未定义数组索引: zid[/www/wwwroot/default/tpadmin/addons/cms/controller/Api.php:323]
[ error ] [8]未定义数组索引: zi[/www/wwwroot/default/tpadmin/addons/cms/controller/Api.php:322]
[ error ] [8]未定义数组索引: zid[/www/wwwroot/default/tpadmin/addons/cms/controller/Api.php:323]
[ error ] [8]未定义数组索引: zi[/www/wwwroot/default/tpadmin/addons/cms/controller/Api.php:322]
[ error ] [8]未定义数组索引: zid[/www/wwwroot/default/tpadmin/addons/cms/controller/Api.php:323]
[ error ] [8]未定义数组索引: zi[/www/wwwroot/default/tpadmin/addons/cms/controller/Api.php:322]
[ error ] [8]未定义数组索引: zid[/www/wwwroot/default/tpadmin/addons/cms/controller/Api.php:323]
[ error ] [8]未定义数组索引: zi[/www/wwwroot/default/tpadmin/addons/cms/controller/Api.php:322]
[ error ] [8]未定义数组索引: zid[/www/wwwroot/default/tpadmin/addons/cms/controller/Api.php:323]
[ error ] [8]未定义数组索引: zi[/www/wwwroot/default/tpadmin/addons/cms/controller/Api.php:322]
[ error ] [8]未定义数组索引: zid[/www/wwwroot/default/tpadmin/addons/cms/controller/Api.php:323]
[ error ] [8]未定义数组索引: zi[/www/wwwroot/default/tpadmin/addons/cms/controller/Api.php:322]
[ error ] [8]未定义数组索引: zid[/www/wwwroot/default/tpadmin/addons/cms/controller/Api.php:323]
[ error ] [8]未定义数组索引: value[/www/wwwroot/default/tpadmin/addons/cms/controller/Api.php:346]
[ error ] [8]未定义数组索引: zi[/www/wwwroot/default/tpadmin/addons/cms/controller/Api.php:347]
[ error ] [8]未定义数组索引: eachart[/www/wwwroot/default/tpadmin/runtime/temp/2292a031af2331c37dbcc37be565b46a.php:552]
[ error ] [8]Use of undefined constant qrcode - assumed 'qrcode'[/www/wwwroot/default/tpadmin/runtime/temp/2292a031af2331c37dbcc37be565b46a.php:776]
