---------------------------------------------------------------
[ 2019-05-24T23:36:23+08:00 ] 117.136.52.147 GET www.changcaizixun.com/
[运行时间：0.084925s] [吞吐率：11.78req/s] [内存消耗：4,618.75kb] [文件加载：101]
[ info ] [ BEHAVIOR ] Run Closure @app_init [ RunTime:0.000031s ]
[ info ] [ CACHE ] INIT File
[ info ] [ BEHAVIOR ] Run Closure @app_init [ RunTime:0.003169s ]
[ info ] [ LANG ] /www/wwwroot/default/tpadmin/thinkphp/lang/zh-cn.php
[ info ] [ ROUTE ] array (
  'type' => 'method',
  'method' => 
  array (
    0 => '\\think\\addons\\Route',
    1 => 'execute',
  ),
  'var' => 
  array (
    'addon' => 'cms',
    'controller' => 'index',
    'action' => 'index',
  ),
)
[ info ] [ HEADER ] array (
  'connection' => 'keep-alive',
  'accept-encoding' => 'gzip, deflate',
  'accept-language' => 'zh-cn',
  'user-agent' => 'Mozilla/5.0 (iPhone; CPU iPhone OS 12_2 like Mac OS X) AppleWebKit/605.1.15 (KHTML, like Gecko) Version/12.1 Mobile/15E148 Safari/604.1',
  'cookie' => 'PHPSESSID=35kgusc47s920p3bf66c20js91',
  'upgrade-insecure-requests' => '1',
  'accept' => 'text/html,application/xhtml+xml,application/xml;q=0.9,*/*;q=0.8',
  'host' => 'www.changcaizixun.com',
  'content-type' => '',
  'content-length' => '',
)
[ info ] [ PARAM ] array (
)
[ info ] [ RUN ] think\addons\Route->execute[ /www/wwwroot/default/tpadmin/vendor/karsonzhang/fastadmin-addons/src/addons/Route.php ]
[ info ] [ LANG ] /www/wwwroot/default/tpadmin/public/../application/common/lang/zh-cn/addon.php
[ info ] [ BEHAVIOR ] Run app\common\behavior\Common @addon_begin [ RunTime:0.001524s ]
[ info ] [ LANG ] /www/wwwroot/default/tpadmin/addons/cms/lang/zh-cn.php
[ info ] [ SESSION ] INIT array (
  'id' => '',
  'var_session_id' => '',
  'prefix' => 'think',
  'type' => '',
  'auto_start' => true,
)
[ info ] [ BEHAVIOR ] Run \addons\qiniu\Qiniu @upload_config_init [ RunTime:0.000959s ]
[ info ] [ DB ] INIT mysql
[ info ] [ VIEW ] /www/wwwroot/default/tpadmin/addons/cms/view/default/common/formfield.html [ array (
  0 => 'config',
  1 => 'user',
  2 => 'site',
  3 => '__CHANNEL__',
  4 => 'fields',
) ]
[ info ] [ VIEW ] /www/wwwroot/default/tpadmin/addons/cms/view/default/index.html [ array (
  0 => 'config',
  1 => 'user',
  2 => 'site',
  3 => '__CHANNEL__',
  4 => 'firstsheng',
  5 => 'yantaohuis',
  6 => 'zifen',
  7 => 'jsconfig',
  8 => 'diyform',
  9 => 'chanpin',
  10 => 'zhuanjia',
) ]
[ info ] [ LANG ] /www/wwwroot/default/tpadmin/addons/cms/lang/zh-cn.php
[ info ] [ BEHAVIOR ] Run \addons\qiniu\Qiniu @upload_config_init [ RunTime:0.000090s ]
[ info ] [ LOG ] INIT File
[ sql ] [ DB ] CONNECT:[ UseTime:0.000327s ] mysql:host=127.0.0.1;dbname=fastadmin;charset=utf8
[ sql ] [ SQL ] SHOW COLUMNS FROM `fa_cms_channel` [ RunTime:0.000962s ]
[ sql ] [ SQL ] SELECT `id` FROM `fa_cms_channel` WHERE  `parent_id` IN ( SELECT `id` FROM `fa_cms_channel` WHERE  `diyname` = 'chanpinyufuw' ) [ RunTime:0.000349s ]
[ sql ] [ SQL ] SHOW COLUMNS FROM `fa_cms_archives` [ RunTime:0.000904s ]
[ sql ] [ SQL ] SELECT * FROM `fa_cms_archives` WHERE  `status` = 'normal'  AND ( `deletetime` IS NULL )  AND `channel_id` IN (99,100,101,102) ORDER BY `weigh` ASC LIMIT 12 [ RunTime:0.000497s ]
[ sql ] [ SQL ] SELECT `id`,`name`,`image`,`diyname`,`items` FROM `fa_cms_channel` WHERE  `id` IN (99,100,101) [ RunTime:0.000263s ]
[ sql ] [ SQL ] SELECT * FROM `fa_cms_archives` WHERE  `status` = 'normal'  AND ( `deletetime` IS NULL )  AND `channel_id` IN (63) ORDER BY `weigh` ASC LIMIT 12 [ RunTime:0.000557s ]
[ sql ] [ SQL ] SELECT `id`,`name`,`image`,`diyname`,`items` FROM `fa_cms_channel` WHERE  `id` IN (63) [ RunTime:0.000251s ]
[ sql ] [ SQL ] SHOW COLUMNS FROM `fa_cms_fields` [ RunTime:0.000830s ]
[ sql ] [ SQL ] SELECT * FROM `fa_cms_fields` WHERE  `diyform_id` = 1  AND `iscontribute` = 1  AND `status` = 'normal' ORDER BY `weigh` DESC,`id` DESC [ RunTime:0.000372s ]
[ sql ] [ SQL ] SHOW COLUMNS FROM `fa_location` [ RunTime:0.000697s ]
[ sql ] [ SQL ] SELECT * FROM `fa_location` WHERE  (  level=1 )  AND `id` = 110000 LIMIT 1 [ RunTime:0.000254s ]
[ sql ] [ SQL ] SHOW COLUMNS FROM `fa_cms_kecheng` [ RunTime:0.000648s ]
[ sql ] [ SQL ] SELECT `kecheng`.`id`,`kecheng`.`chanpin_id`,`kecheng`.`experts_id`,`kecheng`.`begintime`,`kecheng`.`endtime`,`kecheng`.`createtime`,`kecheng`.`updatetime`,`kecheng`.`deletetime`,`kecheng`.`status`,`kecheng`.`experts`,`kecheng`.`channel_id`,`kecheng`.`qitafile`,`kecheng`.`area`,chanpin.id AS chanpin__id,chanpin.user_id AS chanpin__user_id,chanpin.channel_id AS chanpin__channel_id,chanpin.model_id AS chanpin__model_id,chanpin.title AS chanpin__title,chanpin.flag AS chanpin__flag,chanpin.image AS chanpin__image,chanpin.keywords AS chanpin__keywords,chanpin.description AS chanpin__description,chanpin.tags AS chanpin__tags,chanpin.weigh AS chanpin__weigh,chanpin.views AS chanpin__views,chanpin.comments AS chanpin__comments,chanpin.likes AS chanpin__likes,chanpin.dislikes AS chanpin__dislikes,chanpin.diyname AS chanpin__diyname,chanpin.createtime AS chanpin__createtime,chanpin.updatetime AS chanpin__updatetime,chanpin.publishtime AS chanpin__publishtime,chanpin.deletetime AS chanpin__deletetime,chanpin.memo AS chanpin__memo,chanpin.status AS chanpin__status,channel.id AS channel__id,channel.type AS channel__type,channel.model_id AS channel__model_id,channel.parent_id AS channel__parent_id,channel.name AS channel__name,channel.image AS channel__image,channel.flag AS channel__flag,channel.keywords AS channel__keywords,channel.description AS channel__description,channel.diyname AS channel__diyname,channel.outlink AS channel__outlink,channel.items AS channel__items,channel.weigh AS channel__weigh,channel.channeltpl AS channel__channeltpl,channel.listtpl AS channel__listtpl,channel.showtpl AS channel__showtpl,channel.pagesize AS channel__pagesize,channel.iscontribute AS channel__iscontribute,channel.createtime AS channel__createtime,channel.updatetime AS channel__updatetime,channel.status AS channel__status FROM `fa_cms_kecheng` `kecheng` LEFT JOIN `fa_cms_archives` `chanpin` ON `kecheng`.`chanpin_id`=`chanpin`.`id` LEFT JOIN `fa_cms_channel` `channel` ON `kecheng`.`channel_id`=`channel`.`id` WHERE  `channel`.`diyname` = 'yantaohuixinxi'  AND `endtime` >= '2019-05-24' ORDER BY `begintime` ASC LIMIT 8 [ RunTime:0.000527s ]
[ sql ] [ SQL ] SELECT `id`,`name`,`image`,`diyname`,`items` FROM `fa_cms_channel` WHERE  `id` IN (3) [ RunTime:0.000349s ]
[ sql ] [ SQL ] SHOW COLUMNS FROM `fa_experts_kecheng` [ RunTime:0.000758s ]
[ sql ] [ SQL ] SELECT `fa_cms_archives`.*,pivot.experts_id AS pivot__experts_id,pivot.kecheng_id AS pivot__kecheng_id FROM `fa_cms_archives` INNER JOIN `fa_experts_kecheng` `pivot` ON `pivot`.`experts_id`=`fa_cms_archives`.`id` WHERE (  `pivot`.`kecheng_id` IN (21,22,23,24,25,26,27,28,29,30,33,34,35,36,38,39,40,41,42,43,44,45,46,48,49,50,51,53,54,55) ) AND `fa_cms_archives`.`deletetime` IS NULL [ RunTime:0.000516s ]
[ sql ] [ SQL ] SELECT `kecheng`.`id`,`kecheng`.`chanpin_id`,`kecheng`.`experts_id`,`kecheng`.`begintime`,`kecheng`.`endtime`,`kecheng`.`createtime`,`kecheng`.`updatetime`,`kecheng`.`deletetime`,`kecheng`.`status`,`kecheng`.`experts`,`kecheng`.`channel_id`,`kecheng`.`qitafile`,`kecheng`.`area`,channel.id AS channel__id,channel.type AS channel__type,channel.model_id AS channel__model_id,channel.parent_id AS channel__parent_id,channel.name AS channel__name,channel.image AS channel__image,channel.flag AS channel__flag,channel.keywords AS channel__keywords,channel.description AS channel__description,channel.diyname AS channel__diyname,channel.outlink AS channel__outlink,channel.items AS channel__items,channel.weigh AS channel__weigh,channel.channeltpl AS channel__channeltpl,channel.listtpl AS channel__listtpl,channel.showtpl AS channel__showtpl,channel.pagesize AS channel__pagesize,channel.iscontribute AS channel__iscontribute,channel.createtime AS channel__createtime,channel.updatetime AS channel__updatetime,channel.status AS channel__status,chanpin.id AS chanpin__id,chanpin.user_id AS chanpin__user_id,chanpin.channel_id AS chanpin__channel_id,chanpin.model_id AS chanpin__model_id,chanpin.title AS chanpin__title,chanpin.flag AS chanpin__flag,chanpin.image AS chanpin__image,chanpin.keywords AS chanpin__keywords,chanpin.description AS chanpin__description,chanpin.tags AS chanpin__tags,chanpin.weigh AS chanpin__weigh,chanpin.views AS chanpin__views,chanpin.comments AS chanpin__comments,chanpin.likes AS chanpin__likes,chanpin.dislikes AS chanpin__dislikes,chanpin.diyname AS chanpin__diyname,chanpin.createtime AS chanpin__createtime,chanpin.updatetime AS chanpin__updatetime,chanpin.publishtime AS chanpin__publishtime,chanpin.deletetime AS chanpin__deletetime,chanpin.memo AS chanpin__memo,chanpin.status AS chanpin__status FROM `fa_cms_kecheng` `kecheng` LEFT JOIN `fa_cms_channel` `channel` ON `kecheng`.`channel_id`=`channel`.`id` LEFT JOIN `fa_cms_archives` `chanpin` ON `kecheng`.`chanpin_id`=`chanpin`.`id` WHERE  `channel`.`diyname` = 'chanpinyufuw'  AND `begintime` >= '2019-05-24'  AND `endtime` <= '2019-07-24' ORDER BY `begintime` ASC [ RunTime:0.000610s ]
[ sql ] [ SQL ] SELECT `id`,`name`,`image`,`diyname`,`items` FROM `fa_cms_channel` WHERE  `id` IN (92) [ RunTime:0.000450s ]
[ sql ] [ SQL ] SELECT `id`,`name`,`image`,`diyname`,`items` FROM `fa_cms_channel` WHERE  `id` IN (93) [ RunTime:0.000248s ]
[ sql ] [ SQL ] SELECT `fa_cms_archives`.*,pivot.experts_id AS pivot__experts_id,pivot.kecheng_id AS pivot__kecheng_id FROM `fa_cms_archives` INNER JOIN `fa_experts_kecheng` `pivot` ON `pivot`.`experts_id`=`fa_cms_archives`.`id` WHERE (  `pivot`.`kecheng_id` IN (21,22,23,24,25,26,27,28,29,30,33,34,35,36,38,39,40,41,42,43,44,45,46,48,49,50,51,53,54,55) ) AND `fa_cms_archives`.`deletetime` IS NULL [ RunTime:0.000531s ]
[ sql ] [ SQL ] SELECT `kecheng`.`id`,`kecheng`.`chanpin_id`,`kecheng`.`experts_id`,`kecheng`.`begintime`,`kecheng`.`endtime`,`kecheng`.`createtime`,`kecheng`.`updatetime`,`kecheng`.`deletetime`,`kecheng`.`status`,`kecheng`.`experts`,`kecheng`.`channel_id`,`kecheng`.`qitafile`,`kecheng`.`area`,channel.id AS channel__id,channel.type AS channel__type,channel.model_id AS channel__model_id,channel.parent_id AS channel__parent_id,channel.name AS channel__name,channel.image AS channel__image,channel.flag AS channel__flag,channel.keywords AS channel__keywords,channel.description AS channel__description,channel.diyname AS channel__diyname,channel.outlink AS channel__outlink,channel.items AS channel__items,channel.weigh AS channel__weigh,channel.channeltpl AS channel__channeltpl,channel.listtpl AS channel__listtpl,channel.showtpl AS channel__showtpl,channel.pagesize AS channel__pagesize,channel.iscontribute AS channel__iscontribute,channel.createtime AS channel__createtime,channel.updatetime AS channel__updatetime,channel.status AS channel__status,chanpin.id AS chanpin__id,chanpin.user_id AS chanpin__user_id,chanpin.channel_id AS chanpin__channel_id,chanpin.model_id AS chanpin__model_id,chanpin.title AS chanpin__title,chanpin.flag AS chanpin__flag,chanpin.image AS chanpin__image,chanpin.keywords AS chanpin__keywords,chanpin.description AS chanpin__description,chanpin.tags AS chanpin__tags,chanpin.weigh AS chanpin__weigh,chanpin.views AS chanpin__views,chanpin.comments AS chanpin__comments,chanpin.likes AS chanpin__likes,chanpin.dislikes AS chanpin__dislikes,chanpin.diyname AS chanpin__diyname,chanpin.createtime AS chanpin__createtime,chanpin.updatetime AS chanpin__updatetime,chanpin.publishtime AS chanpin__publishtime,chanpin.deletetime AS chanpin__deletetime,chanpin.memo AS chanpin__memo,chanpin.status AS chanpin__status FROM `fa_cms_kecheng` `kecheng` LEFT JOIN `fa_cms_channel` `channel` ON `kecheng`.`channel_id`=`channel`.`id` LEFT JOIN `fa_cms_archives` `chanpin` ON `kecheng`.`chanpin_id`=`chanpin`.`id` WHERE  `channel`.`diyname` = 'chanpinyufuw'  AND `begintime` >= '2019-05-24'  AND `endtime` <= '2019-07-24' ORDER BY `begintime` ASC [ RunTime:0.000623s ]
[ error ] [8]未定义变量: config[/www/wwwroot/default/tpadmin/addons/cms/controller/Index.php:65]
[ error ] [8]Use of undefined constant shortName - assumed 'shortName'[/www/wwwroot/default/tpadmin/runtime/temp/2292a031af2331c37dbcc37be565b46a.php:453]
[ error ] [8]未定义数组索引: zi[/www/wwwroot/default/tpadmin/addons/cms/controller/Api.php:322]
[ error ] [8]未定义数组索引: zid[/www/wwwroot/default/tpadmin/addons/cms/controller/Api.php:323]
[ error ] [8]未定义数组索引: zi[/www/wwwroot/default/tpadmin/addons/cms/controller/Api.php:322]
[ error ] [8]未定义数组索引: zid[/www/wwwroot/default/tpadmin/addons/cms/controller/Api.php:323]
[ error ] [8]未定义数组索引: zi[/www/wwwroot/default/tpadmin/addons/cms/controller/Api.php:322]
[ error ] [8]未定义数组索引: zid[/www/wwwroot/default/tpadmin/addons/cms/controller/Api.php:323]
[ error ] [8]未定义数组索引: zi[/www/wwwroot/default/tpadmin/addons/cms/controller/Api.php:322]
[ error ] [8]未定义数组索引: zid[/www/wwwroot/default/tpadmin/addons/cms/controller/Api.php:323]
[ error ] [8]未定义数组索引: zi[/www/wwwroot/default/tpadmin/addons/cms/controller/Api.php:322]
[ error ] [8]未定义数组索引: zid[/www/wwwroot/default/tpadmin/addons/cms/controller/Api.php:323]
[ error ] [8]未定义数组索引: zi[/www/wwwroot/default/tpadmin/addons/cms/controller/Api.php:322]
[ error ] [8]未定义数组索引: zid[/www/wwwroot/default/tpadmin/addons/cms/controller/Api.php:323]
[ error ] [8]未定义数组索引: zi[/www/wwwroot/default/tpadmin/addons/cms/controller/Api.php:322]
[ error ] [8]未定义数组索引: zid[/www/wwwroot/default/tpadmin/addons/cms/controller/Api.php:323]
[ error ] [8]未定义数组索引: zi[/www/wwwroot/default/tpadmin/addons/cms/controller/Api.php:322]
[ error ] [8]未定义数组索引: zid[/www/wwwroot/default/tpadmin/addons/cms/controller/Api.php:323]
[ error ] [8]未定义数组索引: zi[/www/wwwroot/default/tpadmin/addons/cms/controller/Api.php:322]
[ error ] [8]未定义数组索引: zid[/www/wwwroot/default/tpadmin/addons/cms/controller/Api.php:323]
[ error ] [8]未定义数组索引: zi[/www/wwwroot/default/tpadmin/addons/cms/controller/Api.php:322]
[ error ] [8]未定义数组索引: zid[/www/wwwroot/default/tpadmin/addons/cms/controller/Api.php:323]
[ error ] [8]未定义数组索引: zi[/www/wwwroot/default/tpadmin/addons/cms/controller/Api.php:322]
[ error ] [8]未定义数组索引: zid[/www/wwwroot/default/tpadmin/addons/cms/controller/Api.php:323]
[ error ] [8]未定义数组索引: zi[/www/wwwroot/default/tpadmin/addons/cms/controller/Api.php:322]
[ error ] [8]未定义数组索引: zid[/www/wwwroot/default/tpadmin/addons/cms/controller/Api.php:323]
[ error ] [8]未定义数组索引: zi[/www/wwwroot/default/tpadmin/addons/cms/controller/Api.php:322]
[ error ] [8]未定义数组索引: zid[/www/wwwroot/default/tpadmin/addons/cms/controller/Api.php:323]
[ error ] [8]未定义数组索引: zi[/www/wwwroot/default/tpadmin/addons/cms/controller/Api.php:322]
[ error ] [8]未定义数组索引: zid[/www/wwwroot/default/tpadmin/addons/cms/controller/Api.php:323]
[ error ] [8]未定义数组索引: zi[/www/wwwroot/default/tpadmin/addons/cms/controller/Api.php:322]
[ error ] [8]未定义数组索引: zid[/www/wwwroot/default/tpadmin/addons/cms/controller/Api.php:323]
[ error ] [8]未定义数组索引: zi[/www/wwwroot/default/tpadmin/addons/cms/controller/Api.php:322]
[ error ] [8]未定义数组索引: zid[/www/wwwroot/default/tpadmin/addons/cms/controller/Api.php:323]
[ error ] [8]未定义数组索引: zi[/www/wwwroot/default/tpadmin/addons/cms/controller/Api.php:322]
[ error ] [8]未定义数组索引: zid[/www/wwwroot/default/tpadmin/addons/cms/controller/Api.php:323]
[ error ] [8]未定义数组索引: zi[/www/wwwroot/default/tpadmin/addons/cms/controller/Api.php:322]
[ error ] [8]未定义数组索引: zid[/www/wwwroot/default/tpadmin/addons/cms/controller/Api.php:323]
[ error ] [8]未定义数组索引: zi[/www/wwwroot/default/tpadmin/addons/cms/controller/Api.php:322]
[ error ] [8]未定义数组索引: zid[/www/wwwroot/default/tpadmin/addons/cms/controller/Api.php:323]
[ error ] [8]未定义数组索引: zi[/www/wwwroot/default/tpadmin/addons/cms/controller/Api.php:322]
[ error ] [8]未定义数组索引: zid[/www/wwwroot/default/tpadmin/addons/cms/controller/Api.php:323]
[ error ] [8]未定义数组索引: zi[/www/wwwroot/default/tpadmin/addons/cms/controller/Api.php:322]
[ error ] [8]未定义数组索引: zid[/www/wwwroot/default/tpadmin/addons/cms/controller/Api.php:323]
[ error ] [8]未定义数组索引: zi[/www/wwwroot/default/tpadmin/addons/cms/controller/Api.php:322]
[ error ] [8]未定义数组索引: zid[/www/wwwroot/default/tpadmin/addons/cms/controller/Api.php:323]
[ error ] [8]未定义数组索引: zi[/www/wwwroot/default/tpadmin/addons/cms/controller/Api.php:322]
[ error ] [8]未定义数组索引: zid[/www/wwwroot/default/tpadmin/addons/cms/controller/Api.php:323]
[ error ] [8]未定义数组索引: zi[/www/wwwroot/default/tpadmin/addons/cms/controller/Api.php:322]
[ error ] [8]未定义数组索引: zid[/www/wwwroot/default/tpadmin/addons/cms/controller/Api.php:323]
[ error ] [8]未定义数组索引: zi[/www/wwwroot/default/tpadmin/addons/cms/controller/Api.php:322]
[ error ] [8]未定义数组索引: zid[/www/wwwroot/default/tpadmin/addons/cms/controller/Api.php:323]
[ error ] [8]未定义数组索引: value[/www/wwwroot/default/tpadmin/addons/cms/controller/Api.php:346]
[ error ] [8]未定义数组索引: zi[/www/wwwroot/default/tpadmin/addons/cms/controller/Api.php:347]
[ error ] [8]未定义数组索引: eachart[/www/wwwroot/default/tpadmin/runtime/temp/2292a031af2331c37dbcc37be565b46a.php:552]
[ error ] [8]Use of undefined constant qrcode - assumed 'qrcode'[/www/wwwroot/default/tpadmin/runtime/temp/2292a031af2331c37dbcc37be565b46a.php:776]
---------------------------------------------------------------
[ 2019-05-24T23:36:25+08:00 ] 117.136.52.147 GET www.changcaizixun.com/
[运行时间：0.092278s] [吞吐率：10.84req/s] [内存消耗：4,618.80kb] [文件加载：101]
[ info ] [ BEHAVIOR ] Run Closure @app_init [ RunTime:0.000028s ]
[ info ] [ CACHE ] INIT File
[ info ] [ BEHAVIOR ] Run Closure @app_init [ RunTime:0.002153s ]
[ info ] [ LANG ] /www/wwwroot/default/tpadmin/thinkphp/lang/zh-cn.php
[ info ] [ ROUTE ] array (
  'type' => 'method',
  'method' => 
  array (
    0 => '\\think\\addons\\Route',
    1 => 'execute',
  ),
  'var' => 
  array (
    'addon' => 'cms',
    'controller' => 'index',
    'action' => 'index',
  ),
)
[ info ] [ HEADER ] array (
  'connection' => 'keep-alive',
  'accept-encoding' => 'gzip, deflate',
  'accept-language' => 'zh-cn',
  'user-agent' => 'Mozilla/5.0 (iPhone; CPU iPhone OS 12_2 like Mac OS X) AppleWebKit/605.1.15 (KHTML, like Gecko) Version/12.1 Mobile/15E148 Safari/604.1',
  'cookie' => 'PHPSESSID=35kgusc47s920p3bf66c20js91',
  'upgrade-insecure-requests' => '1',
  'accept' => 'text/html,application/xhtml+xml,application/xml;q=0.9,*/*;q=0.8',
  'host' => 'www.changcaizixun.com',
  'content-type' => '',
  'content-length' => '',
)
[ info ] [ PARAM ] array (
)
[ info ] [ RUN ] think\addons\Route->execute[ /www/wwwroot/default/tpadmin/vendor/karsonzhang/fastadmin-addons/src/addons/Route.php ]
[ info ] [ LANG ] /www/wwwroot/default/tpadmin/public/../application/common/lang/zh-cn/addon.php
[ info ] [ BEHAVIOR ] Run app\common\behavior\Common @addon_begin [ RunTime:0.001720s ]
[ info ] [ LANG ] /www/wwwroot/default/tpadmin/addons/cms/lang/zh-cn.php
[ info ] [ SESSION ] INIT array (
  'id' => '',
  'var_session_id' => '',
  'prefix' => 'think',
  'type' => '',
  'auto_start' => true,
)
[ info ] [ BEHAVIOR ] Run \addons\qiniu\Qiniu @upload_config_init [ RunTime:0.001040s ]
[ info ] [ DB ] INIT mysql
[ info ] [ VIEW ] /www/wwwroot/default/tpadmin/addons/cms/view/default/common/formfield.html [ array (
  0 => 'config',
  1 => 'user',
  2 => 'site',
  3 => '__CHANNEL__',
  4 => 'fields',
) ]
[ info ] [ VIEW ] /www/wwwroot/default/tpadmin/addons/cms/view/default/index.html [ array (
  0 => 'config',
  1 => 'user',
  2 => 'site',
  3 => '__CHANNEL__',
  4 => 'firstsheng',
  5 => 'yantaohuis',
  6 => 'zifen',
  7 => 'jsconfig',
  8 => 'diyform',
  9 => 'chanpin',
  10 => 'zhuanjia',
) ]
[ info ] [ LANG ] /www/wwwroot/default/tpadmin/addons/cms/lang/zh-cn.php
[ info ] [ BEHAVIOR ] Run \addons\qiniu\Qiniu @upload_config_init [ RunTime:0.000108s ]
[ info ] [ LOG ] INIT File
[ sql ] [ DB ] CONNECT:[ UseTime:0.000439s ] mysql:host=127.0.0.1;dbname=fastadmin;charset=utf8
[ sql ] [ SQL ] SHOW COLUMNS FROM `fa_cms_channel` [ RunTime:0.001185s ]
[ sql ] [ SQL ] SELECT `id` FROM `fa_cms_channel` WHERE  `parent_id` IN ( SELECT `id` FROM `fa_cms_channel` WHERE  `diyname` = 'chanpinyufuw' ) [ RunTime:0.000448s ]
[ sql ] [ SQL ] SHOW COLUMNS FROM `fa_cms_archives` [ RunTime:0.001010s ]
[ sql ] [ SQL ] SELECT * FROM `fa_cms_archives` WHERE  `status` = 'normal'  AND ( `deletetime` IS NULL )  AND `channel_id` IN (99,100,101,102) ORDER BY `weigh` ASC LIMIT 12 [ RunTime:0.000677s ]
[ sql ] [ SQL ] SELECT `id`,`name`,`image`,`diyname`,`items` FROM `fa_cms_channel` WHERE  `id` IN (99,100,101) [ RunTime:0.000327s ]
[ sql ] [ SQL ] SELECT * FROM `fa_cms_archives` WHERE  `status` = 'normal'  AND ( `deletetime` IS NULL )  AND `channel_id` IN (63) ORDER BY `weigh` ASC LIMIT 12 [ RunTime:0.000790s ]
[ sql ] [ SQL ] SELECT `id`,`name`,`image`,`diyname`,`items` FROM `fa_cms_channel` WHERE  `id` IN (63) [ RunTime:0.000308s ]
[ sql ] [ SQL ] SHOW COLUMNS FROM `fa_cms_fields` [ RunTime:0.001084s ]
[ sql ] [ SQL ] SELECT * FROM `fa_cms_fields` WHERE  `diyform_id` = 1  AND `iscontribute` = 1  AND `status` = 'normal' ORDER BY `weigh` DESC,`id` DESC [ RunTime:0.000414s ]
[ sql ] [ SQL ] SHOW COLUMNS FROM `fa_location` [ RunTime:0.000675s ]
[ sql ] [ SQL ] SELECT * FROM `fa_location` WHERE  (  level=1 )  AND `id` = 110000 LIMIT 1 [ RunTime:0.000297s ]
[ sql ] [ SQL ] SHOW COLUMNS FROM `fa_cms_kecheng` [ RunTime:0.000667s ]
[ sql ] [ SQL ] SELECT `kecheng`.`id`,`kecheng`.`chanpin_id`,`kecheng`.`experts_id`,`kecheng`.`begintime`,`kecheng`.`endtime`,`kecheng`.`createtime`,`kecheng`.`updatetime`,`kecheng`.`deletetime`,`kecheng`.`status`,`kecheng`.`experts`,`kecheng`.`channel_id`,`kecheng`.`qitafile`,`kecheng`.`area`,chanpin.id AS chanpin__id,chanpin.user_id AS chanpin__user_id,chanpin.channel_id AS chanpin__channel_id,chanpin.model_id AS chanpin__model_id,chanpin.title AS chanpin__title,chanpin.flag AS chanpin__flag,chanpin.image AS chanpin__image,chanpin.keywords AS chanpin__keywords,chanpin.description AS chanpin__description,chanpin.tags AS chanpin__tags,chanpin.weigh AS chanpin__weigh,chanpin.views AS chanpin__views,chanpin.comments AS chanpin__comments,chanpin.likes AS chanpin__likes,chanpin.dislikes AS chanpin__dislikes,chanpin.diyname AS chanpin__diyname,chanpin.createtime AS chanpin__createtime,chanpin.updatetime AS chanpin__updatetime,chanpin.publishtime AS chanpin__publishtime,chanpin.deletetime AS chanpin__deletetime,chanpin.memo AS chanpin__memo,chanpin.status AS chanpin__status,channel.id AS channel__id,channel.type AS channel__type,channel.model_id AS channel__model_id,channel.parent_id AS channel__parent_id,channel.name AS channel__name,channel.image AS channel__image,channel.flag AS channel__flag,channel.keywords AS channel__keywords,channel.description AS channel__description,channel.diyname AS channel__diyname,channel.outlink AS channel__outlink,channel.items AS channel__items,channel.weigh AS channel__weigh,channel.channeltpl AS channel__channeltpl,channel.listtpl AS channel__listtpl,channel.showtpl AS channel__showtpl,channel.pagesize AS channel__pagesize,channel.iscontribute AS channel__iscontribute,channel.createtime AS channel__createtime,channel.updatetime AS channel__updatetime,channel.status AS channel__status FROM `fa_cms_kecheng` `kecheng` LEFT JOIN `fa_cms_archives` `chanpin` ON `kecheng`.`chanpin_id`=`chanpin`.`id` LEFT JOIN `fa_cms_channel` `channel` ON `kecheng`.`channel_id`=`channel`.`id` WHERE  `channel`.`diyname` = 'yantaohuixinxi'  AND `endtime` >= '2019-05-24' ORDER BY `begintime` ASC LIMIT 8 [ RunTime:0.000509s ]
[ sql ] [ SQL ] SELECT `id`,`name`,`image`,`diyname`,`items` FROM `fa_cms_channel` WHERE  `id` IN (3) [ RunTime:0.000391s ]
[ sql ] [ SQL ] SHOW COLUMNS FROM `fa_experts_kecheng` [ RunTime:0.001122s ]
[ sql ] [ SQL ] SELECT `fa_cms_archives`.*,pivot.experts_id AS pivot__experts_id,pivot.kecheng_id AS pivot__kecheng_id FROM `fa_cms_archives` INNER JOIN `fa_experts_kecheng` `pivot` ON `pivot`.`experts_id`=`fa_cms_archives`.`id` WHERE (  `pivot`.`kecheng_id` IN (21,22,23,24,25,26,27,28,29,30,33,34,35,36,38,39,40,41,42,43,44,45,46,48,49,50,51,53,54,55) ) AND `fa_cms_archives`.`deletetime` IS NULL [ RunTime:0.000781s ]
[ sql ] [ SQL ] SELECT `kecheng`.`id`,`kecheng`.`chanpin_id`,`kecheng`.`experts_id`,`kecheng`.`begintime`,`kecheng`.`endtime`,`kecheng`.`createtime`,`kecheng`.`updatetime`,`kecheng`.`deletetime`,`kecheng`.`status`,`kecheng`.`experts`,`kecheng`.`channel_id`,`kecheng`.`qitafile`,`kecheng`.`area`,channel.id AS channel__id,channel.type AS channel__type,channel.model_id AS channel__model_id,channel.parent_id AS channel__parent_id,channel.name AS channel__name,channel.image AS channel__image,channel.flag AS channel__flag,channel.keywords AS channel__keywords,channel.description AS channel__description,channel.diyname AS channel__diyname,channel.outlink AS channel__outlink,channel.items AS channel__items,channel.weigh AS channel__weigh,channel.channeltpl AS channel__channeltpl,channel.listtpl AS channel__listtpl,channel.showtpl AS channel__showtpl,channel.pagesize AS channel__pagesize,channel.iscontribute AS channel__iscontribute,channel.createtime AS channel__createtime,channel.updatetime AS channel__updatetime,channel.status AS channel__status,chanpin.id AS chanpin__id,chanpin.user_id AS chanpin__user_id,chanpin.channel_id AS chanpin__channel_id,chanpin.model_id AS chanpin__model_id,chanpin.title AS chanpin__title,chanpin.flag AS chanpin__flag,chanpin.image AS chanpin__image,chanpin.keywords AS chanpin__keywords,chanpin.description AS chanpin__description,chanpin.tags AS chanpin__tags,chanpin.weigh AS chanpin__weigh,chanpin.views AS chanpin__views,chanpin.comments AS chanpin__comments,chanpin.likes AS chanpin__likes,chanpin.dislikes AS chanpin__dislikes,chanpin.diyname AS chanpin__diyname,chanpin.createtime AS chanpin__createtime,chanpin.updatetime AS chanpin__updatetime,chanpin.publishtime AS chanpin__publishtime,chanpin.deletetime AS chanpin__deletetime,chanpin.memo AS chanpin__memo,chanpin.status AS chanpin__status FROM `fa_cms_kecheng` `kecheng` LEFT JOIN `fa_cms_channel` `channel` ON `kecheng`.`channel_id`=`channel`.`id` LEFT JOIN `fa_cms_archives` `chanpin` ON `kecheng`.`chanpin_id`=`chanpin`.`id` WHERE  `channel`.`diyname` = 'chanpinyufuw'  AND `begintime` >= '2019-05-24'  AND `endtime` <= '2019-07-24' ORDER BY `begintime` ASC [ RunTime:0.000898s ]
[ sql ] [ SQL ] SELECT `id`,`name`,`image`,`diyname`,`items` FROM `fa_cms_channel` WHERE  `id` IN (92) [ RunTime:0.000489s ]
[ sql ] [ SQL ] SELECT `id`,`name`,`image`,`diyname`,`items` FROM `fa_cms_channel` WHERE  `id` IN (93) [ RunTime:0.000292s ]
[ sql ] [ SQL ] SELECT `fa_cms_archives`.*,pivot.experts_id AS pivot__experts_id,pivot.kecheng_id AS pivot__kecheng_id FROM `fa_cms_archives` INNER JOIN `fa_experts_kecheng` `pivot` ON `pivot`.`experts_id`=`fa_cms_archives`.`id` WHERE (  `pivot`.`kecheng_id` IN (21,22,23,24,25,26,27,28,29,30,33,34,35,36,38,39,40,41,42,43,44,45,46,48,49,50,51,53,54,55) ) AND `fa_cms_archives`.`deletetime` IS NULL [ RunTime:0.000583s ]
[ sql ] [ SQL ] SELECT `kecheng`.`id`,`kecheng`.`chanpin_id`,`kecheng`.`experts_id`,`kecheng`.`begintime`,`kecheng`.`endtime`,`kecheng`.`createtime`,`kecheng`.`updatetime`,`kecheng`.`deletetime`,`kecheng`.`status`,`kecheng`.`experts`,`kecheng`.`channel_id`,`kecheng`.`qitafile`,`kecheng`.`area`,channel.id AS channel__id,channel.type AS channel__type,channel.model_id AS channel__model_id,channel.parent_id AS channel__parent_id,channel.name AS channel__name,channel.image AS channel__image,channel.flag AS channel__flag,channel.keywords AS channel__keywords,channel.description AS channel__description,channel.diyname AS channel__diyname,channel.outlink AS channel__outlink,channel.items AS channel__items,channel.weigh AS channel__weigh,channel.channeltpl AS channel__channeltpl,channel.listtpl AS channel__listtpl,channel.showtpl AS channel__showtpl,channel.pagesize AS channel__pagesize,channel.iscontribute AS channel__iscontribute,channel.createtime AS channel__createtime,channel.updatetime AS channel__updatetime,channel.status AS channel__status,chanpin.id AS chanpin__id,chanpin.user_id AS chanpin__user_id,chanpin.channel_id AS chanpin__channel_id,chanpin.model_id AS chanpin__model_id,chanpin.title AS chanpin__title,chanpin.flag AS chanpin__flag,chanpin.image AS chanpin__image,chanpin.keywords AS chanpin__keywords,chanpin.description AS chanpin__description,chanpin.tags AS chanpin__tags,chanpin.weigh AS chanpin__weigh,chanpin.views AS chanpin__views,chanpin.comments AS chanpin__comments,chanpin.likes AS chanpin__likes,chanpin.dislikes AS chanpin__dislikes,chanpin.diyname AS chanpin__diyname,chanpin.createtime AS chanpin__createtime,chanpin.updatetime AS chanpin__updatetime,chanpin.publishtime AS chanpin__publishtime,chanpin.deletetime AS chanpin__deletetime,chanpin.memo AS chanpin__memo,chanpin.status AS chanpin__status FROM `fa_cms_kecheng` `kecheng` LEFT JOIN `fa_cms_channel` `channel` ON `kecheng`.`channel_id`=`channel`.`id` LEFT JOIN `fa_cms_archives` `chanpin` ON `kecheng`.`chanpin_id`=`chanpin`.`id` WHERE  `channel`.`diyname` = 'chanpinyufuw'  AND `begintime` >= '2019-05-24'  AND `endtime` <= '2019-07-24' ORDER BY `begintime` ASC [ RunTime:0.000728s ]
[ error ] [8]未定义变量: config[/www/wwwroot/default/tpadmin/addons/cms/controller/Index.php:65]
[ error ] [8]Use of undefined constant shortName - assumed 'shortName'[/www/wwwroot/default/tpadmin/runtime/temp/2292a031af2331c37dbcc37be565b46a.php:453]
[ error ] [8]未定义数组索引: zi[/www/wwwroot/default/tpadmin/addons/cms/controller/Api.php:322]
[ error ] [8]未定义数组索引: zid[/www/wwwroot/default/tpadmin/addons/cms/controller/Api.php:323]
[ error ] [8]未定义数组索引: zi[/www/wwwroot/default/tpadmin/addons/cms/controller/Api.php:322]
[ error ] [8]未定义数组索引: zid[/www/wwwroot/default/tpadmin/addons/cms/controller/Api.php:323]
[ error ] [8]未定义数组索引: zi[/www/wwwroot/default/tpadmin/addons/cms/controller/Api.php:322]
[ error ] [8]未定义数组索引: zid[/www/wwwroot/default/tpadmin/addons/cms/controller/Api.php:323]
[ error ] [8]未定义数组索引: zi[/www/wwwroot/default/tpadmin/addons/cms/controller/Api.php:322]
[ error ] [8]未定义数组索引: zid[/www/wwwroot/default/tpadmin/addons/cms/controller/Api.php:323]
[ error ] [8]未定义数组索引: zi[/www/wwwroot/default/tpadmin/addons/cms/controller/Api.php:322]
[ error ] [8]未定义数组索引: zid[/www/wwwroot/default/tpadmin/addons/cms/controller/Api.php:323]
[ error ] [8]未定义数组索引: zi[/www/wwwroot/default/tpadmin/addons/cms/controller/Api.php:322]
[ error ] [8]未定义数组索引: zid[/www/wwwroot/default/tpadmin/addons/cms/controller/Api.php:323]
[ error ] [8]未定义数组索引: zi[/www/wwwroot/default/tpadmin/addons/cms/controller/Api.php:322]
[ error ] [8]未定义数组索引: zid[/www/wwwroot/default/tpadmin/addons/cms/controller/Api.php:323]
[ error ] [8]未定义数组索引: zi[/www/wwwroot/default/tpadmin/addons/cms/controller/Api.php:322]
[ error ] [8]未定义数组索引: zid[/www/wwwroot/default/tpadmin/addons/cms/controller/Api.php:323]
[ error ] [8]未定义数组索引: zi[/www/wwwroot/default/tpadmin/addons/cms/controller/Api.php:322]
[ error ] [8]未定义数组索引: zid[/www/wwwroot/default/tpadmin/addons/cms/controller/Api.php:323]
[ error ] [8]未定义数组索引: zi[/www/wwwroot/default/tpadmin/addons/cms/controller/Api.php:322]
[ error ] [8]未定义数组索引: zid[/www/wwwroot/default/tpadmin/addons/cms/controller/Api.php:323]
[ error ] [8]未定义数组索引: zi[/www/wwwroot/default/tpadmin/addons/cms/controller/Api.php:322]
[ error ] [8]未定义数组索引: zid[/www/wwwroot/default/tpadmin/addons/cms/controller/Api.php:323]
[ error ] [8]未定义数组索引: zi[/www/wwwroot/default/tpadmin/addons/cms/controller/Api.php:322]
[ error ] [8]未定义数组索引: zid[/www/wwwroot/default/tpadmin/addons/cms/controller/Api.php:323]
[ error ] [8]未定义数组索引: zi[/www/wwwroot/default/tpadmin/addons/cms/controller/Api.php:322]
[ error ] [8]未定义数组索引: zid[/www/wwwroot/default/tpadmin/addons/cms/controller/Api.php:323]
[ error ] [8]未定义数组索引: zi[/www/wwwroot/default/tpadmin/addons/cms/controller/Api.php:322]
[ error ] [8]未定义数组索引: zid[/www/wwwroot/default/tpadmin/addons/cms/controller/Api.php:323]
[ error ] [8]未定义数组索引: zi[/www/wwwroot/default/tpadmin/addons/cms/controller/Api.php:322]
[ error ] [8]未定义数组索引: zid[/www/wwwroot/default/tpadmin/addons/cms/controller/Api.php:323]
[ error ] [8]未定义数组索引: zi[/www/wwwroot/default/tpadmin/addons/cms/controller/Api.php:322]
[ error ] [8]未定义数组索引: zid[/www/wwwroot/default/tpadmin/addons/cms/controller/Api.php:323]
[ error ] [8]未定义数组索引: zi[/www/wwwroot/default/tpadmin/addons/cms/controller/Api.php:322]
[ error ] [8]未定义数组索引: zid[/www/wwwroot/default/tpadmin/addons/cms/controller/Api.php:323]
[ error ] [8]未定义数组索引: zi[/www/wwwroot/default/tpadmin/addons/cms/controller/Api.php:322]
[ error ] [8]未定义数组索引: zid[/www/wwwroot/default/tpadmin/addons/cms/controller/Api.php:323]
[ error ] [8]未定义数组索引: zi[/www/wwwroot/default/tpadmin/addons/cms/controller/Api.php:322]
[ error ] [8]未定义数组索引: zid[/www/wwwroot/default/tpadmin/addons/cms/controller/Api.php:323]
[ error ] [8]未定义数组索引: zi[/www/wwwroot/default/tpadmin/addons/cms/controller/Api.php:322]
[ error ] [8]未定义数组索引: zid[/www/wwwroot/default/tpadmin/addons/cms/controller/Api.php:323]
[ error ] [8]未定义数组索引: zi[/www/wwwroot/default/tpadmin/addons/cms/controller/Api.php:322]
[ error ] [8]未定义数组索引: zid[/www/wwwroot/default/tpadmin/addons/cms/controller/Api.php:323]
[ error ] [8]未定义数组索引: zi[/www/wwwroot/default/tpadmin/addons/cms/controller/Api.php:322]
[ error ] [8]未定义数组索引: zid[/www/wwwroot/default/tpadmin/addons/cms/controller/Api.php:323]
[ error ] [8]未定义数组索引: zi[/www/wwwroot/default/tpadmin/addons/cms/controller/Api.php:322]
[ error ] [8]未定义数组索引: zid[/www/wwwroot/default/tpadmin/addons/cms/controller/Api.php:323]
[ error ] [8]未定义数组索引: zi[/www/wwwroot/default/tpadmin/addons/cms/controller/Api.php:322]
[ error ] [8]未定义数组索引: zid[/www/wwwroot/default/tpadmin/addons/cms/controller/Api.php:323]
[ error ] [8]未定义数组索引: zi[/www/wwwroot/default/tpadmin/addons/cms/controller/Api.php:322]
[ error ] [8]未定义数组索引: zid[/www/wwwroot/default/tpadmin/addons/cms/controller/Api.php:323]
[ error ] [8]未定义数组索引: value[/www/wwwroot/default/tpadmin/addons/cms/controller/Api.php:346]
[ error ] [8]未定义数组索引: zi[/www/wwwroot/default/tpadmin/addons/cms/controller/Api.php:347]
[ error ] [8]未定义数组索引: eachart[/www/wwwroot/default/tpadmin/runtime/temp/2292a031af2331c37dbcc37be565b46a.php:552]
[ error ] [8]Use of undefined constant qrcode - assumed 'qrcode'[/www/wwwroot/default/tpadmin/runtime/temp/2292a031af2331c37dbcc37be565b46a.php:776]
---------------------------------------------------------------
[ 2019-05-24T23:36:29+08:00 ] 117.136.52.147 GET www.changcaizixun.com/cms/c/zhuanjiatuandui.html
[运行时间：0.065609s] [吞吐率：15.24req/s] [内存消耗：4,023.52kb] [文件加载：96]
[ info ] [ BEHAVIOR ] Run Closure @app_init [ RunTime:0.000022s ]
[ info ] [ CACHE ] INIT File
[ info ] [ BEHAVIOR ] Run Closure @app_init [ RunTime:0.001763s ]
[ info ] [ LANG ] /www/wwwroot/default/tpadmin/thinkphp/lang/zh-cn.php
[ info ] [ ROUTE ] array (
  'type' => 'method',
  'method' => 
  array (
    0 => '\\think\\addons\\Route',
    1 => 'execute',
  ),
  'var' => 
  array (
    'addon' => 'cms',
    'controller' => 'channel',
    'action' => 'index',
  ),
)
[ info ] [ HEADER ] array (
  'accept-encoding' => 'gzip, deflate',
  'accept-language' => 'zh-cn',
  'referer' => 'http://www.changcaizixun.com/',
  'user-agent' => 'Mozilla/5.0 (iPhone; CPU iPhone OS 12_2 like Mac OS X) AppleWebKit/605.1.15 (KHTML, like Gecko) Version/12.1 Mobile/15E148 Safari/604.1',
  'accept' => 'text/html,application/xhtml+xml,application/xml;q=0.9,*/*;q=0.8',
  'upgrade-insecure-requests' => '1',
  'connection' => 'keep-alive',
  'cookie' => 'PHPSESSID=35kgusc47s920p3bf66c20js91',
  'host' => 'www.changcaizixun.com',
  'content-type' => '',
  'content-length' => '',
)
[ info ] [ PARAM ] array (
  'diyname' => 'zhuanjiatuandui',
)
[ info ] [ RUN ] think\addons\Route->execute[ /www/wwwroot/default/tpadmin/vendor/karsonzhang/fastadmin-addons/src/addons/Route.php ]
[ info ] [ LANG ] /www/wwwroot/default/tpadmin/public/../application/common/lang/zh-cn/addon.php
[ info ] [ BEHAVIOR ] Run app\common\behavior\Common @addon_begin [ RunTime:0.001378s ]
[ info ] [ LANG ] /www/wwwroot/default/tpadmin/addons/cms/lang/zh-cn.php
[ info ] [ SESSION ] INIT array (
  'id' => '',
  'var_session_id' => '',
  'prefix' => 'think',
  'type' => '',
  'auto_start' => true,
)
[ info ] [ BEHAVIOR ] Run \addons\qiniu\Qiniu @upload_config_init [ RunTime:0.000925s ]
[ info ] [ DB ] INIT mysql
[ info ] [ VIEW ] /www/wwwroot/default/tpadmin/addons/cms/view/default/common/formfield.html [ array (
  0 => 'config',
  1 => 'user',
  2 => 'site',
  3 => '__CHANNEL__',
  4 => '__FILTERLIST__',
  5 => '__ORDERLIST__',
  6 => '__PAGELIST__',
  7 => 'fields',
) ]
[ info ] [ VIEW ] /www/wwwroot/default/tpadmin/addons/cms/view/default/list_zhunajia.html [ array (
  0 => 'config',
  1 => 'user',
  2 => 'site',
  3 => '__CHANNEL__',
  4 => '__FILTERLIST__',
  5 => '__ORDERLIST__',
  6 => '__PAGELIST__',
  7 => 'diyform',
) ]
[ info ] [ LOG ] INIT File
[ sql ] [ DB ] CONNECT:[ UseTime:0.000410s ] mysql:host=127.0.0.1;dbname=fastadmin;charset=utf8
[ sql ] [ SQL ] SHOW COLUMNS FROM `fa_cms_channel` [ RunTime:0.000991s ]
[ sql ] [ SQL ] SELECT * FROM `fa_cms_channel` WHERE  `diyname` = 'zhuanjiatuandui' LIMIT 1 [ RunTime:0.000339s ]
[ sql ] [ SQL ] SHOW COLUMNS FROM `fa_cms_model` [ RunTime:0.000756s ]
[ sql ] [ SQL ] SELECT * FROM `fa_cms_model` WHERE  `id` = 4 LIMIT 1 [ RunTime:0.000242s ]
[ sql ] [ SQL ] SHOW COLUMNS FROM `fa_cms_addonexperts` [ RunTime:0.000794s ]
[ sql ] [ SQL ] SHOW COLUMNS FROM `fa_cms_archives` [ RunTime:0.000846s ]
[ sql ] [ SQL ] SELECT COUNT(*) AS tp_count FROM `fa_cms_archives` `a` LEFT JOIN `fa_cms_addonexperts` `n` ON `a`.`id`=`n`.`id` WHERE  `status` = 'normal'  AND ( `deletetime` IS NULL )  AND `channel_id` = 63 LIMIT 1 [ RunTime:0.000547s ]
[ sql ] [ SQL ] SELECT `a`.*,`n`.`niaoxing` FROM `fa_cms_archives` `a` LEFT JOIN `fa_cms_addonexperts` `n` ON `a`.`id`=`n`.`id` WHERE  `status` = 'normal'  AND ( `deletetime` IS NULL )  AND `channel_id` = 63 ORDER BY `publishtime` DESC LIMIT 0,10 [ RunTime:0.000584s ]
[ sql ] [ SQL ] SHOW COLUMNS FROM `fa_cms_fields` [ RunTime:0.000859s ]
[ sql ] [ SQL ] SELECT * FROM `fa_cms_fields` WHERE  `diyform_id` = 1  AND `iscontribute` = 1  AND `status` = 'normal' ORDER BY `weigh` DESC,`id` DESC [ RunTime:0.000384s ]
[ sql ] [ SQL ] select b.name,b.id FROM fa_cms_archives a,fa_cms_tags b WHERE a.channel_id ='63' and FIND_IN_SET(a.id,b.archives) GROUP BY b.id [ RunTime:0.001164s ]
[ sql ] [ SQL ] SELECT `id`,`name`,`image`,`diyname`,`items` FROM `fa_cms_channel` WHERE  `id` IN (63) [ RunTime:0.000353s ]
[ error ] [8]Use of undefined constant tags - assumed 'tags'[/www/wwwroot/default/tpadmin/runtime/temp/f4b193766a74a471dc1514d7d3f3aca8.php:151]
[ error ] [8]Use of undefined constant qrcode - assumed 'qrcode'[/www/wwwroot/default/tpadmin/runtime/temp/f4b193766a74a471dc1514d7d3f3aca8.php:246]
---------------------------------------------------------------
[ 2019-05-24T23:36:39+08:00 ] 117.136.52.147 GET www.changcaizixun.com/favicon.ico
[运行时间：0.020344s] [吞吐率：49.15req/s] [内存消耗：1,753.67kb] [文件加载：52]
[ info ] [ BEHAVIOR ] Run Closure @app_init [ RunTime:0.000030s ]
[ info ] [ CACHE ] INIT File
[ info ] [ BEHAVIOR ] Run Closure @app_init [ RunTime:0.002540s ]
[ info ] [ LANG ] /www/wwwroot/default/tpadmin/thinkphp/lang/zh-cn.php
[ info ] [ ROUTE ] array (
  'type' => 'module',
  'module' => 
  array (
    0 => 'favicon.ico',
    1 => NULL,
    2 => NULL,
  ),
)
[ info ] [ HEADER ] array (
  'accept-encoding' => 'gzip, deflate',
  'referer' => 'http://www.changcaizixun.com/cms/c/zhuanjiatuandui.html',
  'accept-language' => 'zh-cn',
  'user-agent' => 'Mozilla/5.0 (iPhone; CPU iPhone OS 12_2 like Mac OS X) AppleWebKit/605.1.15 (KHTML, like Gecko) Version/12.1 Mobile/15E148 Safari/604.1',
  'cookie' => 'PHPSESSID=35kgusc47s920p3bf66c20js91',
  'connection' => 'keep-alive',
  'accept' => '*/*',
  'host' => 'www.changcaizixun.com',
  'content-type' => '',
  'content-length' => '',
)
[ info ] [ PARAM ] array (
)
[ info ] [ LOG ] INIT File
---------------------------------------------------------------
[ 2019-05-24T23:39:24+08:00 ] 122.237.94.70 GET www.changcaizixun.com/favicon.ico
[运行时间：0.032700s] [吞吐率：30.58req/s] [内存消耗：1,751.45kb] [文件加载：52]
[ info ] [ BEHAVIOR ] Run Closure @app_init [ RunTime:0.000032s ]
[ info ] [ CACHE ] INIT File
[ info ] [ BEHAVIOR ] Run Closure @app_init [ RunTime:0.002957s ]
[ info ] [ LANG ] /www/wwwroot/default/tpadmin/thinkphp/lang/zh-cn.php
[ info ] [ ROUTE ] array (
  'type' => 'module',
  'module' => 
  array (
    0 => 'favicon.ico',
    1 => NULL,
    2 => NULL,
  ),
)
[ info ] [ HEADER ] array (
  'accept-language' => 'zh-CN,zh;q=0.9',
  'accept-encoding' => 'gzip, deflate',
  'user-agent' => 'Mozilla/5.0 (Windows NT 6.1; WOW64) AppleWebKit/537.36 (KHTML, like Gecko) Chrome/63.0.3239.132 Safari/537.36',
  'connection' => 'keep-alive',
  'host' => 'www.changcaizixun.com',
  'content-type' => '',
  'content-length' => '',
)
[ info ] [ PARAM ] array (
)
[ info ] [ LOG ] INIT File
---------------------------------------------------------------
[ 2019-05-24T23:39:27+08:00 ] 122.237.94.70 GET www.changcaizixun.com/
[运行时间：0.095191s] [吞吐率：10.51req/s] [内存消耗：4,618.72kb] [文件加载：101]
[ info ] [ BEHAVIOR ] Run Closure @app_init [ RunTime:0.000033s ]
[ info ] [ CACHE ] INIT File
[ info ] [ BEHAVIOR ] Run Closure @app_init [ RunTime:0.003110s ]
[ info ] [ LANG ] /www/wwwroot/default/tpadmin/thinkphp/lang/zh-cn.php
[ info ] [ ROUTE ] array (
  'type' => 'method',
  'method' => 
  array (
    0 => '\\think\\addons\\Route',
    1 => 'execute',
  ),
  'var' => 
  array (
    'addon' => 'cms',
    'controller' => 'index',
    'action' => 'index',
  ),
)
[ info ] [ HEADER ] array (
  'accept-language' => 'zh-CN,zh;q=0.9',
  'accept-encoding' => 'gzip, deflate',
  'accept' => 'text/html,application/xhtml+xml,application/xml;q=0.9,image/webp,image/apng,*/*;q=0.8',
  'user-agent' => 'Mozilla/5.0 (Windows NT 6.1; WOW64) AppleWebKit/537.36 (KHTML, like Gecko) Chrome/63.0.3239.132 Safari/537.36',
  'upgrade-insecure-requests' => '1',
  'connection' => 'keep-alive',
  'host' => 'www.changcaizixun.com',
  'content-type' => '',
  'content-length' => '',
)
[ info ] [ PARAM ] array (
)
[ info ] [ RUN ] think\addons\Route->execute[ /www/wwwroot/default/tpadmin/vendor/karsonzhang/fastadmin-addons/src/addons/Route.php ]
[ info ] [ LANG ] /www/wwwroot/default/tpadmin/public/../application/common/lang/zh-cn/addon.php
[ info ] [ BEHAVIOR ] Run app\common\behavior\Common @addon_begin [ RunTime:0.001697s ]
[ info ] [ LANG ] /www/wwwroot/default/tpadmin/addons/cms/lang/zh-cn.php
[ info ] [ SESSION ] INIT array (
  'id' => '',
  'var_session_id' => '',
  'prefix' => 'think',
  'type' => '',
  'auto_start' => true,
)
[ info ] [ BEHAVIOR ] Run \addons\qiniu\Qiniu @upload_config_init [ RunTime:0.001068s ]
[ info ] [ DB ] INIT mysql
[ info ] [ VIEW ] /www/wwwroot/default/tpadmin/addons/cms/view/default/common/formfield.html [ array (
  0 => 'config',
  1 => 'user',
  2 => 'site',
  3 => '__CHANNEL__',
  4 => 'fields',
) ]
[ info ] [ VIEW ] /www/wwwroot/default/tpadmin/addons/cms/view/default/index.html [ array (
  0 => 'config',
  1 => 'user',
  2 => 'site',
  3 => '__CHANNEL__',
  4 => 'firstsheng',
  5 => 'yantaohuis',
  6 => 'zifen',
  7 => 'jsconfig',
  8 => 'diyform',
  9 => 'chanpin',
  10 => 'zhuanjia',
) ]
[ info ] [ LANG ] /www/wwwroot/default/tpadmin/addons/cms/lang/zh-cn.php
[ info ] [ BEHAVIOR ] Run \addons\qiniu\Qiniu @upload_config_init [ RunTime:0.000079s ]
[ info ] [ LOG ] INIT File
[ sql ] [ DB ] CONNECT:[ UseTime:0.000498s ] mysql:host=127.0.0.1;dbname=fastadmin;charset=utf8
[ sql ] [ SQL ] SHOW COLUMNS FROM `fa_cms_channel` [ RunTime:0.000976s ]
[ sql ] [ SQL ] SELECT `id` FROM `fa_cms_channel` WHERE  `parent_id` IN ( SELECT `id` FROM `fa_cms_channel` WHERE  `diyname` = 'chanpinyufuw' ) [ RunTime:0.000348s ]
[ sql ] [ SQL ] SHOW COLUMNS FROM `fa_cms_archives` [ RunTime:0.000830s ]
[ sql ] [ SQL ] SELECT * FROM `fa_cms_archives` WHERE  `status` = 'normal'  AND ( `deletetime` IS NULL )  AND `channel_id` IN (99,100,101,102) ORDER BY `weigh` ASC LIMIT 12 [ RunTime:0.000575s ]
[ sql ] [ SQL ] SELECT `id`,`name`,`image`,`diyname`,`items` FROM `fa_cms_channel` WHERE  `id` IN (99,100,101) [ RunTime:0.000287s ]
[ sql ] [ SQL ] SELECT * FROM `fa_cms_archives` WHERE  `status` = 'normal'  AND ( `deletetime` IS NULL )  AND `channel_id` IN (63) ORDER BY `weigh` ASC LIMIT 12 [ RunTime:0.000704s ]
[ sql ] [ SQL ] SELECT `id`,`name`,`image`,`diyname`,`items` FROM `fa_cms_channel` WHERE  `id` IN (63) [ RunTime:0.000261s ]
[ sql ] [ SQL ] SHOW COLUMNS FROM `fa_cms_fields` [ RunTime:0.000889s ]
[ sql ] [ SQL ] SELECT * FROM `fa_cms_fields` WHERE  `diyform_id` = 1  AND `iscontribute` = 1  AND `status` = 'normal' ORDER BY `weigh` DESC,`id` DESC [ RunTime:0.000467s ]
[ sql ] [ SQL ] SHOW COLUMNS FROM `fa_location` [ RunTime:0.000697s ]
[ sql ] [ SQL ] SELECT * FROM `fa_location` WHERE  (  level=1 )  AND `id` = 110000 LIMIT 1 [ RunTime:0.000285s ]
[ sql ] [ SQL ] SHOW COLUMNS FROM `fa_cms_kecheng` [ RunTime:0.000861s ]
[ sql ] [ SQL ] SELECT `kecheng`.`id`,`kecheng`.`chanpin_id`,`kecheng`.`experts_id`,`kecheng`.`begintime`,`kecheng`.`endtime`,`kecheng`.`createtime`,`kecheng`.`updatetime`,`kecheng`.`deletetime`,`kecheng`.`status`,`kecheng`.`experts`,`kecheng`.`channel_id`,`kecheng`.`qitafile`,`kecheng`.`area`,chanpin.id AS chanpin__id,chanpin.user_id AS chanpin__user_id,chanpin.channel_id AS chanpin__channel_id,chanpin.model_id AS chanpin__model_id,chanpin.title AS chanpin__title,chanpin.flag AS chanpin__flag,chanpin.image AS chanpin__image,chanpin.keywords AS chanpin__keywords,chanpin.description AS chanpin__description,chanpin.tags AS chanpin__tags,chanpin.weigh AS chanpin__weigh,chanpin.views AS chanpin__views,chanpin.comments AS chanpin__comments,chanpin.likes AS chanpin__likes,chanpin.dislikes AS chanpin__dislikes,chanpin.diyname AS chanpin__diyname,chanpin.createtime AS chanpin__createtime,chanpin.updatetime AS chanpin__updatetime,chanpin.publishtime AS chanpin__publishtime,chanpin.deletetime AS chanpin__deletetime,chanpin.memo AS chanpin__memo,chanpin.status AS chanpin__status,channel.id AS channel__id,channel.type AS channel__type,channel.model_id AS channel__model_id,channel.parent_id AS channel__parent_id,channel.name AS channel__name,channel.image AS channel__image,channel.flag AS channel__flag,channel.keywords AS channel__keywords,channel.description AS channel__description,channel.diyname AS channel__diyname,channel.outlink AS channel__outlink,channel.items AS channel__items,channel.weigh AS channel__weigh,channel.channeltpl AS channel__channeltpl,channel.listtpl AS channel__listtpl,channel.showtpl AS channel__showtpl,channel.pagesize AS channel__pagesize,channel.iscontribute AS channel__iscontribute,channel.createtime AS channel__createtime,channel.updatetime AS channel__updatetime,channel.status AS channel__status FROM `fa_cms_kecheng` `kecheng` LEFT JOIN `fa_cms_archives` `chanpin` ON `kecheng`.`chanpin_id`=`chanpin`.`id` LEFT JOIN `fa_cms_channel` `channel` ON `kecheng`.`channel_id`=`channel`.`id` WHERE  `channel`.`diyname` = 'yantaohuixinxi'  AND `endtime` >= '2019-05-24' ORDER BY `begintime` ASC LIMIT 8 [ RunTime:0.000562s ]
[ sql ] [ SQL ] SELECT `id`,`name`,`image`,`diyname`,`items` FROM `fa_cms_channel` WHERE  `id` IN (3) [ RunTime:0.000394s ]
[ sql ] [ SQL ] SHOW COLUMNS FROM `fa_experts_kecheng` [ RunTime:0.000789s ]
[ sql ] [ SQL ] SELECT `fa_cms_archives`.*,pivot.experts_id AS pivot__experts_id,pivot.kecheng_id AS pivot__kecheng_id FROM `fa_cms_archives` INNER JOIN `fa_experts_kecheng` `pivot` ON `pivot`.`experts_id`=`fa_cms_archives`.`id` WHERE (  `pivot`.`kecheng_id` IN (21,22,23,24,25,26,27,28,29,30,33,34,35,36,38,39,40,41,42,43,44,45,46,48,49,50,51,53,54,55) ) AND `fa_cms_archives`.`deletetime` IS NULL [ RunTime:0.000464s ]
[ sql ] [ SQL ] SELECT `kecheng`.`id`,`kecheng`.`chanpin_id`,`kecheng`.`experts_id`,`kecheng`.`begintime`,`kecheng`.`endtime`,`kecheng`.`createtime`,`kecheng`.`updatetime`,`kecheng`.`deletetime`,`kecheng`.`status`,`kecheng`.`experts`,`kecheng`.`channel_id`,`kecheng`.`qitafile`,`kecheng`.`area`,channel.id AS channel__id,channel.type AS channel__type,channel.model_id AS channel__model_id,channel.parent_id AS channel__parent_id,channel.name AS channel__name,channel.image AS channel__image,channel.flag AS channel__flag,channel.keywords AS channel__keywords,channel.description AS channel__description,channel.diyname AS channel__diyname,channel.outlink AS channel__outlink,channel.items AS channel__items,channel.weigh AS channel__weigh,channel.channeltpl AS channel__channeltpl,channel.listtpl AS channel__listtpl,channel.showtpl AS channel__showtpl,channel.pagesize AS channel__pagesize,channel.iscontribute AS channel__iscontribute,channel.createtime AS channel__createtime,channel.updatetime AS channel__updatetime,channel.status AS channel__status,chanpin.id AS chanpin__id,chanpin.user_id AS chanpin__user_id,chanpin.channel_id AS chanpin__channel_id,chanpin.model_id AS chanpin__model_id,chanpin.title AS chanpin__title,chanpin.flag AS chanpin__flag,chanpin.image AS chanpin__image,chanpin.keywords AS chanpin__keywords,chanpin.description AS chanpin__description,chanpin.tags AS chanpin__tags,chanpin.weigh AS chanpin__weigh,chanpin.views AS chanpin__views,chanpin.comments AS chanpin__comments,chanpin.likes AS chanpin__likes,chanpin.dislikes AS chanpin__dislikes,chanpin.diyname AS chanpin__diyname,chanpin.createtime AS chanpin__createtime,chanpin.updatetime AS chanpin__updatetime,chanpin.publishtime AS chanpin__publishtime,chanpin.deletetime AS chanpin__deletetime,chanpin.memo AS chanpin__memo,chanpin.status AS chanpin__status FROM `fa_cms_kecheng` `kecheng` LEFT JOIN `fa_cms_channel` `channel` ON `kecheng`.`channel_id`=`channel`.`id` LEFT JOIN `fa_cms_archives` `chanpin` ON `kecheng`.`chanpin_id`=`chanpin`.`id` WHERE  `channel`.`diyname` = 'chanpinyufuw'  AND `begintime` >= '2019-05-24'  AND `endtime` <= '2019-07-24' ORDER BY `begintime` ASC [ RunTime:0.000627s ]
[ sql ] [ SQL ] SELECT `id`,`name`,`image`,`diyname`,`items` FROM `fa_cms_channel` WHERE  `id` IN (92) [ RunTime:0.000434s ]
[ sql ] [ SQL ] SELECT `id`,`name`,`image`,`diyname`,`items` FROM `fa_cms_channel` WHERE  `id` IN (93) [ RunTime:0.000216s ]
[ sql ] [ SQL ] SELECT `fa_cms_archives`.*,pivot.experts_id AS pivot__experts_id,pivot.kecheng_id AS pivot__kecheng_id FROM `fa_cms_archives` INNER JOIN `fa_experts_kecheng` `pivot` ON `pivot`.`experts_id`=`fa_cms_archives`.`id` WHERE (  `pivot`.`kecheng_id` IN (21,22,23,24,25,26,27,28,29,30,33,34,35,36,38,39,40,41,42,43,44,45,46,48,49,50,51,53,54,55) ) AND `fa_cms_archives`.`deletetime` IS NULL [ RunTime:0.000529s ]
[ sql ] [ SQL ] SELECT `kecheng`.`id`,`kecheng`.`chanpin_id`,`kecheng`.`experts_id`,`kecheng`.`begintime`,`kecheng`.`endtime`,`kecheng`.`createtime`,`kecheng`.`updatetime`,`kecheng`.`deletetime`,`kecheng`.`status`,`kecheng`.`experts`,`kecheng`.`channel_id`,`kecheng`.`qitafile`,`kecheng`.`area`,channel.id AS channel__id,channel.type AS channel__type,channel.model_id AS channel__model_id,channel.parent_id AS channel__parent_id,channel.name AS channel__name,channel.image AS channel__image,channel.flag AS channel__flag,channel.keywords AS channel__keywords,channel.description AS channel__description,channel.diyname AS channel__diyname,channel.outlink AS channel__outlink,channel.items AS channel__items,channel.weigh AS channel__weigh,channel.channeltpl AS channel__channeltpl,channel.listtpl AS channel__listtpl,channel.showtpl AS channel__showtpl,channel.pagesize AS channel__pagesize,channel.iscontribute AS channel__iscontribute,channel.createtime AS channel__createtime,channel.updatetime AS channel__updatetime,channel.status AS channel__status,chanpin.id AS chanpin__id,chanpin.user_id AS chanpin__user_id,chanpin.channel_id AS chanpin__channel_id,chanpin.model_id AS chanpin__model_id,chanpin.title AS chanpin__title,chanpin.flag AS chanpin__flag,chanpin.image AS chanpin__image,chanpin.keywords AS chanpin__keywords,chanpin.description AS chanpin__description,chanpin.tags AS chanpin__tags,chanpin.weigh AS chanpin__weigh,chanpin.views AS chanpin__views,chanpin.comments AS chanpin__comments,chanpin.likes AS chanpin__likes,chanpin.dislikes AS chanpin__dislikes,chanpin.diyname AS chanpin__diyname,chanpin.createtime AS chanpin__createtime,chanpin.updatetime AS chanpin__updatetime,chanpin.publishtime AS chanpin__publishtime,chanpin.deletetime AS chanpin__deletetime,chanpin.memo AS chanpin__memo,chanpin.status AS chanpin__status FROM `fa_cms_kecheng` `kecheng` LEFT JOIN `fa_cms_channel` `channel` ON `kecheng`.`channel_id`=`channel`.`id` LEFT JOIN `fa_cms_archives` `chanpin` ON `kecheng`.`chanpin_id`=`chanpin`.`id` WHERE  `channel`.`diyname` = 'chanpinyufuw'  AND `begintime` >= '2019-05-24'  AND `endtime` <= '2019-07-24' ORDER BY `begintime` ASC [ RunTime:0.000657s ]
[ error ] [8]未定义变量: config[/www/wwwroot/default/tpadmin/addons/cms/controller/Index.php:65]
[ error ] [8]Use of undefined constant shortName - assumed 'shortName'[/www/wwwroot/default/tpadmin/runtime/temp/2292a031af2331c37dbcc37be565b46a.php:453]
[ error ] [8]未定义数组索引: zi[/www/wwwroot/default/tpadmin/addons/cms/controller/Api.php:322]
[ error ] [8]未定义数组索引: zid[/www/wwwroot/default/tpadmin/addons/cms/controller/Api.php:323]
[ error ] [8]未定义数组索引: zi[/www/wwwroot/default/tpadmin/addons/cms/controller/Api.php:322]
[ error ] [8]未定义数组索引: zid[/www/wwwroot/default/tpadmin/addons/cms/controller/Api.php:323]
[ error ] [8]未定义数组索引: zi[/www/wwwroot/default/tpadmin/addons/cms/controller/Api.php:322]
[ error ] [8]未定义数组索引: zid[/www/wwwroot/default/tpadmin/addons/cms/controller/Api.php:323]
[ error ] [8]未定义数组索引: zi[/www/wwwroot/default/tpadmin/addons/cms/controller/Api.php:322]
[ error ] [8]未定义数组索引: zid[/www/wwwroot/default/tpadmin/addons/cms/controller/Api.php:323]
[ error ] [8]未定义数组索引: zi[/www/wwwroot/default/tpadmin/addons/cms/controller/Api.php:322]
[ error ] [8]未定义数组索引: zid[/www/wwwroot/default/tpadmin/addons/cms/controller/Api.php:323]
[ error ] [8]未定义数组索引: zi[/www/wwwroot/default/tpadmin/addons/cms/controller/Api.php:322]
[ error ] [8]未定义数组索引: zid[/www/wwwroot/default/tpadmin/addons/cms/controller/Api.php:323]
[ error ] [8]未定义数组索引: zi[/www/wwwroot/default/tpadmin/addons/cms/controller/Api.php:322]
[ error ] [8]未定义数组索引: zid[/www/wwwroot/default/tpadmin/addons/cms/controller/Api.php:323]
[ error ] [8]未定义数组索引: zi[/www/wwwroot/default/tpadmin/addons/cms/controller/Api.php:322]
[ error ] [8]未定义数组索引: zid[/www/wwwroot/default/tpadmin/addons/cms/controller/Api.php:323]
[ error ] [8]未定义数组索引: zi[/www/wwwroot/default/tpadmin/addons/cms/controller/Api.php:322]
[ error ] [8]未定义数组索引: zid[/www/wwwroot/default/tpadmin/addons/cms/controller/Api.php:323]
[ error ] [8]未定义数组索引: zi[/www/wwwroot/default/tpadmin/addons/cms/controller/Api.php:322]
[ error ] [8]未定义数组索引: zid[/www/wwwroot/default/tpadmin/addons/cms/controller/Api.php:323]
[ error ] [8]未定义数组索引: zi[/www/wwwroot/default/tpadmin/addons/cms/controller/Api.php:322]
[ error ] [8]未定义数组索引: zid[/www/wwwroot/default/tpadmin/addons/cms/controller/Api.php:323]
[ error ] [8]未定义数组索引: zi[/www/wwwroot/default/tpadmin/addons/cms/controller/Api.php:322]
[ error ] [8]未定义数组索引: zid[/www/wwwroot/default/tpadmin/addons/cms/controller/Api.php:323]
[ error ] [8]未定义数组索引: zi[/www/wwwroot/default/tpadmin/addons/cms/controller/Api.php:322]
[ error ] [8]未定义数组索引: zid[/www/wwwroot/default/tpadmin/addons/cms/controller/Api.php:323]
[ error ] [8]未定义数组索引: zi[/www/wwwroot/default/tpadmin/addons/cms/controller/Api.php:322]
[ error ] [8]未定义数组索引: zid[/www/wwwroot/default/tpadmin/addons/cms/controller/Api.php:323]
[ error ] [8]未定义数组索引: zi[/www/wwwroot/default/tpadmin/addons/cms/controller/Api.php:322]
[ error ] [8]未定义数组索引: zid[/www/wwwroot/default/tpadmin/addons/cms/controller/Api.php:323]
[ error ] [8]未定义数组索引: zi[/www/wwwroot/default/tpadmin/addons/cms/controller/Api.php:322]
[ error ] [8]未定义数组索引: zid[/www/wwwroot/default/tpadmin/addons/cms/controller/Api.php:323]
[ error ] [8]未定义数组索引: zi[/www/wwwroot/default/tpadmin/addons/cms/controller/Api.php:322]
[ error ] [8]未定义数组索引: zid[/www/wwwroot/default/tpadmin/addons/cms/controller/Api.php:323]
[ error ] [8]未定义数组索引: zi[/www/wwwroot/default/tpadmin/addons/cms/controller/Api.php:322]
[ error ] [8]未定义数组索引: zid[/www/wwwroot/default/tpadmin/addons/cms/controller/Api.php:323]
[ error ] [8]未定义数组索引: zi[/www/wwwroot/default/tpadmin/addons/cms/controller/Api.php:322]
[ error ] [8]未定义数组索引: zid[/www/wwwroot/default/tpadmin/addons/cms/controller/Api.php:323]
[ error ] [8]未定义数组索引: zi[/www/wwwroot/default/tpadmin/addons/cms/controller/Api.php:322]
[ error ] [8]未定义数组索引: zid[/www/wwwroot/default/tpadmin/addons/cms/controller/Api.php:323]
[ error ] [8]未定义数组索引: zi[/www/wwwroot/default/tpadmin/addons/cms/controller/Api.php:322]
[ error ] [8]未定义数组索引: zid[/www/wwwroot/default/tpadmin/addons/cms/controller/Api.php:323]
[ error ] [8]未定义数组索引: zi[/www/wwwroot/default/tpadmin/addons/cms/controller/Api.php:322]
[ error ] [8]未定义数组索引: zid[/www/wwwroot/default/tpadmin/addons/cms/controller/Api.php:323]
[ error ] [8]未定义数组索引: zi[/www/wwwroot/default/tpadmin/addons/cms/controller/Api.php:322]
[ error ] [8]未定义数组索引: zid[/www/wwwroot/default/tpadmin/addons/cms/controller/Api.php:323]
[ error ] [8]未定义数组索引: zi[/www/wwwroot/default/tpadmin/addons/cms/controller/Api.php:322]
[ error ] [8]未定义数组索引: zid[/www/wwwroot/default/tpadmin/addons/cms/controller/Api.php:323]
[ error ] [8]未定义数组索引: zi[/www/wwwroot/default/tpadmin/addons/cms/controller/Api.php:322]
[ error ] [8]未定义数组索引: zid[/www/wwwroot/default/tpadmin/addons/cms/controller/Api.php:323]
[ error ] [8]未定义数组索引: value[/www/wwwroot/default/tpadmin/addons/cms/controller/Api.php:346]
[ error ] [8]未定义数组索引: zi[/www/wwwroot/default/tpadmin/addons/cms/controller/Api.php:347]
[ error ] [8]未定义数组索引: eachart[/www/wwwroot/default/tpadmin/runtime/temp/2292a031af2331c37dbcc37be565b46a.php:552]
[ error ] [8]Use of undefined constant qrcode - assumed 'qrcode'[/www/wwwroot/default/tpadmin/runtime/temp/2292a031af2331c37dbcc37be565b46a.php:776]
---------------------------------------------------------------
[ 2019-05-24T23:39:37+08:00 ] 122.237.94.70 POST www.changcaizixun.com/addons/cms/api/getMoresclice
[运行时间：0.037187s] [吞吐率：26.89req/s] [内存消耗：3,526.52kb] [文件加载：80]
[ info ] [ BEHAVIOR ] Run Closure @app_init [ RunTime:0.000021s ]
[ info ] [ CACHE ] INIT File
[ info ] [ BEHAVIOR ] Run Closure @app_init [ RunTime:0.001961s ]
[ info ] [ LANG ] /www/wwwroot/default/tpadmin/thinkphp/lang/zh-cn.php
[ info ] [ ROUTE ] array (
  'type' => 'method',
  'method' => 
  array (
    0 => '\\think\\addons\\Route',
    1 => 'execute',
  ),
  'var' => 
  array (
  ),
)
[ info ] [ HEADER ] array (
  'cookie' => 'PHPSESSID=9cl0ujqn8pt7mclsdckva066u6; __guid=158115004.2055471080896921600.1558712366526.621; monitor_count=1',
  'accept-language' => 'zh-CN,zh;q=0.9',
  'accept-encoding' => 'gzip, deflate',
  'referer' => 'http://www.changcaizixun.com/',
  'content-type' => 'application/x-www-form-urlencoded; charset=UTF-8',
  'user-agent' => 'Mozilla/5.0 (Windows NT 6.1; WOW64) AppleWebKit/537.36 (KHTML, like Gecko) Chrome/63.0.3239.132 Safari/537.36',
  'x-requested-with' => 'XMLHttpRequest',
  'origin' => 'http://www.changcaizixun.com',
  'accept' => 'application/json, text/javascript, */*; q=0.01',
  'content-length' => '13',
  'connection' => 'keep-alive',
  'host' => 'www.changcaizixun.com',
)
[ info ] [ PARAM ] array (
  'dataid' => '110100',
  'addon' => 'cms',
  'controller' => 'api',
  'action' => 'getMoresclice',
)
[ info ] [ RUN ] think\addons\Route->execute[ /www/wwwroot/default/tpadmin/vendor/karsonzhang/fastadmin-addons/src/addons/Route.php ]
[ info ] [ LANG ] /www/wwwroot/default/tpadmin/public/../application/common/lang/zh-cn/addon.php
[ info ] [ BEHAVIOR ] Run app\common\behavior\Common @addon_begin [ RunTime:0.001450s ]
[ info ] [ LANG ] /www/wwwroot/default/tpadmin/addons/cms/lang/zh-cn.php
[ info ] [ SESSION ] INIT array (
  'id' => '',
  'var_session_id' => '',
  'prefix' => 'think',
  'type' => '',
  'auto_start' => true,
)
[ info ] [ BEHAVIOR ] Run \addons\qiniu\Qiniu @upload_config_init [ RunTime:0.000925s ]
[ info ] [ DB ] INIT mysql
[ info ] [ LOG ] INIT File
[ sql ] [ DB ] CONNECT:[ UseTime:0.000357s ] mysql:host=127.0.0.1;dbname=fastadmin;charset=utf8
[ sql ] [ SQL ] SHOW COLUMNS FROM `fa_cms_addonchildren` [ RunTime:0.000804s ]
[ sql ] [ SQL ] SELECT b.*,a.* FROM `fa_cms_addonchildren` `a` INNER JOIN `fa_cms_archives` `b` ON `a`.`id`=`b`.`id` WHERE  (  a.city_id=110100 )  AND `b`.`deletetime` IS NULL [ RunTime:0.000715s ]
[ sql ] [ SQL ] SHOW COLUMNS FROM `fa_location` [ RunTime:0.000635s ]
[ sql ] [ SQL ] SELECT * FROM `fa_location` WHERE  (  level=1 )  AND `id` = 110000 LIMIT 1 [ RunTime:0.000281s ]
---------------------------------------------------------------
[ 2019-05-24T23:39:37+08:00 ] 122.237.94.70 GET www.changcaizixun.com/favicon.ico
[运行时间：0.017439s] [吞吐率：57.34req/s] [内存消耗：1,753.92kb] [文件加载：52]
[ info ] [ BEHAVIOR ] Run Closure @app_init [ RunTime:0.000029s ]
[ info ] [ CACHE ] INIT File
[ info ] [ BEHAVIOR ] Run Closure @app_init [ RunTime:0.001779s ]
[ info ] [ LANG ] /www/wwwroot/default/tpadmin/thinkphp/lang/zh-cn.php
[ info ] [ ROUTE ] array (
  'type' => 'module',
  'module' => 
  array (
    0 => 'favicon.ico',
    1 => NULL,
    2 => NULL,
  ),
)
[ info ] [ HEADER ] array (
  'cookie' => 'PHPSESSID=9cl0ujqn8pt7mclsdckva066u6; __guid=158115004.2055471080896921600.1558712366526.621; monitor_count=1',
  'accept-language' => 'zh-CN,zh;q=0.9',
  'accept-encoding' => 'gzip, deflate',
  'referer' => 'http://www.changcaizixun.com/',
  'accept' => 'image/webp,image/apng,image/*,*/*;q=0.8',
  'user-agent' => 'Mozilla/5.0 (Windows NT 6.1; WOW64) AppleWebKit/537.36 (KHTML, like Gecko) Chrome/63.0.3239.132 Safari/537.36',
  'connection' => 'keep-alive',
  'host' => 'www.changcaizixun.com',
  'content-type' => '',
  'content-length' => '',
)
[ info ] [ PARAM ] array (
)
[ info ] [ LOG ] INIT File
---------------------------------------------------------------
[ 2019-05-24T23:40:55+08:00 ] 54.36.148.13 GET www.changcaizixun.com/cms/a/296.html
[运行时间：0.056301s] [吞吐率：17.76req/s] [内存消耗：4,055.82kb] [文件加载：93]
[ info ] [ BEHAVIOR ] Run Closure @app_init [ RunTime:0.000021s ]
[ info ] [ CACHE ] INIT File
[ info ] [ BEHAVIOR ] Run Closure @app_init [ RunTime:0.001942s ]
[ info ] [ LANG ] /www/wwwroot/default/tpadmin/thinkphp/lang/zh-cn.php
[ info ] [ ROUTE ] array (
  'type' => 'method',
  'method' => 
  array (
    0 => '\\think\\addons\\Route',
    1 => 'execute',
  ),
  'var' => 
  array (
    'addon' => 'cms',
    'controller' => 'archives',
    'action' => 'index',
  ),
)
[ info ] [ HEADER ] array (
  'accept-encoding' => 'deflate, gzip',
  'accept' => '*/*',
  'user-agent' => 'Mozilla/5.0 (compatible; AhrefsBot/6.1; +http://ahrefs.com/robot/)',
  'host' => 'www.changcaizixun.com',
  'content-type' => '',
  'content-length' => '',
)
[ info ] [ PARAM ] array (
  'diyname' => '296',
)
[ info ] [ RUN ] think\addons\Route->execute[ /www/wwwroot/default/tpadmin/vendor/karsonzhang/fastadmin-addons/src/addons/Route.php ]
[ info ] [ LANG ] /www/wwwroot/default/tpadmin/public/../application/common/lang/zh-cn/addon.php
[ info ] [ BEHAVIOR ] Run app\common\behavior\Common @addon_begin [ RunTime:0.001438s ]
[ info ] [ LANG ] /www/wwwroot/default/tpadmin/addons/cms/lang/zh-cn.php
[ info ] [ SESSION ] INIT array (
  'id' => '',
  'var_session_id' => '',
  'prefix' => 'think',
  'type' => '',
  'auto_start' => true,
)
[ info ] [ BEHAVIOR ] Run \addons\qiniu\Qiniu @upload_config_init [ RunTime:0.001015s ]
[ info ] [ DB ] INIT mysql
[ info ] [ VIEW ] /www/wwwroot/default/tpadmin/addons/cms/view/default/show_news.html [ array (
  0 => 'config',
  1 => 'user',
  2 => 'site',
  3 => '__CHANNEL__',
  4 => '__ARCHIVES__',
) ]
[ info ] [ LOG ] INIT File
[ sql ] [ DB ] CONNECT:[ UseTime:0.000427s ] mysql:host=127.0.0.1;dbname=fastadmin;charset=utf8
[ sql ] [ SQL ] SHOW COLUMNS FROM `fa_cms_channel` [ RunTime:0.000925s ]
[ sql ] [ SQL ] SHOW COLUMNS FROM `fa_cms_archives` [ RunTime:0.000898s ]
[ sql ] [ SQL ] SELECT * FROM `fa_cms_archives` WHERE  `id` = 296 LIMIT 1 [ RunTime:0.000434s ]
[ sql ] [ SQL ] SELECT `id`,`name`,`image`,`diyname`,`items` FROM `fa_cms_channel` WHERE  `id` = 57 [ RunTime:0.000260s ]
[ sql ] [ SQL ] SELECT * FROM `fa_cms_channel` WHERE  `id` = 57 LIMIT 1 [ RunTime:0.000260s ]
[ sql ] [ SQL ] SHOW COLUMNS FROM `fa_cms_model` [ RunTime:0.000700s ]
[ sql ] [ SQL ] SHOW COLUMNS FROM `fa_cms_addonchildren` [ RunTime:0.000619s ]
[ sql ] [ SQL ] SELECT * FROM `fa_cms_addonchildren` WHERE  `id` = 296 LIMIT 1 [ RunTime:0.000346s ]
[ sql ] [ SQL ] UPDATE `fa_cms_archives`  SET `views`=`views`+1  WHERE  `id` = 296 [ RunTime:0.005642s ]
[ sql ] [ SQL ] SELECT `id`,`name`,`image`,`diyname`,`items` FROM `fa_cms_channel` WHERE  `id` IN (57) [ RunTime:0.000396s ]
[ error ] [8]Use of undefined constant qrcode - assumed 'qrcode'[/www/wwwroot/default/tpadmin/runtime/temp/4898dc2838ee97191f27f0a816d82422.php:215]
---------------------------------------------------------------
[ 2019-05-24T23:42:00+08:00 ] 122.237.94.70 POST www.changcaizixun.com/addons/cms/api/laydate
[运行时间：0.037752s] [吞吐率：26.49req/s] [内存消耗：3,789.59kb] [文件加载：86]
[ info ] [ BEHAVIOR ] Run Closure @app_init [ RunTime:0.000022s ]
[ info ] [ CACHE ] INIT File
[ info ] [ BEHAVIOR ] Run Closure @app_init [ RunTime:0.001782s ]
[ info ] [ LANG ] /www/wwwroot/default/tpadmin/thinkphp/lang/zh-cn.php
[ info ] [ ROUTE ] array (
  'type' => 'method',
  'method' => 
  array (
    0 => '\\think\\addons\\Route',
    1 => 'execute',
  ),
  'var' => 
  array (
  ),
)
[ info ] [ HEADER ] array (
  'cookie' => 'PHPSESSID=9cl0ujqn8pt7mclsdckva066u6; __guid=158115004.2055471080896921600.1558712366526.621; monitor_count=1',
  'accept-language' => 'zh-CN,zh;q=0.9',
  'accept-encoding' => 'gzip, deflate',
  'referer' => 'http://www.changcaizixun.com/',
  'content-type' => 'application/x-www-form-urlencoded; charset=UTF-8',
  'user-agent' => 'Mozilla/5.0 (Windows NT 6.1; WOW64) AppleWebKit/537.36 (KHTML, like Gecko) Chrome/63.0.3239.132 Safari/537.36',
  'x-requested-with' => 'XMLHttpRequest',
  'origin' => 'http://www.changcaizixun.com',
  'accept' => '*/*',
  'content-length' => '22',
  'connection' => 'keep-alive',
  'host' => 'www.changcaizixun.com',
)
[ info ] [ PARAM ] array (
  'date' => '2019-05-25',
  'vst' => '66',
  'addon' => 'cms',
  'controller' => 'api',
  'action' => 'laydate',
)
[ info ] [ RUN ] think\addons\Route->execute[ /www/wwwroot/default/tpadmin/vendor/karsonzhang/fastadmin-addons/src/addons/Route.php ]
[ info ] [ LANG ] /www/wwwroot/default/tpadmin/public/../application/common/lang/zh-cn/addon.php
[ info ] [ BEHAVIOR ] Run app\common\behavior\Common @addon_begin [ RunTime:0.001417s ]
[ info ] [ LANG ] /www/wwwroot/default/tpadmin/addons/cms/lang/zh-cn.php
[ info ] [ SESSION ] INIT array (
  'id' => '',
  'var_session_id' => '',
  'prefix' => 'think',
  'type' => '',
  'auto_start' => true,
)
[ info ] [ BEHAVIOR ] Run \addons\qiniu\Qiniu @upload_config_init [ RunTime:0.000960s ]
[ info ] [ DB ] INIT mysql
[ info ] [ LOG ] INIT File
[ sql ] [ DB ] CONNECT:[ UseTime:0.000345s ] mysql:host=127.0.0.1;dbname=fastadmin;charset=utf8
[ sql ] [ SQL ] SHOW COLUMNS FROM `fa_cms_channel` [ RunTime:0.000900s ]
[ sql ] [ SQL ] SHOW COLUMNS FROM `fa_cms_kecheng` [ RunTime:0.000706s ]
[ sql ] [ SQL ] SHOW COLUMNS FROM `fa_cms_archives` [ RunTime:0.000744s ]
[ sql ] [ SQL ] SELECT `kecheng`.`id`,`kecheng`.`chanpin_id`,`kecheng`.`experts_id`,`kecheng`.`begintime`,`kecheng`.`endtime`,`kecheng`.`createtime`,`kecheng`.`updatetime`,`kecheng`.`deletetime`,`kecheng`.`status`,`kecheng`.`experts`,`kecheng`.`channel_id`,`kecheng`.`qitafile`,`kecheng`.`area`,channel.id AS channel__id,channel.type AS channel__type,channel.model_id AS channel__model_id,channel.parent_id AS channel__parent_id,channel.name AS channel__name,channel.image AS channel__image,channel.flag AS channel__flag,channel.keywords AS channel__keywords,channel.description AS channel__description,channel.diyname AS channel__diyname,channel.outlink AS channel__outlink,channel.items AS channel__items,channel.weigh AS channel__weigh,channel.channeltpl AS channel__channeltpl,channel.listtpl AS channel__listtpl,channel.showtpl AS channel__showtpl,channel.pagesize AS channel__pagesize,channel.iscontribute AS channel__iscontribute,channel.createtime AS channel__createtime,channel.updatetime AS channel__updatetime,channel.status AS channel__status,chanpin.id AS chanpin__id,chanpin.user_id AS chanpin__user_id,chanpin.channel_id AS chanpin__channel_id,chanpin.model_id AS chanpin__model_id,chanpin.title AS chanpin__title,chanpin.flag AS chanpin__flag,chanpin.image AS chanpin__image,chanpin.keywords AS chanpin__keywords,chanpin.description AS chanpin__description,chanpin.tags AS chanpin__tags,chanpin.weigh AS chanpin__weigh,chanpin.views AS chanpin__views,chanpin.comments AS chanpin__comments,chanpin.likes AS chanpin__likes,chanpin.dislikes AS chanpin__dislikes,chanpin.diyname AS chanpin__diyname,chanpin.createtime AS chanpin__createtime,chanpin.updatetime AS chanpin__updatetime,chanpin.publishtime AS chanpin__publishtime,chanpin.deletetime AS chanpin__deletetime,chanpin.memo AS chanpin__memo,chanpin.status AS chanpin__status FROM `fa_cms_kecheng` `kecheng` LEFT JOIN `fa_cms_channel` `channel` ON `kecheng`.`channel_id`=`channel`.`id` LEFT JOIN `fa_cms_archives` `chanpin` ON `kecheng`.`chanpin_id`=`chanpin`.`id` WHERE  `channel`.`diyname` = 'chanpinyufuw'  AND `begintime` <= '2019-05-25'  AND `endtime` >= '2019-05-25' [ RunTime:0.000625s ]
---------------------------------------------------------------
[ 2019-05-24T23:42:03+08:00 ] 122.237.94.70 POST www.changcaizixun.com/addons/cms/api/laydate
[运行时间：0.044854s] [吞吐率：22.29req/s] [内存消耗：3,808.11kb] [文件加载：86]
[ info ] [ BEHAVIOR ] Run Closure @app_init [ RunTime:0.000022s ]
[ info ] [ CACHE ] INIT File
[ info ] [ BEHAVIOR ] Run Closure @app_init [ RunTime:0.001804s ]
[ info ] [ LANG ] /www/wwwroot/default/tpadmin/thinkphp/lang/zh-cn.php
[ info ] [ ROUTE ] array (
  'type' => 'method',
  'method' => 
  array (
    0 => '\\think\\addons\\Route',
    1 => 'execute',
  ),
  'var' => 
  array (
  ),
)
[ info ] [ HEADER ] array (
  'cookie' => 'PHPSESSID=9cl0ujqn8pt7mclsdckva066u6; __guid=158115004.2055471080896921600.1558712366526.621; monitor_count=1',
  'accept-language' => 'zh-CN,zh;q=0.9',
  'accept-encoding' => 'gzip, deflate',
  'referer' => 'http://www.changcaizixun.com/',
  'content-type' => 'application/x-www-form-urlencoded; charset=UTF-8',
  'user-agent' => 'Mozilla/5.0 (Windows NT 6.1; WOW64) AppleWebKit/537.36 (KHTML, like Gecko) Chrome/63.0.3239.132 Safari/537.36',
  'x-requested-with' => 'XMLHttpRequest',
  'origin' => 'http://www.changcaizixun.com',
  'accept' => '*/*',
  'content-length' => '22',
  'connection' => 'keep-alive',
  'host' => 'www.changcaizixun.com',
)
[ info ] [ PARAM ] array (
  'date' => '2019-05-24',
  'vst' => '-1',
  'addon' => 'cms',
  'controller' => 'api',
  'action' => 'laydate',
)
[ info ] [ RUN ] think\addons\Route->execute[ /www/wwwroot/default/tpadmin/vendor/karsonzhang/fastadmin-addons/src/addons/Route.php ]
[ info ] [ LANG ] /www/wwwroot/default/tpadmin/public/../application/common/lang/zh-cn/addon.php
[ info ] [ BEHAVIOR ] Run app\common\behavior\Common @addon_begin [ RunTime:0.001604s ]
[ info ] [ LANG ] /www/wwwroot/default/tpadmin/addons/cms/lang/zh-cn.php
[ info ] [ SESSION ] INIT array (
  'id' => '',
  'var_session_id' => '',
  'prefix' => 'think',
  'type' => '',
  'auto_start' => true,
)
[ info ] [ BEHAVIOR ] Run \addons\qiniu\Qiniu @upload_config_init [ RunTime:0.000959s ]
[ info ] [ DB ] INIT mysql
[ info ] [ LOG ] INIT File
[ sql ] [ DB ] CONNECT:[ UseTime:0.000430s ] mysql:host=127.0.0.1;dbname=fastadmin;charset=utf8
[ sql ] [ SQL ] SHOW COLUMNS FROM `fa_cms_channel` [ RunTime:0.001098s ]
[ sql ] [ SQL ] SHOW COLUMNS FROM `fa_cms_kecheng` [ RunTime:0.000830s ]
[ sql ] [ SQL ] SHOW COLUMNS FROM `fa_cms_archives` [ RunTime:0.000933s ]
[ sql ] [ SQL ] SELECT `kecheng`.`id`,`kecheng`.`chanpin_id`,`kecheng`.`experts_id`,`kecheng`.`begintime`,`kecheng`.`endtime`,`kecheng`.`createtime`,`kecheng`.`updatetime`,`kecheng`.`deletetime`,`kecheng`.`status`,`kecheng`.`experts`,`kecheng`.`channel_id`,`kecheng`.`qitafile`,`kecheng`.`area`,channel.id AS channel__id,channel.type AS channel__type,channel.model_id AS channel__model_id,channel.parent_id AS channel__parent_id,channel.name AS channel__name,channel.image AS channel__image,channel.flag AS channel__flag,channel.keywords AS channel__keywords,channel.description AS channel__description,channel.diyname AS channel__diyname,channel.outlink AS channel__outlink,channel.items AS channel__items,channel.weigh AS channel__weigh,channel.channeltpl AS channel__channeltpl,channel.listtpl AS channel__listtpl,channel.showtpl AS channel__showtpl,channel.pagesize AS channel__pagesize,channel.iscontribute AS channel__iscontribute,channel.createtime AS channel__createtime,channel.updatetime AS channel__updatetime,channel.status AS channel__status,chanpin.id AS chanpin__id,chanpin.user_id AS chanpin__user_id,chanpin.channel_id AS chanpin__channel_id,chanpin.model_id AS chanpin__model_id,chanpin.title AS chanpin__title,chanpin.flag AS chanpin__flag,chanpin.image AS chanpin__image,chanpin.keywords AS chanpin__keywords,chanpin.description AS chanpin__description,chanpin.tags AS chanpin__tags,chanpin.weigh AS chanpin__weigh,chanpin.views AS chanpin__views,chanpin.comments AS chanpin__comments,chanpin.likes AS chanpin__likes,chanpin.dislikes AS chanpin__dislikes,chanpin.diyname AS chanpin__diyname,chanpin.createtime AS chanpin__createtime,chanpin.updatetime AS chanpin__updatetime,chanpin.publishtime AS chanpin__publishtime,chanpin.deletetime AS chanpin__deletetime,chanpin.memo AS chanpin__memo,chanpin.status AS chanpin__status FROM `fa_cms_kecheng` `kecheng` LEFT JOIN `fa_cms_channel` `channel` ON `kecheng`.`channel_id`=`channel`.`id` LEFT JOIN `fa_cms_archives` `chanpin` ON `kecheng`.`chanpin_id`=`chanpin`.`id` WHERE  `channel`.`diyname` = 'chanpinyufuw'  AND `begintime` >= '2019-05-24'  AND `endtime` <= '2019-07-24' ORDER BY `begintime` ASC [ RunTime:0.000734s ]
---------------------------------------------------------------
[ 2019-05-24T23:42:21+08:00 ] 122.237.94.70 GET www.changcaizixun.com/cms/a/353.html
[运行时间：0.064435s] [吞吐率：15.52req/s] [内存消耗：3,959.27kb] [文件加载：93]
[ info ] [ BEHAVIOR ] Run Closure @app_init [ RunTime:0.000032s ]
[ info ] [ CACHE ] INIT File
[ info ] [ BEHAVIOR ] Run Closure @app_init [ RunTime:0.002141s ]
[ info ] [ LANG ] /www/wwwroot/default/tpadmin/thinkphp/lang/zh-cn.php
[ info ] [ ROUTE ] array (
  'type' => 'method',
  'method' => 
  array (
    0 => '\\think\\addons\\Route',
    1 => 'execute',
  ),
  'var' => 
  array (
    'addon' => 'cms',
    'controller' => 'archives',
    'action' => 'index',
  ),
)
[ info ] [ HEADER ] array (
  'cookie' => 'PHPSESSID=9cl0ujqn8pt7mclsdckva066u6; __guid=158115004.2055471080896921600.1558712366526.621; monitor_count=1',
  'connection' => 'Keep-Alive',
  'host' => 'www.changcaizixun.com',
  'accept-encoding' => 'gzip, deflate',
  'user-agent' => 'Mozilla/4.0 (compatible; MSIE 8.0; Windows NT 6.1; WOW64; Trident/4.0; SLCC2; .NET CLR 2.0.50727; .NET CLR 3.5.30729; .NET CLR 3.0.30729; Media Center PC 6.0)',
  'accept-language' => 'zh-cn',
  'referer' => 'http://www.changcaizixun.com/',
  'accept' => '*/*',
  'content-type' => '',
  'content-length' => '',
)
[ info ] [ PARAM ] array (
  'diyname' => '353',
)
[ info ] [ RUN ] think\addons\Route->execute[ /www/wwwroot/default/tpadmin/vendor/karsonzhang/fastadmin-addons/src/addons/Route.php ]
[ info ] [ LANG ] /www/wwwroot/default/tpadmin/public/../application/common/lang/zh-cn/addon.php
[ info ] [ BEHAVIOR ] Run app\common\behavior\Common @addon_begin [ RunTime:0.001950s ]
[ info ] [ LANG ] /www/wwwroot/default/tpadmin/addons/cms/lang/zh-cn.php
[ info ] [ SESSION ] INIT array (
  'id' => '',
  'var_session_id' => '',
  'prefix' => 'think',
  'type' => '',
  'auto_start' => true,
)
[ info ] [ BEHAVIOR ] Run \addons\qiniu\Qiniu @upload_config_init [ RunTime:0.001280s ]
[ info ] [ DB ] INIT mysql
[ info ] [ VIEW ] /www/wwwroot/default/tpadmin/addons/cms/view/default/show_news.html [ array (
  0 => 'config',
  1 => 'user',
  2 => 'site',
  3 => '__CHANNEL__',
  4 => '__ARCHIVES__',
) ]
[ info ] [ LOG ] INIT File
[ sql ] [ DB ] CONNECT:[ UseTime:0.000525s ] mysql:host=127.0.0.1;dbname=fastadmin;charset=utf8
[ sql ] [ SQL ] SHOW COLUMNS FROM `fa_cms_channel` [ RunTime:0.001158s ]
[ sql ] [ SQL ] SHOW COLUMNS FROM `fa_cms_archives` [ RunTime:0.001008s ]
[ sql ] [ SQL ] SELECT * FROM `fa_cms_archives` WHERE  `id` = 353 LIMIT 1 [ RunTime:0.000444s ]
[ sql ] [ SQL ] SELECT `id`,`name`,`image`,`diyname`,`items` FROM `fa_cms_channel` WHERE  `id` = 3 [ RunTime:0.000297s ]
[ sql ] [ SQL ] SELECT * FROM `fa_cms_channel` WHERE  `id` = 3 LIMIT 1 [ RunTime:0.000340s ]
[ sql ] [ SQL ] SHOW COLUMNS FROM `fa_cms_model` [ RunTime:0.000833s ]
[ sql ] [ SQL ] SHOW COLUMNS FROM `fa_cms_addonnews` [ RunTime:0.000712s ]
[ sql ] [ SQL ] SELECT * FROM `fa_cms_addonnews` WHERE  `id` = 353 LIMIT 1 [ RunTime:0.000270s ]
[ sql ] [ SQL ] UPDATE `fa_cms_archives`  SET `views`=`views`+1  WHERE  `id` = 353 [ RunTime:0.005219s ]
[ sql ] [ SQL ] SELECT `id`,`name`,`image`,`diyname`,`items` FROM `fa_cms_channel` WHERE  `id` IN (3) [ RunTime:0.000460s ]
[ error ] [8]Use of undefined constant qrcode - assumed 'qrcode'[/www/wwwroot/default/tpadmin/runtime/temp/4898dc2838ee97191f27f0a816d82422.php:215]
---------------------------------------------------------------
[ 2019-05-24T23:43:56+08:00 ] 157.55.39.153 GET www.changcaizixun.com/productsinfo.aspx?Id=1155
[运行时间：0.020888s] [吞吐率：47.87req/s] [内存消耗：1,754.03kb] [文件加载：52]
[ info ] [ BEHAVIOR ] Run Closure @app_init [ RunTime:0.000032s ]
[ info ] [ CACHE ] INIT File
[ info ] [ BEHAVIOR ] Run Closure @app_init [ RunTime:0.002088s ]
[ info ] [ LANG ] /www/wwwroot/default/tpadmin/thinkphp/lang/zh-cn.php
[ info ] [ ROUTE ] array (
  'type' => 'module',
  'module' => 
  array (
    0 => 'productsinfo.aspx',
    1 => NULL,
    2 => NULL,
  ),
)
[ info ] [ HEADER ] array (
  'user-agent' => 'Mozilla/5.0 (iPhone; CPU iPhone OS 7_0 like Mac OS X) AppleWebKit/537.51.1 (KHTML, like Gecko) Version/7.0 Mobile/11A465 Safari/9537.53 (compatible; bingbot/2.0; +http://www.bing.com/bingbot.htm)',
  'host' => 'www.changcaizixun.com',
  'from' => 'bingbot(at)microsoft.com',
  'accept-encoding' => 'gzip, deflate',
  'accept' => '*/*',
  'pragma' => 'no-cache',
  'connection' => 'Keep-Alive',
  'cache-control' => 'no-cache',
  'content-type' => '',
  'content-length' => '',
)
[ info ] [ PARAM ] array (
  'Id' => '1155',
)
[ info ] [ LOG ] INIT File
---------------------------------------------------------------
[ 2019-05-24T23:55:21+08:00 ] 64.168.170.177 GET www.changcaizixun.com/cms/a/126.html
[运行时间：0.067586s] [吞吐率：14.80req/s] [内存消耗：3,962.20kb] [文件加载：94]
[ info ] [ BEHAVIOR ] Run Closure @app_init [ RunTime:0.000028s ]
[ info ] [ CACHE ] INIT File
[ info ] [ BEHAVIOR ] Run Closure @app_init [ RunTime:0.002687s ]
[ info ] [ LANG ] /www/wwwroot/default/tpadmin/thinkphp/lang/zh-cn.php
[ info ] [ ROUTE ] array (
  'type' => 'method',
  'method' => 
  array (
    0 => '\\think\\addons\\Route',
    1 => 'execute',
  ),
  'var' => 
  array (
    'addon' => 'cms',
    'controller' => 'archives',
    'action' => 'index',
  ),
)
[ info ] [ HEADER ] array (
  'x-forwarded-for' => '64.168.170.177',
  'client-ip' => '60.243.166.168',
  'referer' => 'http://www.changcaizixun.com/cms/a/126.html',
  'accept-encoding' => 'gzip,deflate',
  'accept' => '*/*',
  'user-agent' => 'Mozilla/5.0 (compatible; Baiduspider/2.0; +http://www.baidu.com/search/spider.html)',
  'host' => 'www.changcaizixun.com',
  'content-type' => '',
  'content-length' => '',
)
[ info ] [ PARAM ] array (
  'diyname' => '126',
)
[ info ] [ RUN ] think\addons\Route->execute[ /www/wwwroot/default/tpadmin/vendor/karsonzhang/fastadmin-addons/src/addons/Route.php ]
[ info ] [ LANG ] /www/wwwroot/default/tpadmin/public/../application/common/lang/zh-cn/addon.php
[ info ] [ BEHAVIOR ] Run app\common\behavior\Common @addon_begin [ RunTime:0.002222s ]
[ info ] [ LANG ] /www/wwwroot/default/tpadmin/addons/cms/lang/zh-cn.php
[ info ] [ SESSION ] INIT array (
  'id' => '',
  'var_session_id' => '',
  'prefix' => 'think',
  'type' => '',
  'auto_start' => true,
)
[ info ] [ BEHAVIOR ] Run \addons\qiniu\Qiniu @upload_config_init [ RunTime:0.001023s ]
[ info ] [ DB ] INIT mysql
[ info ] [ VIEW ] /www/wwwroot/default/tpadmin/addons/cms/view/default/show_zhuanjia.html [ array (
  0 => 'config',
  1 => 'user',
  2 => 'site',
  3 => '__CHANNEL__',
  4 => '__ARCHIVES__',
) ]
[ info ] [ LOG ] INIT File
[ sql ] [ DB ] CONNECT:[ UseTime:0.000436s ] mysql:host=127.0.0.1;dbname=fastadmin;charset=utf8
[ sql ] [ SQL ] SHOW COLUMNS FROM `fa_cms_channel` [ RunTime:0.000941s ]
[ sql ] [ SQL ] SHOW COLUMNS FROM `fa_cms_archives` [ RunTime:0.000777s ]
[ sql ] [ SQL ] SELECT * FROM `fa_cms_archives` WHERE  `id` = 126 LIMIT 1 [ RunTime:0.000365s ]
[ sql ] [ SQL ] SELECT `id`,`name`,`image`,`diyname`,`items` FROM `fa_cms_channel` WHERE  `id` = 63 [ RunTime:0.000256s ]
[ sql ] [ SQL ] SELECT * FROM `fa_cms_channel` WHERE  `id` = 63 LIMIT 1 [ RunTime:0.000271s ]
[ sql ] [ SQL ] SHOW COLUMNS FROM `fa_cms_model` [ RunTime:0.000713s ]
[ sql ] [ SQL ] SHOW COLUMNS FROM `fa_cms_addonexperts` [ RunTime:0.000677s ]
[ sql ] [ SQL ] SELECT * FROM `fa_cms_addonexperts` WHERE  `id` = 126 LIMIT 1 [ RunTime:0.000254s ]
[ sql ] [ SQL ] UPDATE `fa_cms_archives`  SET `views`=`views`+1  WHERE  `id` = 126 [ RunTime:0.006159s ]
[ sql ] [ SQL ] SELECT `id`,`name`,`image`,`diyname`,`items` FROM `fa_cms_channel` WHERE  `id` IN (63) [ RunTime:0.000419s ]
[ sql ] [ SQL ] SHOW COLUMNS FROM `fa_cms_kecheng` [ RunTime:0.000937s ]
[ sql ] [ SQL ] SHOW COLUMNS FROM `fa_experts_kecheng` [ RunTime:0.000685s ]
[ sql ] [ SQL ] SELECT `chanpin`.`id` FROM `fa_cms_kecheng` `kecheng` LEFT JOIN `fa_cms_archives` `chanpin` ON `kecheng`.`chanpin_id`=`chanpin`.`id` WHERE  `kecheng`.`channel_id` = ( SELECT `id` FROM `fa_cms_channel` WHERE  `diyname` = 'chanpinyufuw' )  AND `kecheng`.`id` IN ( SELECT `kecheng_id` FROM `fa_experts_kecheng` WHERE  `experts_id` = 126 ) GROUP BY `chanpin`.`id` ORDER BY `id` ASC [ RunTime:0.000424s ]
[ sql ] [ SQL ] SELECT * FROM `fa_cms_archives` WHERE (  (  `id` IN ('') ) ) AND `fa_cms_archives`.`deletetime` IS NULL LIMIT 2 [ RunTime:0.000307s ]
[ error ] [8]Use of undefined constant qrcode - assumed 'qrcode'[/www/wwwroot/default/tpadmin/runtime/temp/a6d59aa6bd8896e72d4f0653cc710e03.php:253]
---------------------------------------------------------------
[ 2019-05-24T23:57:07+08:00 ] 211.244.73.81 GET www.changcaizixun.com/cms/a/223.html
[运行时间：0.064682s] [吞吐率：15.46req/s] [内存消耗：3,985.86kb] [文件加载：93]
[ info ] [ BEHAVIOR ] Run Closure @app_init [ RunTime:0.000032s ]
[ info ] [ CACHE ] INIT File
[ info ] [ BEHAVIOR ] Run Closure @app_init [ RunTime:0.001955s ]
[ info ] [ LANG ] /www/wwwroot/default/tpadmin/thinkphp/lang/zh-cn.php
[ info ] [ ROUTE ] array (
  'type' => 'method',
  'method' => 
  array (
    0 => '\\think\\addons\\Route',
    1 => 'execute',
  ),
  'var' => 
  array (
    'addon' => 'cms',
    'controller' => 'archives',
    'action' => 'index',
  ),
)
[ info ] [ HEADER ] array (
  'x-forwarded-for' => '211.244.73.81',
  'client-ip' => '218.121.246.218',
  'referer' => 'http://www.changcaizixun.com/cms/a/223.html',
  'accept-encoding' => 'gzip,deflate',
  'accept' => '*/*',
  'user-agent' => 'Mozilla/5.0 (compatible; Baiduspider/2.0; +http://www.baidu.com/search/spider.html)',
  'host' => 'www.changcaizixun.com',
  'content-type' => '',
  'content-length' => '',
)
[ info ] [ PARAM ] array (
  'diyname' => '223',
)
[ info ] [ RUN ] think\addons\Route->execute[ /www/wwwroot/default/tpadmin/vendor/karsonzhang/fastadmin-addons/src/addons/Route.php ]
[ info ] [ LANG ] /www/wwwroot/default/tpadmin/public/../application/common/lang/zh-cn/addon.php
[ info ] [ BEHAVIOR ] Run app\common\behavior\Common @addon_begin [ RunTime:0.001703s ]
[ info ] [ LANG ] /www/wwwroot/default/tpadmin/addons/cms/lang/zh-cn.php
[ info ] [ SESSION ] INIT array (
  'id' => '',
  'var_session_id' => '',
  'prefix' => 'think',
  'type' => '',
  'auto_start' => true,
)
[ info ] [ BEHAVIOR ] Run \addons\qiniu\Qiniu @upload_config_init [ RunTime:0.001054s ]
[ info ] [ DB ] INIT mysql
[ info ] [ VIEW ] /www/wwwroot/default/tpadmin/addons/cms/view/default/show_chanpinyufuwu.html [ array (
  0 => 'config',
  1 => 'user',
  2 => 'site',
  3 => '__CHANNEL__',
  4 => '__ARCHIVES__',
) ]
[ info ] [ LOG ] INIT File
[ sql ] [ DB ] CONNECT:[ UseTime:0.000471s ] mysql:host=127.0.0.1;dbname=fastadmin;charset=utf8
[ sql ] [ SQL ] SHOW COLUMNS FROM `fa_cms_channel` [ RunTime:0.000989s ]
[ sql ] [ SQL ] SHOW COLUMNS FROM `fa_cms_archives` [ RunTime:0.000866s ]
[ sql ] [ SQL ] SELECT * FROM `fa_cms_archives` WHERE  `id` = 223 LIMIT 1 [ RunTime:0.000347s ]
[ sql ] [ SQL ] SELECT `id`,`name`,`image`,`diyname`,`items` FROM `fa_cms_channel` WHERE  `id` = 99 [ RunTime:0.000227s ]
[ sql ] [ SQL ] SELECT * FROM `fa_cms_channel` WHERE  `id` = 99 LIMIT 1 [ RunTime:0.000249s ]
[ sql ] [ SQL ] SHOW COLUMNS FROM `fa_cms_model` [ RunTime:0.000719s ]
[ sql ] [ SQL ] SHOW COLUMNS FROM `fa_cms_addonnews` [ RunTime:0.000727s ]
[ sql ] [ SQL ] SELECT * FROM `fa_cms_addonnews` WHERE  `id` = 223 LIMIT 1 [ RunTime:0.000243s ]
[ sql ] [ SQL ] UPDATE `fa_cms_archives`  SET `views`=`views`+1  WHERE  `id` = 223 [ RunTime:0.006080s ]
[ sql ] [ SQL ] SELECT `id`,`name`,`image`,`diyname`,`items` FROM `fa_cms_channel` WHERE  `id` IN (99) [ RunTime:0.000460s ]
[ error ] [8]Use of undefined constant qrcode - assumed 'qrcode'[/www/wwwroot/default/tpadmin/runtime/temp/ca0dbdb83ddf790f22f7a8905e5c6bcd.php:217]
