---------------------------------------------------------------
[ 2019-05-25T23:55:58+08:00 ] 121.31.246.98 POST www.changcaizixun.com/addons/cms/api/getMoresclice
[运行时间：0.044426s] [吞吐率：22.51req/s] [内存消耗：3,527.43kb] [文件加载：80]
[ info ] [ BEHAVIOR ] Run Closure @app_init [ RunTime:0.000032s ]
[ info ] [ CACHE ] INIT File
[ info ] [ BEHAVIOR ] Run Closure @app_init [ RunTime:0.002586s ]
[ info ] [ LANG ] /www/wwwroot/default/tpadmin/thinkphp/lang/zh-cn.php
[ info ] [ ROUTE ] array (
  'type' => 'method',
  'method' => 
  array (
    0 => '\\think\\addons\\Route',
    1 => 'execute',
  ),
  'var' => 
  array (
  ),
)
[ info ] [ HEADER ] array (
  'x-requested-with' => 'XMLHttpRequest',
  'x-forwarded-for-pound' => '121.31.246.98',
  'x-forwarded-for' => '121.31.246.98',
  'user-agent' => 'Mozilla/5.0 (Linux; Android 7.0; Redmi Note 4X Build/NRD90M; wv) AppleWebKit/537.36 (KHTML, like Gecko) Version/4.0 Chrome/66.0.3359.126 MQQBrowser/6.2 TBS/044704 Mobile Safari/537.36 MicroMessenger/6.6.7.1321(0x26060739) NetType/4G Language/zh_CN',
  'referer' => 'http://www.changcaizixun.com/',
  'origin' => 'http://www.changcaizixun.com',
  'host' => 'www.changcaizixun.com',
  'cookie' => 'PHPSESSID=futpbf69h3n7bh8p2nrsu7aje2',
  'content-type' => 'application/x-www-form-urlencoded; charset=UTF-8',
  'content-length' => '13',
  'connection' => 'close',
  'accept-language' => 'zh-CN,en-US;q=0.9',
  'accept-encoding' => 'gzip',
  'accept' => 'application/json, text/javascript, */*; q=0.01',
)
[ info ] [ PARAM ] array (
  'dataid' => '110100',
  'addon' => 'cms',
  'controller' => 'api',
  'action' => 'getMoresclice',
)
[ info ] [ RUN ] think\addons\Route->execute[ /www/wwwroot/default/tpadmin/vendor/karsonzhang/fastadmin-addons/src/addons/Route.php ]
[ info ] [ LANG ] /www/wwwroot/default/tpadmin/public/../application/common/lang/zh-cn/addon.php
[ info ] [ BEHAVIOR ] Run app\common\behavior\Common @addon_begin [ RunTime:0.001671s ]
[ info ] [ LANG ] /www/wwwroot/default/tpadmin/addons/cms/lang/zh-cn.php
[ info ] [ SESSION ] INIT array (
  'id' => '',
  'var_session_id' => '',
  'prefix' => 'think',
  'type' => '',
  'auto_start' => true,
)
[ info ] [ BEHAVIOR ] Run \addons\qiniu\Qiniu @upload_config_init [ RunTime:0.001099s ]
[ info ] [ DB ] INIT mysql
[ info ] [ LOG ] INIT File
[ sql ] [ DB ] CONNECT:[ UseTime:0.000418s ] mysql:host=127.0.0.1;dbname=fastadmin;charset=utf8
[ sql ] [ SQL ] SHOW COLUMNS FROM `fa_cms_addonchildren` [ RunTime:0.000928s ]
[ sql ] [ SQL ] SELECT b.*,a.* FROM `fa_cms_addonchildren` `a` INNER JOIN `fa_cms_archives` `b` ON `a`.`id`=`b`.`id` WHERE  (  a.city_id=110100 )  AND `b`.`deletetime` IS NULL [ RunTime:0.000644s ]
[ sql ] [ SQL ] SHOW COLUMNS FROM `fa_location` [ RunTime:0.000743s ]
[ sql ] [ SQL ] SELECT * FROM `fa_location` WHERE  (  level=1 )  AND `id` = 110000 LIMIT 1 [ RunTime:0.000308s ]
---------------------------------------------------------------
[ 2019-05-25T23:56:08+08:00 ] 172.121.224.194 GET www.changcaizixun.com/index.php?m=vod-list-id-10-pg-1-order--by--class-0-year-2015-letter--area--lang-.html
[运行时间：0.088366s] [吞吐率：11.32req/s] [内存消耗：4,601.68kb] [文件加载：101]
[ info ] [ BEHAVIOR ] Run Closure @app_init [ RunTime:0.000029s ]
[ info ] [ CACHE ] INIT File
[ info ] [ BEHAVIOR ] Run Closure @app_init [ RunTime:0.002075s ]
[ info ] [ LANG ] /www/wwwroot/default/tpadmin/thinkphp/lang/zh-cn.php
[ info ] [ ROUTE ] array (
  'type' => 'method',
  'method' => 
  array (
    0 => '\\think\\addons\\Route',
    1 => 'execute',
  ),
  'var' => 
  array (
    'addon' => 'cms',
    'controller' => 'index',
    'action' => 'index',
  ),
)
[ info ] [ HEADER ] array (
  'host' => 'www.changcaizixun.com',
  'user-agent' => 'Mozilla/4.0 (compatible; MSIE 9.0; Windows NT 6.1)',
  'referer' => 'http://www.baidu.com',
  'accept-language' => 'zh-CN,zh',
  'accept-encoding' => 'gzip, deflate',
  'accept' => 'text/html,application/xhtml+xml,application/xml;q=0.9,*/*;q=0.8',
  'content-type' => 'application/x-www-form-urlencoded; Charset=UTF-8',
  'connection' => 'Keep-Alive',
  'content-length' => '',
)
[ info ] [ PARAM ] array (
  'm' => 'vod-list-id-10-pg-1-order--by--class-0-year-2015-letter--area--lang-.html',
)
[ info ] [ RUN ] think\addons\Route->execute[ /www/wwwroot/default/tpadmin/vendor/karsonzhang/fastadmin-addons/src/addons/Route.php ]
[ info ] [ LANG ] /www/wwwroot/default/tpadmin/public/../application/common/lang/zh-cn/addon.php
[ info ] [ BEHAVIOR ] Run app\common\behavior\Common @addon_begin [ RunTime:0.001598s ]
[ info ] [ LANG ] /www/wwwroot/default/tpadmin/addons/cms/lang/zh-cn.php
[ info ] [ SESSION ] INIT array (
  'id' => '',
  'var_session_id' => '',
  'prefix' => 'think',
  'type' => '',
  'auto_start' => true,
)
[ info ] [ BEHAVIOR ] Run \addons\qiniu\Qiniu @upload_config_init [ RunTime:0.001423s ]
[ info ] [ DB ] INIT mysql
[ info ] [ VIEW ] /www/wwwroot/default/tpadmin/addons/cms/view/default/common/formfield.html [ array (
  0 => 'config',
  1 => 'user',
  2 => 'site',
  3 => '__CHANNEL__',
  4 => 'fields',
) ]
[ info ] [ VIEW ] /www/wwwroot/default/tpadmin/addons/cms/view/default/index.html [ array (
  0 => 'config',
  1 => 'user',
  2 => 'site',
  3 => '__CHANNEL__',
  4 => 'firstsheng',
  5 => 'yantaohuis',
  6 => 'zifen',
  7 => 'jsconfig',
  8 => 'diyform',
  9 => 'chanpin',
  10 => 'zhuanjia',
) ]
[ info ] [ LANG ] /www/wwwroot/default/tpadmin/addons/cms/lang/zh-cn.php
[ info ] [ BEHAVIOR ] Run \addons\qiniu\Qiniu @upload_config_init [ RunTime:0.000078s ]
[ info ] [ LOG ] INIT File
[ sql ] [ DB ] CONNECT:[ UseTime:0.000417s ] mysql:host=127.0.0.1;dbname=fastadmin;charset=utf8
[ sql ] [ SQL ] SHOW COLUMNS FROM `fa_cms_channel` [ RunTime:0.001135s ]
[ sql ] [ SQL ] SELECT `id` FROM `fa_cms_channel` WHERE  `parent_id` IN ( SELECT `id` FROM `fa_cms_channel` WHERE  `diyname` = 'chanpinyufuw' ) [ RunTime:0.000461s ]
[ sql ] [ SQL ] SHOW COLUMNS FROM `fa_cms_archives` [ RunTime:0.001117s ]
[ sql ] [ SQL ] SELECT * FROM `fa_cms_archives` WHERE  `status` = 'normal'  AND ( `deletetime` IS NULL )  AND `channel_id` IN (99,100,101,102) ORDER BY `weigh` ASC LIMIT 12 [ RunTime:0.000562s ]
[ sql ] [ SQL ] SELECT `id`,`name`,`image`,`diyname`,`items` FROM `fa_cms_channel` WHERE  `id` IN (99,100,101) [ RunTime:0.000268s ]
[ sql ] [ SQL ] SELECT * FROM `fa_cms_archives` WHERE  `status` = 'normal'  AND ( `deletetime` IS NULL )  AND `channel_id` IN (63) ORDER BY `weigh` ASC LIMIT 12 [ RunTime:0.000695s ]
[ sql ] [ SQL ] SELECT `id`,`name`,`image`,`diyname`,`items` FROM `fa_cms_channel` WHERE  `id` IN (63) [ RunTime:0.000283s ]
[ sql ] [ SQL ] SHOW COLUMNS FROM `fa_cms_fields` [ RunTime:0.000876s ]
[ sql ] [ SQL ] SELECT * FROM `fa_cms_fields` WHERE  `diyform_id` = 1  AND `iscontribute` = 1  AND `status` = 'normal' ORDER BY `weigh` DESC,`id` DESC [ RunTime:0.000456s ]
[ sql ] [ SQL ] SHOW COLUMNS FROM `fa_location` [ RunTime:0.000984s ]
[ sql ] [ SQL ] SELECT * FROM `fa_location` WHERE  (  level=1 )  AND `id` = 110000 LIMIT 1 [ RunTime:0.000301s ]
[ sql ] [ SQL ] SHOW COLUMNS FROM `fa_cms_kecheng` [ RunTime:0.000871s ]
[ sql ] [ SQL ] SELECT `kecheng`.`id`,`kecheng`.`chanpin_id`,`kecheng`.`experts_id`,`kecheng`.`begintime`,`kecheng`.`endtime`,`kecheng`.`createtime`,`kecheng`.`updatetime`,`kecheng`.`deletetime`,`kecheng`.`status`,`kecheng`.`experts`,`kecheng`.`channel_id`,`kecheng`.`qitafile`,`kecheng`.`area`,chanpin.id AS chanpin__id,chanpin.user_id AS chanpin__user_id,chanpin.channel_id AS chanpin__channel_id,chanpin.model_id AS chanpin__model_id,chanpin.title AS chanpin__title,chanpin.flag AS chanpin__flag,chanpin.image AS chanpin__image,chanpin.keywords AS chanpin__keywords,chanpin.description AS chanpin__description,chanpin.tags AS chanpin__tags,chanpin.weigh AS chanpin__weigh,chanpin.views AS chanpin__views,chanpin.comments AS chanpin__comments,chanpin.likes AS chanpin__likes,chanpin.dislikes AS chanpin__dislikes,chanpin.diyname AS chanpin__diyname,chanpin.createtime AS chanpin__createtime,chanpin.updatetime AS chanpin__updatetime,chanpin.publishtime AS chanpin__publishtime,chanpin.deletetime AS chanpin__deletetime,chanpin.memo AS chanpin__memo,chanpin.status AS chanpin__status,channel.id AS channel__id,channel.type AS channel__type,channel.model_id AS channel__model_id,channel.parent_id AS channel__parent_id,channel.name AS channel__name,channel.image AS channel__image,channel.flag AS channel__flag,channel.keywords AS channel__keywords,channel.description AS channel__description,channel.diyname AS channel__diyname,channel.outlink AS channel__outlink,channel.items AS channel__items,channel.weigh AS channel__weigh,channel.channeltpl AS channel__channeltpl,channel.listtpl AS channel__listtpl,channel.showtpl AS channel__showtpl,channel.pagesize AS channel__pagesize,channel.iscontribute AS channel__iscontribute,channel.createtime AS channel__createtime,channel.updatetime AS channel__updatetime,channel.status AS channel__status FROM `fa_cms_kecheng` `kecheng` LEFT JOIN `fa_cms_archives` `chanpin` ON `kecheng`.`chanpin_id`=`chanpin`.`id` LEFT JOIN `fa_cms_channel` `channel` ON `kecheng`.`channel_id`=`channel`.`id` WHERE  `channel`.`diyname` = 'yantaohuixinxi'  AND `endtime` >= '2019-05-25' ORDER BY `begintime` ASC LIMIT 8 [ RunTime:0.000642s ]
[ sql ] [ SQL ] SELECT `id`,`name`,`image`,`diyname`,`items` FROM `fa_cms_channel` WHERE  `id` IN (3) [ RunTime:0.000499s ]
[ sql ] [ SQL ] SHOW COLUMNS FROM `fa_experts_kecheng` [ RunTime:0.000958s ]
[ sql ] [ SQL ] SELECT `fa_cms_archives`.*,pivot.experts_id AS pivot__experts_id,pivot.kecheng_id AS pivot__kecheng_id FROM `fa_cms_archives` INNER JOIN `fa_experts_kecheng` `pivot` ON `pivot`.`experts_id`=`fa_cms_archives`.`id` WHERE (  `pivot`.`kecheng_id` IN (21,22,23,24,25,26,27,28,29,30,33,34,35,36,38,39,40,41,42,43,44,45,46,48,49,50,51,53,54,55) ) AND `fa_cms_archives`.`deletetime` IS NULL [ RunTime:0.000525s ]
[ sql ] [ SQL ] SELECT `kecheng`.`id`,`kecheng`.`chanpin_id`,`kecheng`.`experts_id`,`kecheng`.`begintime`,`kecheng`.`endtime`,`kecheng`.`createtime`,`kecheng`.`updatetime`,`kecheng`.`deletetime`,`kecheng`.`status`,`kecheng`.`experts`,`kecheng`.`channel_id`,`kecheng`.`qitafile`,`kecheng`.`area`,channel.id AS channel__id,channel.type AS channel__type,channel.model_id AS channel__model_id,channel.parent_id AS channel__parent_id,channel.name AS channel__name,channel.image AS channel__image,channel.flag AS channel__flag,channel.keywords AS channel__keywords,channel.description AS channel__description,channel.diyname AS channel__diyname,channel.outlink AS channel__outlink,channel.items AS channel__items,channel.weigh AS channel__weigh,channel.channeltpl AS channel__channeltpl,channel.listtpl AS channel__listtpl,channel.showtpl AS channel__showtpl,channel.pagesize AS channel__pagesize,channel.iscontribute AS channel__iscontribute,channel.createtime AS channel__createtime,channel.updatetime AS channel__updatetime,channel.status AS channel__status,chanpin.id AS chanpin__id,chanpin.user_id AS chanpin__user_id,chanpin.channel_id AS chanpin__channel_id,chanpin.model_id AS chanpin__model_id,chanpin.title AS chanpin__title,chanpin.flag AS chanpin__flag,chanpin.image AS chanpin__image,chanpin.keywords AS chanpin__keywords,chanpin.description AS chanpin__description,chanpin.tags AS chanpin__tags,chanpin.weigh AS chanpin__weigh,chanpin.views AS chanpin__views,chanpin.comments AS chanpin__comments,chanpin.likes AS chanpin__likes,chanpin.dislikes AS chanpin__dislikes,chanpin.diyname AS chanpin__diyname,chanpin.createtime AS chanpin__createtime,chanpin.updatetime AS chanpin__updatetime,chanpin.publishtime AS chanpin__publishtime,chanpin.deletetime AS chanpin__deletetime,chanpin.memo AS chanpin__memo,chanpin.status AS chanpin__status FROM `fa_cms_kecheng` `kecheng` LEFT JOIN `fa_cms_channel` `channel` ON `kecheng`.`channel_id`=`channel`.`id` LEFT JOIN `fa_cms_archives` `chanpin` ON `kecheng`.`chanpin_id`=`chanpin`.`id` WHERE  `channel`.`diyname` = 'chanpinyufuw'  AND `begintime` <= '2019-05-25'  AND `endtime` >= '2019-05-25' [ RunTime:0.000631s ]
[ sql ] [ SQL ] SELECT `id`,`name`,`image`,`diyname`,`items` FROM `fa_cms_channel` WHERE  `id` IN (92) [ RunTime:0.000389s ]
[ sql ] [ SQL ] SELECT `id`,`name`,`image`,`diyname`,`items` FROM `fa_cms_channel` WHERE  `id` IN (93) [ RunTime:0.000339s ]
[ sql ] [ SQL ] SELECT `fa_cms_archives`.*,pivot.experts_id AS pivot__experts_id,pivot.kecheng_id AS pivot__kecheng_id FROM `fa_cms_archives` INNER JOIN `fa_experts_kecheng` `pivot` ON `pivot`.`experts_id`=`fa_cms_archives`.`id` WHERE (  `pivot`.`kecheng_id` IN (21,22,23,24,25,26,27,28,29,30,33,34,35,36,38,39,40,41,42,43,44,45,46,48,49,50,51,53,54,55) ) AND `fa_cms_archives`.`deletetime` IS NULL [ RunTime:0.000646s ]
[ sql ] [ SQL ] SELECT `kecheng`.`id`,`kecheng`.`chanpin_id`,`kecheng`.`experts_id`,`kecheng`.`begintime`,`kecheng`.`endtime`,`kecheng`.`createtime`,`kecheng`.`updatetime`,`kecheng`.`deletetime`,`kecheng`.`status`,`kecheng`.`experts`,`kecheng`.`channel_id`,`kecheng`.`qitafile`,`kecheng`.`area`,channel.id AS channel__id,channel.type AS channel__type,channel.model_id AS channel__model_id,channel.parent_id AS channel__parent_id,channel.name AS channel__name,channel.image AS channel__image,channel.flag AS channel__flag,channel.keywords AS channel__keywords,channel.description AS channel__description,channel.diyname AS channel__diyname,channel.outlink AS channel__outlink,channel.items AS channel__items,channel.weigh AS channel__weigh,channel.channeltpl AS channel__channeltpl,channel.listtpl AS channel__listtpl,channel.showtpl AS channel__showtpl,channel.pagesize AS channel__pagesize,channel.iscontribute AS channel__iscontribute,channel.createtime AS channel__createtime,channel.updatetime AS channel__updatetime,channel.status AS channel__status,chanpin.id AS chanpin__id,chanpin.user_id AS chanpin__user_id,chanpin.channel_id AS chanpin__channel_id,chanpin.model_id AS chanpin__model_id,chanpin.title AS chanpin__title,chanpin.flag AS chanpin__flag,chanpin.image AS chanpin__image,chanpin.keywords AS chanpin__keywords,chanpin.description AS chanpin__description,chanpin.tags AS chanpin__tags,chanpin.weigh AS chanpin__weigh,chanpin.views AS chanpin__views,chanpin.comments AS chanpin__comments,chanpin.likes AS chanpin__likes,chanpin.dislikes AS chanpin__dislikes,chanpin.diyname AS chanpin__diyname,chanpin.createtime AS chanpin__createtime,chanpin.updatetime AS chanpin__updatetime,chanpin.publishtime AS chanpin__publishtime,chanpin.deletetime AS chanpin__deletetime,chanpin.memo AS chanpin__memo,chanpin.status AS chanpin__status FROM `fa_cms_kecheng` `kecheng` LEFT JOIN `fa_cms_channel` `channel` ON `kecheng`.`channel_id`=`channel`.`id` LEFT JOIN `fa_cms_archives` `chanpin` ON `kecheng`.`chanpin_id`=`chanpin`.`id` WHERE  `channel`.`diyname` = 'chanpinyufuw'  AND `begintime` <= '2019-05-25'  AND `endtime` >= '2019-05-25' [ RunTime:0.000811s ]
[ error ] [8]未定义变量: config[/www/wwwroot/default/tpadmin/addons/cms/controller/Index.php:65]
[ error ] [8]Use of undefined constant shortName - assumed 'shortName'[/www/wwwroot/default/tpadmin/runtime/temp/2292a031af2331c37dbcc37be565b46a.php:453]
[ error ] [8]未定义数组索引: zi[/www/wwwroot/default/tpadmin/addons/cms/controller/Api.php:322]
[ error ] [8]未定义数组索引: zid[/www/wwwroot/default/tpadmin/addons/cms/controller/Api.php:323]
[ error ] [8]未定义数组索引: zi[/www/wwwroot/default/tpadmin/addons/cms/controller/Api.php:322]
[ error ] [8]未定义数组索引: zid[/www/wwwroot/default/tpadmin/addons/cms/controller/Api.php:323]
[ error ] [8]未定义数组索引: zi[/www/wwwroot/default/tpadmin/addons/cms/controller/Api.php:322]
[ error ] [8]未定义数组索引: zid[/www/wwwroot/default/tpadmin/addons/cms/controller/Api.php:323]
[ error ] [8]未定义数组索引: zi[/www/wwwroot/default/tpadmin/addons/cms/controller/Api.php:322]
[ error ] [8]未定义数组索引: zid[/www/wwwroot/default/tpadmin/addons/cms/controller/Api.php:323]
[ error ] [8]未定义数组索引: zi[/www/wwwroot/default/tpadmin/addons/cms/controller/Api.php:322]
[ error ] [8]未定义数组索引: zid[/www/wwwroot/default/tpadmin/addons/cms/controller/Api.php:323]
[ error ] [8]未定义数组索引: zi[/www/wwwroot/default/tpadmin/addons/cms/controller/Api.php:322]
[ error ] [8]未定义数组索引: zid[/www/wwwroot/default/tpadmin/addons/cms/controller/Api.php:323]
[ error ] [8]未定义数组索引: zi[/www/wwwroot/default/tpadmin/addons/cms/controller/Api.php:322]
[ error ] [8]未定义数组索引: zid[/www/wwwroot/default/tpadmin/addons/cms/controller/Api.php:323]
[ error ] [8]未定义数组索引: zi[/www/wwwroot/default/tpadmin/addons/cms/controller/Api.php:322]
[ error ] [8]未定义数组索引: zid[/www/wwwroot/default/tpadmin/addons/cms/controller/Api.php:323]
[ error ] [8]未定义数组索引: zi[/www/wwwroot/default/tpadmin/addons/cms/controller/Api.php:322]
[ error ] [8]未定义数组索引: zid[/www/wwwroot/default/tpadmin/addons/cms/controller/Api.php:323]
[ error ] [8]未定义数组索引: zi[/www/wwwroot/default/tpadmin/addons/cms/controller/Api.php:322]
[ error ] [8]未定义数组索引: zid[/www/wwwroot/default/tpadmin/addons/cms/controller/Api.php:323]
[ error ] [8]未定义数组索引: zi[/www/wwwroot/default/tpadmin/addons/cms/controller/Api.php:322]
[ error ] [8]未定义数组索引: zid[/www/wwwroot/default/tpadmin/addons/cms/controller/Api.php:323]
[ error ] [8]未定义数组索引: zi[/www/wwwroot/default/tpadmin/addons/cms/controller/Api.php:322]
[ error ] [8]未定义数组索引: zid[/www/wwwroot/default/tpadmin/addons/cms/controller/Api.php:323]
[ error ] [8]未定义数组索引: zi[/www/wwwroot/default/tpadmin/addons/cms/controller/Api.php:322]
[ error ] [8]未定义数组索引: zid[/www/wwwroot/default/tpadmin/addons/cms/controller/Api.php:323]
[ error ] [8]未定义数组索引: zi[/www/wwwroot/default/tpadmin/addons/cms/controller/Api.php:322]
[ error ] [8]未定义数组索引: zid[/www/wwwroot/default/tpadmin/addons/cms/controller/Api.php:323]
[ error ] [8]未定义数组索引: zi[/www/wwwroot/default/tpadmin/addons/cms/controller/Api.php:322]
[ error ] [8]未定义数组索引: zid[/www/wwwroot/default/tpadmin/addons/cms/controller/Api.php:323]
[ error ] [8]未定义数组索引: zi[/www/wwwroot/default/tpadmin/addons/cms/controller/Api.php:322]
[ error ] [8]未定义数组索引: zid[/www/wwwroot/default/tpadmin/addons/cms/controller/Api.php:323]
[ error ] [8]未定义数组索引: zi[/www/wwwroot/default/tpadmin/addons/cms/controller/Api.php:322]
[ error ] [8]未定义数组索引: zid[/www/wwwroot/default/tpadmin/addons/cms/controller/Api.php:323]
[ error ] [8]未定义数组索引: zi[/www/wwwroot/default/tpadmin/addons/cms/controller/Api.php:322]
[ error ] [8]未定义数组索引: zid[/www/wwwroot/default/tpadmin/addons/cms/controller/Api.php:323]
[ error ] [8]未定义数组索引: zi[/www/wwwroot/default/tpadmin/addons/cms/controller/Api.php:322]
[ error ] [8]未定义数组索引: zid[/www/wwwroot/default/tpadmin/addons/cms/controller/Api.php:323]
[ error ] [8]未定义数组索引: zi[/www/wwwroot/default/tpadmin/addons/cms/controller/Api.php:322]
[ error ] [8]未定义数组索引: zid[/www/wwwroot/default/tpadmin/addons/cms/controller/Api.php:323]
[ error ] [8]未定义数组索引: zi[/www/wwwroot/default/tpadmin/addons/cms/controller/Api.php:322]
[ error ] [8]未定义数组索引: zid[/www/wwwroot/default/tpadmin/addons/cms/controller/Api.php:323]
[ error ] [8]未定义数组索引: zi[/www/wwwroot/default/tpadmin/addons/cms/controller/Api.php:322]
[ error ] [8]未定义数组索引: zid[/www/wwwroot/default/tpadmin/addons/cms/controller/Api.php:323]
[ error ] [8]未定义数组索引: zi[/www/wwwroot/default/tpadmin/addons/cms/controller/Api.php:322]
[ error ] [8]未定义数组索引: zid[/www/wwwroot/default/tpadmin/addons/cms/controller/Api.php:323]
[ error ] [8]未定义数组索引: zi[/www/wwwroot/default/tpadmin/addons/cms/controller/Api.php:322]
[ error ] [8]未定义数组索引: zid[/www/wwwroot/default/tpadmin/addons/cms/controller/Api.php:323]
[ error ] [8]未定义数组索引: zi[/www/wwwroot/default/tpadmin/addons/cms/controller/Api.php:322]
[ error ] [8]未定义数组索引: zid[/www/wwwroot/default/tpadmin/addons/cms/controller/Api.php:323]
[ error ] [8]未定义数组索引: value[/www/wwwroot/default/tpadmin/addons/cms/controller/Api.php:346]
[ error ] [8]未定义数组索引: zi[/www/wwwroot/default/tpadmin/addons/cms/controller/Api.php:347]
[ error ] [8]未定义数组索引: eachart[/www/wwwroot/default/tpadmin/runtime/temp/2292a031af2331c37dbcc37be565b46a.php:552]
[ error ] [8]Use of undefined constant qrcode - assumed 'qrcode'[/www/wwwroot/default/tpadmin/runtime/temp/2292a031af2331c37dbcc37be565b46a.php:776]
---------------------------------------------------------------
[ 2019-05-25T23:59:49+08:00 ] 154.94.88.234 GET www.changcaizixun.com/content/channel/5816b0ab2bb8490d8cdcddec/
[运行时间：0.022631s] [吞吐率：44.19req/s] [内存消耗：1,751.43kb] [文件加载：52]
[ info ] [ BEHAVIOR ] Run Closure @app_init [ RunTime:0.000031s ]
[ info ] [ CACHE ] INIT File
[ info ] [ BEHAVIOR ] Run Closure @app_init [ RunTime:0.002232s ]
[ info ] [ LANG ] /www/wwwroot/default/tpadmin/thinkphp/lang/zh-cn.php
[ info ] [ ROUTE ] array (
  'type' => 'module',
  'module' => 
  array (
    0 => 'content',
    1 => 'channel',
    2 => '5816b0ab2bb8490d8cdcddec',
  ),
)
[ info ] [ HEADER ] array (
  'cookie' => '_vstime=1558799872',
  'referer' => 'http://www.changcaizixun.com/',
  'accept' => '*/*',
  'user-agent' => 'Mozilla/4.0 (compatible; MSIE 8.0; Windows NT 5.2)',
  'host' => 'www.changcaizixun.com',
  'content-type' => '',
  'content-length' => '',
)
[ info ] [ PARAM ] array (
)
[ info ] [ LOG ] INIT File
