---------------------------------------------------------------
[ 2019-05-30T23:58:44+08:00 ] 117.136.12.134 GET www.changcaizixun.com/
[运行时间：0.091172s] [吞吐率：10.97req/s] [内存消耗：4,602.37kb] [文件加载：101]
[ info ] [ BEHAVIOR ] Run Closure @app_init [ RunTime:0.000031s ]
[ info ] [ CACHE ] INIT File
[ info ] [ BEHAVIOR ] Run Closure @app_init [ RunTime:0.002657s ]
[ info ] [ LANG ] /www/wwwroot/default/tpadmin/thinkphp/lang/zh-cn.php
[ info ] [ ROUTE ] array (
  'type' => 'method',
  'method' => 
  array (
    0 => '\\think\\addons\\Route',
    1 => 'execute',
  ),
  'var' => 
  array (
    'addon' => 'cms',
    'controller' => 'index',
    'action' => 'index',
  ),
)
[ info ] [ HEADER ] array (
  'x-forwarded-for-pound' => '117.136.12.134',
  'x-forwarded-for' => '117.136.12.134',
  'user-agent' => 'Mozilla/5.0 (Linux; Android 9; HMA-AL00 Build/HUAWEIHMA-AL00; wv) AppleWebKit/537.36 (KHTML, like Gecko) Version/4.0 Chrome/66.0.3359.126 MQQBrowser/6.2 TBS/044704 Mobile Safari/537.36 MMWEBID/2088 MicroMessenger/7.0.4.1420(0x2700043B) Process/tools NetType/4G Language/zh_CN',
  'upgrade-insecure-requests' => '1',
  'host' => 'www.changcaizixun.com',
  'cookie' => 'PHPSESSID=rf4b8di2oacjnghd4gbjl0un22',
  'connection' => 'close',
  'accept-language' => 'zh-CN,zh-CN;q=0.9,en-US;q=0.8',
  'accept-encoding' => 'gzip',
  'accept' => 'text/html,application/xhtml+xml,application/xml;q=0.9,image/webp,image/apng,image/wxpic,image/sharpp,image/apng,image/tpg,*/*;q=0.8',
  'content-type' => '',
  'content-length' => '',
)
[ info ] [ PARAM ] array (
)
[ info ] [ RUN ] think\addons\Route->execute[ /www/wwwroot/default/tpadmin/vendor/karsonzhang/fastadmin-addons/src/addons/Route.php ]
[ info ] [ LANG ] /www/wwwroot/default/tpadmin/public/../application/common/lang/zh-cn/addon.php
[ info ] [ BEHAVIOR ] Run app\common\behavior\Common @addon_begin [ RunTime:0.002166s ]
[ info ] [ LANG ] /www/wwwroot/default/tpadmin/addons/cms/lang/zh-cn.php
[ info ] [ SESSION ] INIT array (
  'id' => '',
  'var_session_id' => '',
  'prefix' => 'think',
  'type' => '',
  'auto_start' => true,
)
[ info ] [ BEHAVIOR ] Run \addons\qiniu\Qiniu @upload_config_init [ RunTime:0.000868s ]
[ info ] [ DB ] INIT mysql
[ info ] [ VIEW ] /www/wwwroot/default/tpadmin/addons/cms/view/default/common/formfield.html [ array (
  0 => 'config',
  1 => 'user',
  2 => 'site',
  3 => '__CHANNEL__',
  4 => 'fields',
) ]
[ info ] [ VIEW ] /www/wwwroot/default/tpadmin/addons/cms/view/default/index.html [ array (
  0 => 'config',
  1 => 'user',
  2 => 'site',
  3 => '__CHANNEL__',
  4 => 'firstsheng',
  5 => 'yantaohuis',
  6 => 'zifen',
  7 => 'jsconfig',
  8 => 'diyform',
  9 => 'chanpin',
  10 => 'zhuanjia',
) ]
[ info ] [ LANG ] /www/wwwroot/default/tpadmin/addons/cms/lang/zh-cn.php
[ info ] [ BEHAVIOR ] Run \addons\qiniu\Qiniu @upload_config_init [ RunTime:0.000079s ]
[ info ] [ LOG ] INIT File
[ sql ] [ DB ] CONNECT:[ UseTime:0.000461s ] mysql:host=127.0.0.1;dbname=fastadmin;charset=utf8
[ sql ] [ SQL ] SHOW COLUMNS FROM `fa_cms_channel` [ RunTime:0.001178s ]
[ sql ] [ SQL ] SELECT `id` FROM `fa_cms_channel` WHERE  `parent_id` IN ( SELECT `id` FROM `fa_cms_channel` WHERE  `diyname` = 'chanpinyufuw' ) [ RunTime:0.000348s ]
[ sql ] [ SQL ] SHOW COLUMNS FROM `fa_cms_archives` [ RunTime:0.000853s ]
[ sql ] [ SQL ] SELECT * FROM `fa_cms_archives` WHERE  `status` = 'normal'  AND ( `deletetime` IS NULL )  AND `channel_id` IN (99,100,101,102) ORDER BY `weigh` ASC LIMIT 12 [ RunTime:0.000521s ]
[ sql ] [ SQL ] SELECT `id`,`name`,`image`,`diyname`,`items` FROM `fa_cms_channel` WHERE  `id` IN (99,100,101) [ RunTime:0.000302s ]
[ sql ] [ SQL ] SELECT * FROM `fa_cms_archives` WHERE  `status` = 'normal'  AND ( `deletetime` IS NULL )  AND `channel_id` IN (63) ORDER BY `weigh` ASC LIMIT 12 [ RunTime:0.000580s ]
[ sql ] [ SQL ] SELECT `id`,`name`,`image`,`diyname`,`items` FROM `fa_cms_channel` WHERE  `id` IN (63) [ RunTime:0.000264s ]
[ sql ] [ SQL ] SHOW COLUMNS FROM `fa_cms_fields` [ RunTime:0.000956s ]
[ sql ] [ SQL ] SELECT * FROM `fa_cms_fields` WHERE  `diyform_id` = 1  AND `iscontribute` = 1  AND `status` = 'normal' ORDER BY `weigh` DESC,`id` DESC [ RunTime:0.000453s ]
[ sql ] [ SQL ] SHOW COLUMNS FROM `fa_location` [ RunTime:0.000852s ]
[ sql ] [ SQL ] SELECT * FROM `fa_location` WHERE  (  level=1 )  AND `id` = 110000 LIMIT 1 [ RunTime:0.000379s ]
[ sql ] [ SQL ] SHOW COLUMNS FROM `fa_cms_kecheng` [ RunTime:0.000969s ]
[ sql ] [ SQL ] SELECT `kecheng`.`id`,`kecheng`.`chanpin_id`,`kecheng`.`experts_id`,`kecheng`.`begintime`,`kecheng`.`endtime`,`kecheng`.`createtime`,`kecheng`.`updatetime`,`kecheng`.`deletetime`,`kecheng`.`status`,`kecheng`.`experts`,`kecheng`.`channel_id`,`kecheng`.`qitafile`,`kecheng`.`area`,chanpin.id AS chanpin__id,chanpin.user_id AS chanpin__user_id,chanpin.channel_id AS chanpin__channel_id,chanpin.model_id AS chanpin__model_id,chanpin.title AS chanpin__title,chanpin.flag AS chanpin__flag,chanpin.image AS chanpin__image,chanpin.keywords AS chanpin__keywords,chanpin.description AS chanpin__description,chanpin.tags AS chanpin__tags,chanpin.weigh AS chanpin__weigh,chanpin.views AS chanpin__views,chanpin.comments AS chanpin__comments,chanpin.likes AS chanpin__likes,chanpin.dislikes AS chanpin__dislikes,chanpin.diyname AS chanpin__diyname,chanpin.createtime AS chanpin__createtime,chanpin.updatetime AS chanpin__updatetime,chanpin.publishtime AS chanpin__publishtime,chanpin.deletetime AS chanpin__deletetime,chanpin.memo AS chanpin__memo,chanpin.status AS chanpin__status,channel.id AS channel__id,channel.type AS channel__type,channel.model_id AS channel__model_id,channel.parent_id AS channel__parent_id,channel.name AS channel__name,channel.image AS channel__image,channel.flag AS channel__flag,channel.keywords AS channel__keywords,channel.description AS channel__description,channel.diyname AS channel__diyname,channel.outlink AS channel__outlink,channel.items AS channel__items,channel.weigh AS channel__weigh,channel.channeltpl AS channel__channeltpl,channel.listtpl AS channel__listtpl,channel.showtpl AS channel__showtpl,channel.pagesize AS channel__pagesize,channel.iscontribute AS channel__iscontribute,channel.createtime AS channel__createtime,channel.updatetime AS channel__updatetime,channel.status AS channel__status FROM `fa_cms_kecheng` `kecheng` LEFT JOIN `fa_cms_archives` `chanpin` ON `kecheng`.`chanpin_id`=`chanpin`.`id` LEFT JOIN `fa_cms_channel` `channel` ON `kecheng`.`channel_id`=`channel`.`id` WHERE  `channel`.`diyname` = 'yantaohuixinxi'  AND `endtime` >= '2019-05-30' ORDER BY `begintime` ASC LIMIT 8 [ RunTime:0.000574s ]
[ sql ] [ SQL ] SELECT `id`,`name`,`image`,`diyname`,`items` FROM `fa_cms_channel` WHERE  `id` IN (3) [ RunTime:0.000419s ]
[ sql ] [ SQL ] SHOW COLUMNS FROM `fa_experts_kecheng` [ RunTime:0.000964s ]
[ sql ] [ SQL ] SELECT `fa_cms_archives`.*,pivot.experts_id AS pivot__experts_id,pivot.kecheng_id AS pivot__kecheng_id FROM `fa_cms_archives` INNER JOIN `fa_experts_kecheng` `pivot` ON `pivot`.`experts_id`=`fa_cms_archives`.`id` WHERE (  `pivot`.`kecheng_id` IN (21,22,23,24,25,26,27,28,29,30,33,34,35,36,38,39,40,41,42,44,45,46,48,49,50,51,53,54,55) ) AND `fa_cms_archives`.`deletetime` IS NULL [ RunTime:0.000510s ]
[ sql ] [ SQL ] SELECT `kecheng`.`id`,`kecheng`.`chanpin_id`,`kecheng`.`experts_id`,`kecheng`.`begintime`,`kecheng`.`endtime`,`kecheng`.`createtime`,`kecheng`.`updatetime`,`kecheng`.`deletetime`,`kecheng`.`status`,`kecheng`.`experts`,`kecheng`.`channel_id`,`kecheng`.`qitafile`,`kecheng`.`area`,channel.id AS channel__id,channel.type AS channel__type,channel.model_id AS channel__model_id,channel.parent_id AS channel__parent_id,channel.name AS channel__name,channel.image AS channel__image,channel.flag AS channel__flag,channel.keywords AS channel__keywords,channel.description AS channel__description,channel.diyname AS channel__diyname,channel.outlink AS channel__outlink,channel.items AS channel__items,channel.weigh AS channel__weigh,channel.channeltpl AS channel__channeltpl,channel.listtpl AS channel__listtpl,channel.showtpl AS channel__showtpl,channel.pagesize AS channel__pagesize,channel.iscontribute AS channel__iscontribute,channel.createtime AS channel__createtime,channel.updatetime AS channel__updatetime,channel.status AS channel__status,chanpin.id AS chanpin__id,chanpin.user_id AS chanpin__user_id,chanpin.channel_id AS chanpin__channel_id,chanpin.model_id AS chanpin__model_id,chanpin.title AS chanpin__title,chanpin.flag AS chanpin__flag,chanpin.image AS chanpin__image,chanpin.keywords AS chanpin__keywords,chanpin.description AS chanpin__description,chanpin.tags AS chanpin__tags,chanpin.weigh AS chanpin__weigh,chanpin.views AS chanpin__views,chanpin.comments AS chanpin__comments,chanpin.likes AS chanpin__likes,chanpin.dislikes AS chanpin__dislikes,chanpin.diyname AS chanpin__diyname,chanpin.createtime AS chanpin__createtime,chanpin.updatetime AS chanpin__updatetime,chanpin.publishtime AS chanpin__publishtime,chanpin.deletetime AS chanpin__deletetime,chanpin.memo AS chanpin__memo,chanpin.status AS chanpin__status FROM `fa_cms_kecheng` `kecheng` LEFT JOIN `fa_cms_channel` `channel` ON `kecheng`.`channel_id`=`channel`.`id` LEFT JOIN `fa_cms_archives` `chanpin` ON `kecheng`.`chanpin_id`=`chanpin`.`id` WHERE  `channel`.`diyname` = 'chanpinyufuw'  AND `begintime` <= '2019-05-30'  AND `endtime` >= '2019-05-30' [ RunTime:0.000640s ]
[ sql ] [ SQL ] SELECT `id`,`name`,`image`,`diyname`,`items` FROM `fa_cms_channel` WHERE  `id` IN (92) [ RunTime:0.000404s ]
[ sql ] [ SQL ] SELECT `id`,`name`,`image`,`diyname`,`items` FROM `fa_cms_channel` WHERE  `id` IN (93) [ RunTime:0.000240s ]
[ sql ] [ SQL ] SELECT `fa_cms_archives`.*,pivot.experts_id AS pivot__experts_id,pivot.kecheng_id AS pivot__kecheng_id FROM `fa_cms_archives` INNER JOIN `fa_experts_kecheng` `pivot` ON `pivot`.`experts_id`=`fa_cms_archives`.`id` WHERE (  `pivot`.`kecheng_id` IN (21,22,23,24,25,26,27,28,29,30,33,34,35,36,38,39,40,41,42,44,45,46,48,49,50,51,53,54,55) ) AND `fa_cms_archives`.`deletetime` IS NULL [ RunTime:0.000553s ]
[ sql ] [ SQL ] SELECT `kecheng`.`id`,`kecheng`.`chanpin_id`,`kecheng`.`experts_id`,`kecheng`.`begintime`,`kecheng`.`endtime`,`kecheng`.`createtime`,`kecheng`.`updatetime`,`kecheng`.`deletetime`,`kecheng`.`status`,`kecheng`.`experts`,`kecheng`.`channel_id`,`kecheng`.`qitafile`,`kecheng`.`area`,channel.id AS channel__id,channel.type AS channel__type,channel.model_id AS channel__model_id,channel.parent_id AS channel__parent_id,channel.name AS channel__name,channel.image AS channel__image,channel.flag AS channel__flag,channel.keywords AS channel__keywords,channel.description AS channel__description,channel.diyname AS channel__diyname,channel.outlink AS channel__outlink,channel.items AS channel__items,channel.weigh AS channel__weigh,channel.channeltpl AS channel__channeltpl,channel.listtpl AS channel__listtpl,channel.showtpl AS channel__showtpl,channel.pagesize AS channel__pagesize,channel.iscontribute AS channel__iscontribute,channel.createtime AS channel__createtime,channel.updatetime AS channel__updatetime,channel.status AS channel__status,chanpin.id AS chanpin__id,chanpin.user_id AS chanpin__user_id,chanpin.channel_id AS chanpin__channel_id,chanpin.model_id AS chanpin__model_id,chanpin.title AS chanpin__title,chanpin.flag AS chanpin__flag,chanpin.image AS chanpin__image,chanpin.keywords AS chanpin__keywords,chanpin.description AS chanpin__description,chanpin.tags AS chanpin__tags,chanpin.weigh AS chanpin__weigh,chanpin.views AS chanpin__views,chanpin.comments AS chanpin__comments,chanpin.likes AS chanpin__likes,chanpin.dislikes AS chanpin__dislikes,chanpin.diyname AS chanpin__diyname,chanpin.createtime AS chanpin__createtime,chanpin.updatetime AS chanpin__updatetime,chanpin.publishtime AS chanpin__publishtime,chanpin.deletetime AS chanpin__deletetime,chanpin.memo AS chanpin__memo,chanpin.status AS chanpin__status FROM `fa_cms_kecheng` `kecheng` LEFT JOIN `fa_cms_channel` `channel` ON `kecheng`.`channel_id`=`channel`.`id` LEFT JOIN `fa_cms_archives` `chanpin` ON `kecheng`.`chanpin_id`=`chanpin`.`id` WHERE  `channel`.`diyname` = 'chanpinyufuw'  AND `begintime` <= '2019-05-30'  AND `endtime` >= '2019-05-30' [ RunTime:0.000610s ]
[ error ] [8]未定义变量: config[/www/wwwroot/default/tpadmin/addons/cms/controller/Index.php:65]
[ error ] [8]Use of undefined constant shortName - assumed 'shortName'[/www/wwwroot/default/tpadmin/runtime/temp/2292a031af2331c37dbcc37be565b46a.php:453]
[ error ] [8]未定义数组索引: zi[/www/wwwroot/default/tpadmin/addons/cms/controller/Api.php:322]
[ error ] [8]未定义数组索引: zid[/www/wwwroot/default/tpadmin/addons/cms/controller/Api.php:323]
[ error ] [8]未定义数组索引: zi[/www/wwwroot/default/tpadmin/addons/cms/controller/Api.php:322]
[ error ] [8]未定义数组索引: zid[/www/wwwroot/default/tpadmin/addons/cms/controller/Api.php:323]
[ error ] [8]未定义数组索引: zi[/www/wwwroot/default/tpadmin/addons/cms/controller/Api.php:322]
[ error ] [8]未定义数组索引: zid[/www/wwwroot/default/tpadmin/addons/cms/controller/Api.php:323]
[ error ] [8]未定义数组索引: zi[/www/wwwroot/default/tpadmin/addons/cms/controller/Api.php:322]
[ error ] [8]未定义数组索引: zid[/www/wwwroot/default/tpadmin/addons/cms/controller/Api.php:323]
[ error ] [8]未定义数组索引: zi[/www/wwwroot/default/tpadmin/addons/cms/controller/Api.php:322]
[ error ] [8]未定义数组索引: zid[/www/wwwroot/default/tpadmin/addons/cms/controller/Api.php:323]
[ error ] [8]未定义数组索引: zi[/www/wwwroot/default/tpadmin/addons/cms/controller/Api.php:322]
[ error ] [8]未定义数组索引: zid[/www/wwwroot/default/tpadmin/addons/cms/controller/Api.php:323]
[ error ] [8]未定义数组索引: zi[/www/wwwroot/default/tpadmin/addons/cms/controller/Api.php:322]
[ error ] [8]未定义数组索引: zid[/www/wwwroot/default/tpadmin/addons/cms/controller/Api.php:323]
[ error ] [8]未定义数组索引: zi[/www/wwwroot/default/tpadmin/addons/cms/controller/Api.php:322]
[ error ] [8]未定义数组索引: zid[/www/wwwroot/default/tpadmin/addons/cms/controller/Api.php:323]
[ error ] [8]未定义数组索引: zi[/www/wwwroot/default/tpadmin/addons/cms/controller/Api.php:322]
[ error ] [8]未定义数组索引: zid[/www/wwwroot/default/tpadmin/addons/cms/controller/Api.php:323]
[ error ] [8]未定义数组索引: zi[/www/wwwroot/default/tpadmin/addons/cms/controller/Api.php:322]
[ error ] [8]未定义数组索引: zid[/www/wwwroot/default/tpadmin/addons/cms/controller/Api.php:323]
[ error ] [8]未定义数组索引: zi[/www/wwwroot/default/tpadmin/addons/cms/controller/Api.php:322]
[ error ] [8]未定义数组索引: zid[/www/wwwroot/default/tpadmin/addons/cms/controller/Api.php:323]
[ error ] [8]未定义数组索引: zi[/www/wwwroot/default/tpadmin/addons/cms/controller/Api.php:322]
[ error ] [8]未定义数组索引: zid[/www/wwwroot/default/tpadmin/addons/cms/controller/Api.php:323]
[ error ] [8]未定义数组索引: zi[/www/wwwroot/default/tpadmin/addons/cms/controller/Api.php:322]
[ error ] [8]未定义数组索引: zid[/www/wwwroot/default/tpadmin/addons/cms/controller/Api.php:323]
[ error ] [8]未定义数组索引: zi[/www/wwwroot/default/tpadmin/addons/cms/controller/Api.php:322]
[ error ] [8]未定义数组索引: zid[/www/wwwroot/default/tpadmin/addons/cms/controller/Api.php:323]
[ error ] [8]未定义数组索引: zi[/www/wwwroot/default/tpadmin/addons/cms/controller/Api.php:322]
[ error ] [8]未定义数组索引: zid[/www/wwwroot/default/tpadmin/addons/cms/controller/Api.php:323]
[ error ] [8]未定义数组索引: zi[/www/wwwroot/default/tpadmin/addons/cms/controller/Api.php:322]
[ error ] [8]未定义数组索引: zid[/www/wwwroot/default/tpadmin/addons/cms/controller/Api.php:323]
[ error ] [8]未定义数组索引: zi[/www/wwwroot/default/tpadmin/addons/cms/controller/Api.php:322]
[ error ] [8]未定义数组索引: zid[/www/wwwroot/default/tpadmin/addons/cms/controller/Api.php:323]
[ error ] [8]未定义数组索引: zi[/www/wwwroot/default/tpadmin/addons/cms/controller/Api.php:322]
[ error ] [8]未定义数组索引: zid[/www/wwwroot/default/tpadmin/addons/cms/controller/Api.php:323]
[ error ] [8]未定义数组索引: zi[/www/wwwroot/default/tpadmin/addons/cms/controller/Api.php:322]
[ error ] [8]未定义数组索引: zid[/www/wwwroot/default/tpadmin/addons/cms/controller/Api.php:323]
[ error ] [8]未定义数组索引: zi[/www/wwwroot/default/tpadmin/addons/cms/controller/Api.php:322]
[ error ] [8]未定义数组索引: zid[/www/wwwroot/default/tpadmin/addons/cms/controller/Api.php:323]
[ error ] [8]未定义数组索引: zi[/www/wwwroot/default/tpadmin/addons/cms/controller/Api.php:322]
[ error ] [8]未定义数组索引: zid[/www/wwwroot/default/tpadmin/addons/cms/controller/Api.php:323]
[ error ] [8]未定义数组索引: zi[/www/wwwroot/default/tpadmin/addons/cms/controller/Api.php:322]
[ error ] [8]未定义数组索引: zid[/www/wwwroot/default/tpadmin/addons/cms/controller/Api.php:323]
[ error ] [8]未定义数组索引: zi[/www/wwwroot/default/tpadmin/addons/cms/controller/Api.php:322]
[ error ] [8]未定义数组索引: zid[/www/wwwroot/default/tpadmin/addons/cms/controller/Api.php:323]
[ error ] [8]未定义数组索引: zi[/www/wwwroot/default/tpadmin/addons/cms/controller/Api.php:322]
[ error ] [8]未定义数组索引: zid[/www/wwwroot/default/tpadmin/addons/cms/controller/Api.php:323]
[ error ] [8]未定义数组索引: zi[/www/wwwroot/default/tpadmin/addons/cms/controller/Api.php:322]
[ error ] [8]未定义数组索引: zid[/www/wwwroot/default/tpadmin/addons/cms/controller/Api.php:323]
[ error ] [8]未定义数组索引: value[/www/wwwroot/default/tpadmin/addons/cms/controller/Api.php:346]
[ error ] [8]未定义数组索引: zi[/www/wwwroot/default/tpadmin/addons/cms/controller/Api.php:347]
[ error ] [8]未定义数组索引: eachart[/www/wwwroot/default/tpadmin/runtime/temp/2292a031af2331c37dbcc37be565b46a.php:552]
[ error ] [8]Use of undefined constant qrcode - assumed 'qrcode'[/www/wwwroot/default/tpadmin/runtime/temp/2292a031af2331c37dbcc37be565b46a.php:776]
---------------------------------------------------------------
[ 2019-05-30T23:58:45+08:00 ] 117.136.12.134 POST www.changcaizixun.com/addons/cms/api/getMoresclice
[运行时间：0.042035s] [吞吐率：23.79req/s] [内存消耗：3,527.61kb] [文件加载：80]
[ info ] [ BEHAVIOR ] Run Closure @app_init [ RunTime:0.000030s ]
[ info ] [ CACHE ] INIT File
[ info ] [ BEHAVIOR ] Run Closure @app_init [ RunTime:0.002407s ]
[ info ] [ LANG ] /www/wwwroot/default/tpadmin/thinkphp/lang/zh-cn.php
[ info ] [ ROUTE ] array (
  'type' => 'method',
  'method' => 
  array (
    0 => '\\think\\addons\\Route',
    1 => 'execute',
  ),
  'var' => 
  array (
  ),
)
[ info ] [ HEADER ] array (
  'x-requested-with' => 'XMLHttpRequest',
  'x-forwarded-for-pound' => '117.136.12.134',
  'x-forwarded-for' => '117.136.12.134',
  'user-agent' => 'Mozilla/5.0 (Linux; Android 9; HMA-AL00 Build/HUAWEIHMA-AL00; wv) AppleWebKit/537.36 (KHTML, like Gecko) Version/4.0 Chrome/66.0.3359.126 MQQBrowser/6.2 TBS/044704 Mobile Safari/537.36 MMWEBID/2088 MicroMessenger/7.0.4.1420(0x2700043B) Process/tools NetType/4G Language/zh_CN',
  'referer' => 'http://www.changcaizixun.com/',
  'origin' => 'http://www.changcaizixun.com',
  'host' => 'www.changcaizixun.com',
  'cookie' => 'PHPSESSID=rf4b8di2oacjnghd4gbjl0un22',
  'content-type' => 'application/x-www-form-urlencoded; charset=UTF-8',
  'content-length' => '13',
  'connection' => 'close',
  'accept-language' => 'zh-CN,zh-CN;q=0.9,en-US;q=0.8',
  'accept-encoding' => 'gzip',
  'accept' => 'application/json, text/javascript, */*; q=0.01',
)
[ info ] [ PARAM ] array (
  'dataid' => '110100',
  'addon' => 'cms',
  'controller' => 'api',
  'action' => 'getMoresclice',
)
[ info ] [ RUN ] think\addons\Route->execute[ /www/wwwroot/default/tpadmin/vendor/karsonzhang/fastadmin-addons/src/addons/Route.php ]
[ info ] [ LANG ] /www/wwwroot/default/tpadmin/public/../application/common/lang/zh-cn/addon.php
[ info ] [ BEHAVIOR ] Run app\common\behavior\Common @addon_begin [ RunTime:0.001725s ]
[ info ] [ LANG ] /www/wwwroot/default/tpadmin/addons/cms/lang/zh-cn.php
[ info ] [ SESSION ] INIT array (
  'id' => '',
  'var_session_id' => '',
  'prefix' => 'think',
  'type' => '',
  'auto_start' => true,
)
[ info ] [ BEHAVIOR ] Run \addons\qiniu\Qiniu @upload_config_init [ RunTime:0.001241s ]
[ info ] [ DB ] INIT mysql
[ info ] [ LOG ] INIT File
[ sql ] [ DB ] CONNECT:[ UseTime:0.000466s ] mysql:host=127.0.0.1;dbname=fastadmin;charset=utf8
[ sql ] [ SQL ] SHOW COLUMNS FROM `fa_cms_addonchildren` [ RunTime:0.000978s ]
[ sql ] [ SQL ] SELECT b.*,a.* FROM `fa_cms_addonchildren` `a` INNER JOIN `fa_cms_archives` `b` ON `a`.`id`=`b`.`id` WHERE  (  a.city_id=110100 )  AND `b`.`deletetime` IS NULL [ RunTime:0.000780s ]
[ sql ] [ SQL ] SHOW COLUMNS FROM `fa_location` [ RunTime:0.000724s ]
[ sql ] [ SQL ] SELECT * FROM `fa_location` WHERE  (  level=1 )  AND `id` = 110000 LIMIT 1 [ RunTime:0.000271s ]
---------------------------------------------------------------
[ 2019-05-30T23:58:45+08:00 ] 117.136.12.134 GET www.changcaizixun.com/favicon.ico
[运行时间：0.020769s] [吞吐率：48.15req/s] [内存消耗：1,754.17kb] [文件加载：52]
[ info ] [ BEHAVIOR ] Run Closure @app_init [ RunTime:0.000028s ]
[ info ] [ CACHE ] INIT File
[ info ] [ BEHAVIOR ] Run Closure @app_init [ RunTime:0.001853s ]
[ info ] [ LANG ] /www/wwwroot/default/tpadmin/thinkphp/lang/zh-cn.php
[ info ] [ ROUTE ] array (
  'type' => 'module',
  'module' => 
  array (
    0 => 'favicon.ico',
    1 => NULL,
    2 => NULL,
  ),
)
[ info ] [ HEADER ] array (
  'cookie' => 'PHPSESSID=rf4b8di2oacjnghd4gbjl0un22',
  'accept-language' => 'zh-CN,zh-CN;q=0.9,en-US;q=0.8',
  'accept-encoding' => 'gzip, deflate',
  'referer' => 'http://www.changcaizixun.com/',
  'accept' => 'image/webp,image/wxpic,image/sharpp,image/apng,image/tpg,image/*,*/*;q=0.8',
  'user-agent' => 'Mozilla/5.0 (Linux; Android 9; HMA-AL00 Build/HUAWEIHMA-AL00; wv) AppleWebKit/537.36 (KHTML, like Gecko) Version/4.0 Chrome/66.0.3359.126 MQQBrowser/6.2 TBS/044704 Mobile Safari/537.36 MMWEBID/2088 MicroMessenger/7.0.4.1420(0x2700043B) Process/tools NetType/4G Language/zh_CN',
  'connection' => 'keep-alive',
  'host' => 'www.changcaizixun.com',
  'content-type' => '',
  'content-length' => '',
)
[ info ] [ PARAM ] array (
)
[ info ] [ LOG ] INIT File
---------------------------------------------------------------
[ 2019-05-30T23:59:49+08:00 ] 117.136.12.134 GET www.changcaizixun.com/cms/a/104.html
[运行时间：0.058801s] [吞吐率：17.01req/s] [内存消耗：3,966.88kb] [文件加载：94]
[ info ] [ BEHAVIOR ] Run Closure @app_init [ RunTime:0.000028s ]
[ info ] [ CACHE ] INIT File
[ info ] [ BEHAVIOR ] Run Closure @app_init [ RunTime:0.001894s ]
[ info ] [ LANG ] /www/wwwroot/default/tpadmin/thinkphp/lang/zh-cn.php
[ info ] [ ROUTE ] array (
  'type' => 'method',
  'method' => 
  array (
    0 => '\\think\\addons\\Route',
    1 => 'execute',
  ),
  'var' => 
  array (
    'addon' => 'cms',
    'controller' => 'archives',
    'action' => 'index',
  ),
)
[ info ] [ HEADER ] array (
  'x-forwarded-for-pound' => '117.136.12.134',
  'x-forwarded-for' => '117.136.12.134',
  'user-agent' => 'Mozilla/5.0 (Linux; Android 9; HMA-AL00 Build/HUAWEIHMA-AL00; wv) AppleWebKit/537.36 (KHTML, like Gecko) Version/4.0 Chrome/66.0.3359.126 MQQBrowser/6.2 TBS/044704 Mobile Safari/537.36 MMWEBID/2088 MicroMessenger/7.0.4.1420(0x2700043B) Process/tools NetType/4G Language/zh_CN',
  'upgrade-insecure-requests' => '1',
  'referer' => 'http://www.changcaizixun.com/',
  'host' => 'www.changcaizixun.com',
  'cookie' => 'PHPSESSID=rf4b8di2oacjnghd4gbjl0un22',
  'connection' => 'close',
  'accept-language' => 'zh-CN,zh-CN;q=0.9,en-US;q=0.8',
  'accept-encoding' => 'gzip',
  'accept' => 'text/html,application/xhtml+xml,application/xml;q=0.9,image/webp,image/apng,image/wxpic,image/sharpp,image/apng,image/tpg,*/*;q=0.8',
  'content-type' => '',
  'content-length' => '',
)
[ info ] [ PARAM ] array (
  'diyname' => '104',
)
[ info ] [ RUN ] think\addons\Route->execute[ /www/wwwroot/default/tpadmin/vendor/karsonzhang/fastadmin-addons/src/addons/Route.php ]
[ info ] [ LANG ] /www/wwwroot/default/tpadmin/public/../application/common/lang/zh-cn/addon.php
[ info ] [ BEHAVIOR ] Run app\common\behavior\Common @addon_begin [ RunTime:0.001416s ]
[ info ] [ LANG ] /www/wwwroot/default/tpadmin/addons/cms/lang/zh-cn.php
[ info ] [ SESSION ] INIT array (
  'id' => '',
  'var_session_id' => '',
  'prefix' => 'think',
  'type' => '',
  'auto_start' => true,
)
[ info ] [ BEHAVIOR ] Run \addons\qiniu\Qiniu @upload_config_init [ RunTime:0.000894s ]
[ info ] [ DB ] INIT mysql
[ info ] [ VIEW ] /www/wwwroot/default/tpadmin/addons/cms/view/default/show_zhuanjia.html [ array (
  0 => 'config',
  1 => 'user',
  2 => 'site',
  3 => '__CHANNEL__',
  4 => '__ARCHIVES__',
) ]
[ info ] [ LOG ] INIT File
[ sql ] [ DB ] CONNECT:[ UseTime:0.000371s ] mysql:host=127.0.0.1;dbname=fastadmin;charset=utf8
[ sql ] [ SQL ] SHOW COLUMNS FROM `fa_cms_channel` [ RunTime:0.001015s ]
[ sql ] [ SQL ] SHOW COLUMNS FROM `fa_cms_archives` [ RunTime:0.000791s ]
[ sql ] [ SQL ] SELECT * FROM `fa_cms_archives` WHERE  `id` = 104 LIMIT 1 [ RunTime:0.000350s ]
[ sql ] [ SQL ] SELECT `id`,`name`,`image`,`diyname`,`items` FROM `fa_cms_channel` WHERE  `id` = 63 [ RunTime:0.000219s ]
[ sql ] [ SQL ] SELECT * FROM `fa_cms_channel` WHERE  `id` = 63 LIMIT 1 [ RunTime:0.000275s ]
[ sql ] [ SQL ] SHOW COLUMNS FROM `fa_cms_model` [ RunTime:0.000754s ]
[ sql ] [ SQL ] SHOW COLUMNS FROM `fa_cms_addonexperts` [ RunTime:0.000740s ]
[ sql ] [ SQL ] SELECT * FROM `fa_cms_addonexperts` WHERE  `id` = 104 LIMIT 1 [ RunTime:0.000256s ]
[ sql ] [ SQL ] UPDATE `fa_cms_archives`  SET `views`=`views`+1  WHERE  `id` = 104 [ RunTime:0.005833s ]
[ sql ] [ SQL ] SELECT `id`,`name`,`image`,`diyname`,`items` FROM `fa_cms_channel` WHERE  `id` IN (63) [ RunTime:0.000381s ]
[ sql ] [ SQL ] SHOW COLUMNS FROM `fa_cms_kecheng` [ RunTime:0.000987s ]
[ sql ] [ SQL ] SHOW COLUMNS FROM `fa_experts_kecheng` [ RunTime:0.000767s ]
[ sql ] [ SQL ] SELECT `chanpin`.`id` FROM `fa_cms_kecheng` `kecheng` LEFT JOIN `fa_cms_archives` `chanpin` ON `kecheng`.`chanpin_id`=`chanpin`.`id` WHERE  `kecheng`.`channel_id` = ( SELECT `id` FROM `fa_cms_channel` WHERE  `diyname` = 'chanpinyufuw' )  AND `kecheng`.`id` IN ( SELECT `kecheng_id` FROM `fa_experts_kecheng` WHERE  `experts_id` = 104 ) GROUP BY `chanpin`.`id` ORDER BY `id` ASC [ RunTime:0.000495s ]
[ sql ] [ SQL ] SELECT * FROM `fa_cms_archives` WHERE (  (  `id` IN ('') ) ) AND `fa_cms_archives`.`deletetime` IS NULL LIMIT 2 [ RunTime:0.000283s ]
[ error ] [8]Use of undefined constant qrcode - assumed 'qrcode'[/www/wwwroot/default/tpadmin/runtime/temp/a6d59aa6bd8896e72d4f0653cc710e03.php:253]
---------------------------------------------------------------
[ 2019-05-30T23:59:51+08:00 ] 40.77.167.96 GET www.changcaizixun.com/NewsInfo.aspx?Id=1372
[运行时间：0.025894s] [吞吐率：38.62req/s] [内存消耗：1,753.52kb] [文件加载：52]
[ info ] [ BEHAVIOR ] Run Closure @app_init [ RunTime:0.000032s ]
[ info ] [ CACHE ] INIT File
[ info ] [ BEHAVIOR ] Run Closure @app_init [ RunTime:0.002814s ]
[ info ] [ LANG ] /www/wwwroot/default/tpadmin/thinkphp/lang/zh-cn.php
[ info ] [ ROUTE ] array (
  'type' => 'module',
  'module' => 
  array (
    0 => 'NewsInfo.aspx',
    1 => NULL,
    2 => NULL,
  ),
)
[ info ] [ HEADER ] array (
  'user-agent' => 'Mozilla/5.0 (compatible; bingbot/2.0; +http://www.bing.com/bingbot.htm)',
  'host' => 'www.changcaizixun.com',
  'from' => 'bingbot(at)microsoft.com',
  'accept-encoding' => 'gzip, deflate',
  'accept' => '*/*',
  'pragma' => 'no-cache',
  'connection' => 'Keep-Alive',
  'cache-control' => 'no-cache',
  'content-type' => '',
  'content-length' => '',
)
[ info ] [ PARAM ] array (
  'Id' => '1372',
)
[ info ] [ LOG ] INIT File
